<?xml version="1.0" encoding="utf-8"?>
<TestRun id="11bfb7b6-63b5-4b2e-9f1f-2434a3939366" name="@iMac-de-Bruno 2025-09-25 19:08:29" xmlns="http://microsoft.com/schemas/VisualStudio/TeamTest/2010">
  <Times creation="2025-09-25T19:08:29.0576960-03:00" queuing="2025-09-25T19:08:29.0576960-03:00" start="2025-09-25T19:08:28.0139390-03:00" finish="2025-09-25T19:08:34.0972130-03:00" />
  <TestSettings name="default" id="3bbd9d5a-2ba2-4582-9388-d9c527972c6c">
    <Deployment runDeploymentRoot="_iMac-de-Bruno_2025-09-25_19_08_29" />
  </TestSettings>
  <Results>
    <UnitTestResult executionId="09443436-1c0e-4064-95aa-448b658c5612" testId="edcaa81b-5da7-b2f8-7b08-62b73bfcfb3b" testName="UserService.UnitTest.Application.Dtos.Responses.LoginUserResponseTests.LoginUserResponse_ComExpiresInPositivo_DevePermitirAtribuicao(expiresIn: 7200)" computerName="iMac-de-Bruno" duration="00:00:00.0048164" startTime="2025-09-25T19:08:29.3426190-03:00" endTime="2025-09-25T19:08:29.3426190-03:00" testType="13cdc9d9-ddb5-4fa4-a97d-d965ccfc6d4b" outcome="Passed" testListId="8c84fa94-04c1-424b-9868-57a2d4851a1d" relativeResultsDirectory="09443436-1c0e-4064-95aa-448b658c5612" />
    <UnitTestResult executionId="e2cf0be4-9bb8-4386-95c5-596cf150ac44" testId="8e65df34-fb75-1ca3-79e1-1466c62e6424" testName="UserService.UnitTest.Application.Services.KeycloakServiceTests.CreateUserAsync_QuandoUsuarioJaExiste_DeveLancarKeycloakException" computerName="iMac-de-Bruno" duration="00:00:00.0100556" startTime="2025-09-25T19:08:29.4814940-03:00" endTime="2025-09-25T19:08:29.4814940-03:00" testType="13cdc9d9-ddb5-4fa4-a97d-d965ccfc6d4b" outcome="Passed" testListId="8c84fa94-04c1-424b-9868-57a2d4851a1d" relativeResultsDirectory="e2cf0be4-9bb8-4386-95c5-596cf150ac44" />
    <UnitTestResult executionId="09136165-15f0-41d0-b085-889f1eca1f90" testId="27c79a35-e4d6-9afe-a6d3-d329dddd2aab" testName="UserService.UnitTest.Application.Commands.CreateUserCommandTests.CriarComando_ComValoresPadrao_DeveInicializarPropriedadesVazias" computerName="iMac-de-Bruno" duration="00:00:00.0007470" startTime="2025-09-25T19:08:28.9926360-03:00" endTime="2025-09-25T19:08:28.9926360-03:00" testType="13cdc9d9-ddb5-4fa4-a97d-d965ccfc6d4b" outcome="Passed" testListId="8c84fa94-04c1-424b-9868-57a2d4851a1d" relativeResultsDirectory="09136165-15f0-41d0-b085-889f1eca1f90" />
    <UnitTestResult executionId="e70075c5-9e97-4ab8-bfac-758343b9ac99" testId="4aaa9357-1d22-5091-fa57-cbefdb70b12e" testName="UserService.UnitTest.Application.Dtos.Requests.CreateUserRequestTests.CreateUserRequest_ComDiferentesCombinacoesDeDados_DeveDefinirPropriedadesCorretamente(email: &quot;user@example.com&quot;, password: &quot;Password123!&quot;, firstName: &quot;João&quot;, lastName: &quot;Silva&quot;, newsletterOptIn: True)" computerName="iMac-de-Bruno" duration="00:00:00.0025706" startTime="2025-09-25T19:08:29.0531570-03:00" endTime="2025-09-25T19:08:29.0531570-03:00" testType="13cdc9d9-ddb5-4fa4-a97d-d965ccfc6d4b" outcome="Passed" testListId="8c84fa94-04c1-424b-9868-57a2d4851a1d" relativeResultsDirectory="e70075c5-9e97-4ab8-bfac-758343b9ac99" />
    <UnitTestResult executionId="6a669578-08ed-45aa-bf60-9bdda8ef2b13" testId="4981f8ca-67b0-28b7-16fb-bd68d0fadc37" testName="UserService.UnitTest.Application.Dtos.Requests.CreateUserRequestTests.CreateUserRequest_ComSenhaNula_DevePermitirAtribuicao" computerName="iMac-de-Bruno" duration="00:00:00.0085390" startTime="2025-09-25T19:08:29.0237630-03:00" endTime="2025-09-25T19:08:29.0237630-03:00" testType="13cdc9d9-ddb5-4fa4-a97d-d965ccfc6d4b" outcome="Passed" testListId="8c84fa94-04c1-424b-9868-57a2d4851a1d" relativeResultsDirectory="6a669578-08ed-45aa-bf60-9bdda8ef2b13" />
    <UnitTestResult executionId="710b5761-1405-4347-9d39-34160030fbf4" testId="4d1201e1-a22a-3599-02cd-1e29c29de1df" testName="UserService.UnitTest.Domain.UserTests.Usuario_QuandoEmailVerificado_DeveDefinirTempoVerificacao" computerName="iMac-de-Bruno" duration="00:00:00.1631756" startTime="2025-09-25T19:08:29.0808950-03:00" endTime="2025-09-25T19:08:29.0808950-03:00" testType="13cdc9d9-ddb5-4fa4-a97d-d965ccfc6d4b" outcome="Passed" testListId="8c84fa94-04c1-424b-9868-57a2d4851a1d" relativeResultsDirectory="710b5761-1405-4347-9d39-34160030fbf4" />
    <UnitTestResult executionId="5dc947c4-866d-424b-828c-9e25ae651c16" testId="c08ccbd0-b0b1-8315-a738-556c67c488ab" testName="UserService.UnitTest.Application.Dtos.Responses.CreateUserResponseTests.CreateUserResponse_ComDataAtual_DeveDefinirCorretamente" computerName="iMac-de-Bruno" duration="00:00:00.0110414" startTime="2025-09-25T19:08:29.0140740-03:00" endTime="2025-09-25T19:08:29.0140740-03:00" testType="13cdc9d9-ddb5-4fa4-a97d-d965ccfc6d4b" outcome="Passed" testListId="8c84fa94-04c1-424b-9868-57a2d4851a1d" relativeResultsDirectory="5dc947c4-866d-424b-828c-9e25ae651c16" />
    <UnitTestResult executionId="0618d5a0-5727-4926-ac47-7abb429fcc67" testId="b9ac6a1b-ee8a-094a-ffba-407fb51c3368" testName="UserService.UnitTest.Application.Dtos.Requests.LoginUserRequestTests.LoginUserRequest_ComSenhaVaziaOuEspacos_DevePermitirAtribuicao(password: &quot; &quot;)" computerName="iMac-de-Bruno" duration="00:00:00.0031365" startTime="2025-09-25T19:08:29.2026810-03:00" endTime="2025-09-25T19:08:29.2026810-03:00" testType="13cdc9d9-ddb5-4fa4-a97d-d965ccfc6d4b" outcome="Passed" testListId="8c84fa94-04c1-424b-9868-57a2d4851a1d" relativeResultsDirectory="0618d5a0-5727-4926-ac47-7abb429fcc67" />
    <UnitTestResult executionId="e31f809f-7d28-4c36-b323-c87481e37c6e" testId="321b1e81-3b6f-125b-b35e-2cc7a19e0114" testName="UserService.UnitTest.Application.Commands.CreateUserCommandHandlerTests.Handle_QuandoKeycloakFalha_DeveRetornarErroSemCriarUsuarioNoBanco" computerName="iMac-de-Bruno" duration="00:00:00.0116180" startTime="2025-09-25T19:08:30.3087140-03:00" endTime="2025-09-25T19:08:30.3087140-03:00" testType="13cdc9d9-ddb5-4fa4-a97d-d965ccfc6d4b" outcome="Passed" testListId="8c84fa94-04c1-424b-9868-57a2d4851a1d" relativeResultsDirectory="e31f809f-7d28-4c36-b323-c87481e37c6e" />
    <UnitTestResult executionId="b5646d49-6c06-426f-882c-21c5a08ab39b" testId="90c63f74-3282-2911-4a3a-7a9b7bbc7867" testName="UserService.UnitTest.Application.Dtos.Keycloak.CreateUserKeycloakTests.CreateUserKeycloak_ComEmailVazioOuEspacos_DevePermitirCriacao(email: &quot;&quot;)" computerName="iMac-de-Bruno" duration="00:00:00.0107945" startTime="2025-09-25T19:08:29.0120150-03:00" endTime="2025-09-25T19:08:29.0120150-03:00" testType="13cdc9d9-ddb5-4fa4-a97d-d965ccfc6d4b" outcome="Passed" testListId="8c84fa94-04c1-424b-9868-57a2d4851a1d" relativeResultsDirectory="b5646d49-6c06-426f-882c-21c5a08ab39b" />
    <UnitTestResult executionId="bf310f10-2dc6-4f11-a3b1-3b3384fd72a9" testId="579b5bed-355d-f06a-3878-0843fd9bf111" testName="UserService.UnitTest.Domain.UserAddressExtensionsTests.ObterEnderecoFormatado_QuandoComplementoEspacosVazios_DeveRetornarEnderecoFormatadoSemComplemento" computerName="iMac-de-Bruno" duration="00:00:00.0019002" startTime="2025-09-25T19:08:29.2641220-03:00" endTime="2025-09-25T19:08:29.2641220-03:00" testType="13cdc9d9-ddb5-4fa4-a97d-d965ccfc6d4b" outcome="Passed" testListId="8c84fa94-04c1-424b-9868-57a2d4851a1d" relativeResultsDirectory="bf310f10-2dc6-4f11-a3b1-3b3384fd72a9" />
    <UnitTestResult executionId="5f1c08b1-0805-47a7-9be4-c4a8a2c5ce14" testId="3d0f690d-1546-6c6f-ab8b-cba4d994071b" testName="UserService.UnitTest.Application.Dtos.Responses.CreateUserResponseTests.CreateUserResponse_ComDiferentesCombinacoesDeDados_DeveDefinirPropriedadesCorretamente(email: &quot;admin@company.net&quot;, firstName: &quot;Pedro&quot;, lastName: &quot;Oliveira&quot;, phoneNumber: &quot;31777777777&quot;)" computerName="iMac-de-Bruno" duration="00:00:00.0077339" startTime="2025-09-25T19:08:29.0476250-03:00" endTime="2025-09-25T19:08:29.0476250-03:00" testType="13cdc9d9-ddb5-4fa4-a97d-d965ccfc6d4b" outcome="Passed" testListId="8c84fa94-04c1-424b-9868-57a2d4851a1d" relativeResultsDirectory="5f1c08b1-0805-47a7-9be4-c4a8a2c5ce14" />
    <UnitTestResult executionId="fc8ff61f-82bf-409e-b114-2c85c06145a1" testId="4436b52f-e223-af1e-ebed-65a03d230b7b" testName="UserService.UnitTest.Application.Dtos.Responses.LoginUserResponseTests.LoginUserResponse_ComExpiresInPositivo_DevePermitirAtribuicao(expiresIn: 86400)" computerName="iMac-de-Bruno" duration="00:00:00.0145211" startTime="2025-09-25T19:08:29.3434940-03:00" endTime="2025-09-25T19:08:29.3434940-03:00" testType="13cdc9d9-ddb5-4fa4-a97d-d965ccfc6d4b" outcome="Passed" testListId="8c84fa94-04c1-424b-9868-57a2d4851a1d" relativeResultsDirectory="fc8ff61f-82bf-409e-b114-2c85c06145a1" />
    <UnitTestResult executionId="b0c3fced-2550-4494-8dab-4c51515ac509" testId="8b4feff8-524d-e5f0-2b1a-0eced3e687c2" testName="UserService.UnitTest.Application.Services.PasswordEncripterTests.VerifyPassword_ComDiferentesCombinacoes_DeveRetornarResultadoCorreto(originalPassword: &quot;P@ssw0rd!&quot;, testPassword: &quot;P@ssw0rd?&quot;, expectedResult: False)" computerName="iMac-de-Bruno" duration="00:00:00.2605006" startTime="2025-09-25T19:08:31.0252620-03:00" endTime="2025-09-25T19:08:31.0252620-03:00" testType="13cdc9d9-ddb5-4fa4-a97d-d965ccfc6d4b" outcome="Passed" testListId="8c84fa94-04c1-424b-9868-57a2d4851a1d" relativeResultsDirectory="b0c3fced-2550-4494-8dab-4c51515ac509" />
    <UnitTestResult executionId="fd00d29e-b425-4a76-8d78-2921847e1e0d" testId="e17b7cb9-2e37-5171-bf20-8e757d62d918" testName="UserService.UnitTest.Application.Commands.LoginUserCommandTests.CriarComando_ComSenhaNula_DevePermitirAtribuicao" computerName="iMac-de-Bruno" duration="00:00:00.0001474" startTime="2025-09-25T19:08:28.9921200-03:00" endTime="2025-09-25T19:08:28.9921200-03:00" testType="13cdc9d9-ddb5-4fa4-a97d-d965ccfc6d4b" outcome="Passed" testListId="8c84fa94-04c1-424b-9868-57a2d4851a1d" relativeResultsDirectory="fd00d29e-b425-4a76-8d78-2921847e1e0d" />
    <UnitTestResult executionId="f069248c-ec46-4191-b8f5-d63956966780" testId="8ad9e2fc-bb4a-628d-20d6-9b682849afbc" testName="UserService.UnitTest.Application.Dtos.Keycloak.CreateUserKeycloakTests.CreateUserKeycloak_DeveSerRecord_ComIgualdadeCorreta" computerName="iMac-de-Bruno" duration="00:00:00.0228059" startTime="2025-09-25T19:08:29.2263360-03:00" endTime="2025-09-25T19:08:29.2263360-03:00" testType="13cdc9d9-ddb5-4fa4-a97d-d965ccfc6d4b" outcome="Passed" testListId="8c84fa94-04c1-424b-9868-57a2d4851a1d" relativeResultsDirectory="f069248c-ec46-4191-b8f5-d63956966780" />
    <UnitTestResult executionId="6498c79b-070f-4df2-8e5e-8a8098457dfa" testId="11dec80e-4942-7ddf-1040-87ce1993a7ec" testName="UserService.UnitTest.Application.Dtos.Keycloak.CreateUserKeycloakTests.CreateUserKeycloak_ComSenhaLonga_DevePermitirCriacao" computerName="iMac-de-Bruno" duration="00:00:00.0084195" startTime="2025-09-25T19:08:29.2493410-03:00" endTime="2025-09-25T19:08:29.2493420-03:00" testType="13cdc9d9-ddb5-4fa4-a97d-d965ccfc6d4b" outcome="Passed" testListId="8c84fa94-04c1-424b-9868-57a2d4851a1d" relativeResultsDirectory="6498c79b-070f-4df2-8e5e-8a8098457dfa" />
    <UnitTestResult executionId="fb60178a-cffa-4c1a-b8f6-7e2107b120a6" testId="52610562-4e87-9bc0-3f6e-3a8d1eb26cfc" testName="UserService.UnitTest.Domain.UserExtensionsTests.EstaAtivo_QuandoUsuarioBanido_DeveRetornarFalso" computerName="iMac-de-Bruno" duration="00:00:00.0269138" startTime="2025-09-25T19:08:29.1171810-03:00" endTime="2025-09-25T19:08:29.1171810-03:00" testType="13cdc9d9-ddb5-4fa4-a97d-d965ccfc6d4b" outcome="Passed" testListId="8c84fa94-04c1-424b-9868-57a2d4851a1d" relativeResultsDirectory="fb60178a-cffa-4c1a-b8f6-7e2107b120a6" />
    <UnitTestResult executionId="d52473cb-cddc-4d56-bc0c-8e235c0f8436" testId="5a16a19d-db28-a783-60f7-38ea9759e1ca" testName="UserService.UnitTest.Application.Dtos.Keycloak.LoginUserKeycloakTests.LoginUserKeycloak_ComEmailsDeComprimentosVariados_DevePermitirCriacao" computerName="iMac-de-Bruno" duration="00:00:00.0070641" startTime="2025-09-25T19:08:29.3802640-03:00" endTime="2025-09-25T19:08:29.3802640-03:00" testType="13cdc9d9-ddb5-4fa4-a97d-d965ccfc6d4b" outcome="Passed" testListId="8c84fa94-04c1-424b-9868-57a2d4851a1d" relativeResultsDirectory="d52473cb-cddc-4d56-bc0c-8e235c0f8436" />
    <UnitTestResult executionId="b570b7db-c1c7-41f4-a941-473950b4625b" testId="754684df-2078-e9d9-05ec-2216a102cf01" testName="UserService.UnitTest.Application.Commands.CreateUserCommandHandlerTests.Handle_ComDiferentesNomes_DeveCriarUsuarioCorretamente(firstName: &quot;Maria&quot;, lastName: &quot;Santos&quot;, email: &quot;maria@teste.com&quot;)" computerName="iMac-de-Bruno" duration="00:00:00.0134025" startTime="2025-09-25T19:08:30.2549560-03:00" endTime="2025-09-25T19:08:30.2549560-03:00" testType="13cdc9d9-ddb5-4fa4-a97d-d965ccfc6d4b" outcome="Passed" testListId="8c84fa94-04c1-424b-9868-57a2d4851a1d" relativeResultsDirectory="b570b7db-c1c7-41f4-a941-473950b4625b" />
    <UnitTestResult executionId="724e1592-16eb-440c-a3b4-9943ce22a874" testId="9587565c-e707-a92a-0a82-b6d084a96cdd" testName="UserService.UnitTest.Domain.UserTests.Usuario_QuandoTelefoneDefinido_DeveAceitarFormatoValido" computerName="iMac-de-Bruno" duration="00:00:00.0113542" startTime="2025-09-25T19:08:29.3697230-03:00" endTime="2025-09-25T19:08:29.3697230-03:00" testType="13cdc9d9-ddb5-4fa4-a97d-d965ccfc6d4b" outcome="Passed" testListId="8c84fa94-04c1-424b-9868-57a2d4851a1d" relativeResultsDirectory="724e1592-16eb-440c-a3b4-9943ce22a874" />
    <UnitTestResult executionId="fbda71b7-2201-4305-ab27-1f4318761ba9" testId="411ae6e3-411d-bed2-74f1-79868b4b9025" testName="UserService.UnitTest.Application.Dtos.Keycloak.CreateUserKeycloakTests.CreateUserKeycloak_ComEmailNulo_DevePermitirCriacao" computerName="iMac-de-Bruno" duration="00:00:00.0086981" startTime="2025-09-25T19:08:29.2377810-03:00" endTime="2025-09-25T19:08:29.2377810-03:00" testType="13cdc9d9-ddb5-4fa4-a97d-d965ccfc6d4b" outcome="Passed" testListId="8c84fa94-04c1-424b-9868-57a2d4851a1d" relativeResultsDirectory="fbda71b7-2201-4305-ab27-1f4318761ba9" />
    <UnitTestResult executionId="02860198-da7c-4153-950e-e3e8565f54f7" testId="e33addc7-21b5-57ef-72f7-0fff7fcb126d" testName="UserService.UnitTest.Application.Dtos.Keycloak.CreateUserKeycloakTests.CreateUserKeycloak_ComDiferentesValoresEnabled_DeveDefinirCorretamente(enabled: False)" computerName="iMac-de-Bruno" duration="00:00:00.0077171" startTime="2025-09-25T19:08:29.2001310-03:00" endTime="2025-09-25T19:08:29.2001320-03:00" testType="13cdc9d9-ddb5-4fa4-a97d-d965ccfc6d4b" outcome="Passed" testListId="8c84fa94-04c1-424b-9868-57a2d4851a1d" relativeResultsDirectory="02860198-da7c-4153-950e-e3e8565f54f7" />
    <UnitTestResult executionId="b9900045-45df-4e29-806a-c3962506ed22" testId="a655f03f-04ab-3f43-8793-397ba77d999a" testName="UserService.UnitTest.Application.Services.PasswordEncripterTests.EncryptPassword_ComCaracteresUnicode_DeveProcessarCorretamente" computerName="iMac-de-Bruno" duration="00:00:00.2595951" startTime="2025-09-25T19:08:32.9828320-03:00" endTime="2025-09-25T19:08:32.9828320-03:00" testType="13cdc9d9-ddb5-4fa4-a97d-d965ccfc6d4b" outcome="Passed" testListId="8c84fa94-04c1-424b-9868-57a2d4851a1d" relativeResultsDirectory="b9900045-45df-4e29-806a-c3962506ed22" />
    <UnitTestResult executionId="29486742-99a1-4c23-ac05-51b9bc9969df" testId="64e1aecb-9e30-c5d0-5a75-78b9e973ebdf" testName="UserService.UnitTest.Application.Dtos.Keycloak.LoginUserKeycloakTests.LoginUserKeycloak_ComCaracteresEspeciaisNoEmail_DevePermitirCriacao" computerName="iMac-de-Bruno" duration="00:00:00.0120628" startTime="2025-09-25T19:08:29.3419280-03:00" endTime="2025-09-25T19:08:29.3419280-03:00" testType="13cdc9d9-ddb5-4fa4-a97d-d965ccfc6d4b" outcome="Passed" testListId="8c84fa94-04c1-424b-9868-57a2d4851a1d" relativeResultsDirectory="29486742-99a1-4c23-ac05-51b9bc9969df" />
    <UnitTestResult executionId="ba02da0f-b094-4019-b3fd-8ae853424dda" testId="b0f95758-67ad-2207-a23b-1a1ecc3898ca" testName="UserService.UnitTest.Application.Services.PasswordEncripterTests.EncryptPassword_ComMesmaSenha_DeveGerarHashesDiferentes" computerName="iMac-de-Bruno" duration="00:00:00.2598610" startTime="2025-09-25T19:08:33.7728560-03:00" endTime="2025-09-25T19:08:33.7728570-03:00" testType="13cdc9d9-ddb5-4fa4-a97d-d965ccfc6d4b" outcome="Passed" testListId="8c84fa94-04c1-424b-9868-57a2d4851a1d" relativeResultsDirectory="ba02da0f-b094-4019-b3fd-8ae853424dda" />
    <UnitTestResult executionId="ca3b1522-21d5-4191-9151-5384b2f0afff" testId="91a43f25-3310-9dee-b091-2cf37d2dd2a2" testName="UserService.UnitTest.Application.Dtos.Requests.CreateUserRequestTests.CreateUserRequest_ComSenhaVaziaOuEspacos_DevePermitirAtribuicao(password: &quot;&quot;)" computerName="iMac-de-Bruno" duration="00:00:00.0041900" startTime="2025-09-25T19:08:29.0270780-03:00" endTime="2025-09-25T19:08:29.0270790-03:00" testType="13cdc9d9-ddb5-4fa4-a97d-d965ccfc6d4b" outcome="Passed" testListId="8c84fa94-04c1-424b-9868-57a2d4851a1d" relativeResultsDirectory="ca3b1522-21d5-4191-9151-5384b2f0afff" />
    <UnitTestResult executionId="69df6356-37ba-49a5-9704-7ca27dd087af" testId="762466d0-457e-6010-61fb-66fa35b7091d" testName="UserService.UnitTest.Application.Dtos.Requests.LoginUserRequestTests.LoginUserRequest_ComDiferentesCombinacoesDeDados_DeveDefinirPropriedadesCorretamente(email: &quot;test@example.com&quot;, password: &quot;password123&quot;)" computerName="iMac-de-Bruno" duration="00:00:00.0021351" startTime="2025-09-25T19:08:29.1804520-03:00" endTime="2025-09-25T19:08:29.1804530-03:00" testType="13cdc9d9-ddb5-4fa4-a97d-d965ccfc6d4b" outcome="Passed" testListId="8c84fa94-04c1-424b-9868-57a2d4851a1d" relativeResultsDirectory="69df6356-37ba-49a5-9704-7ca27dd087af" />
    <UnitTestResult executionId="f630676e-7e50-4e06-8573-afa34ca72e1b" testId="4b5865a6-7130-4ee3-4f6a-51455f5ae41c" testName="UserService.UnitTest.Application.Dtos.Responses.LoginUserResponseTests.LoginUserResponse_ComTokenTypeVazioOuEspacos_DevePermitirAtribuicao(tokenType: &quot;&quot;)" computerName="iMac-de-Bruno" duration="00:00:00.0023130" startTime="2025-09-25T19:08:29.3822660-03:00" endTime="2025-09-25T19:08:29.3822670-03:00" testType="13cdc9d9-ddb5-4fa4-a97d-d965ccfc6d4b" outcome="Passed" testListId="8c84fa94-04c1-424b-9868-57a2d4851a1d" relativeResultsDirectory="f630676e-7e50-4e06-8573-afa34ca72e1b" />
    <UnitTestResult executionId="0b8da245-720c-4421-9f53-ed54dda46893" testId="db4284d8-875f-34c1-8ceb-995f4fcededb" testName="UserService.UnitTest.Application.Dtos.Requests.LoginUserRequestTests.LoginUserRequest_ComModificacaoAposInicializacao_DevePermitirAlteracao" computerName="iMac-de-Bruno" duration="00:00:00.0035939" startTime="2025-09-25T19:08:29.1361100-03:00" endTime="2025-09-25T19:08:29.1361100-03:00" testType="13cdc9d9-ddb5-4fa4-a97d-d965ccfc6d4b" outcome="Passed" testListId="8c84fa94-04c1-424b-9868-57a2d4851a1d" relativeResultsDirectory="0b8da245-720c-4421-9f53-ed54dda46893" />
    <UnitTestResult executionId="ea9dc4ed-03ed-4db8-a235-2da26c9d2874" testId="a59e1625-fe42-9ffa-bcbd-f929f28211e5" testName="UserService.UnitTest.Application.Dtos.Keycloak.LoginUserKeycloakTests.LoginUserKeycloak_ComSenhaVaziaOuEspacos_DevePermitirCriacao(password: &quot;&quot;)" computerName="iMac-de-Bruno" duration="00:00:00.0032507" startTime="2025-09-25T19:08:29.3457860-03:00" endTime="2025-09-25T19:08:29.3457860-03:00" testType="13cdc9d9-ddb5-4fa4-a97d-d965ccfc6d4b" outcome="Passed" testListId="8c84fa94-04c1-424b-9868-57a2d4851a1d" relativeResultsDirectory="ea9dc4ed-03ed-4db8-a235-2da26c9d2874" />
    <UnitTestResult executionId="b247ae63-281c-4376-acd5-a809a0c931f3" testId="0af16215-3a39-209d-efb8-6a04305b77c8" testName="UserService.UnitTest.Application.Dtos.Requests.CreateUserRequestTests.CreateUserRequest_ComDiferentesValoresNewsletterOptIn_DeveDefinirCorretamente(newsletterOptIn: False)" computerName="iMac-de-Bruno" duration="00:00:00.0024893" startTime="2025-09-25T19:08:29.0809460-03:00" endTime="2025-09-25T19:08:29.0809470-03:00" testType="13cdc9d9-ddb5-4fa4-a97d-d965ccfc6d4b" outcome="Passed" testListId="8c84fa94-04c1-424b-9868-57a2d4851a1d" relativeResultsDirectory="b247ae63-281c-4376-acd5-a809a0c931f3" />
    <UnitTestResult executionId="5763313f-0e23-4cff-a435-f63bed97f241" testId="faefb261-f41f-8e5b-71a1-227183d9ce70" testName="UserService.UnitTest.Application.Dtos.Responses.LoginUserResponseTests.LoginUserResponse_ComDadosGeradosPorFaker_DeveDefinirPropriedadesCorretamente" computerName="iMac-de-Bruno" duration="00:00:00.0086259" startTime="2025-09-25T19:08:29.4174970-03:00" endTime="2025-09-25T19:08:29.4174970-03:00" testType="13cdc9d9-ddb5-4fa4-a97d-d965ccfc6d4b" outcome="Passed" testListId="8c84fa94-04c1-424b-9868-57a2d4851a1d" relativeResultsDirectory="5763313f-0e23-4cff-a435-f63bed97f241" />
    <UnitTestResult executionId="7c0bd6ae-4d4c-48ae-9bd3-eab55c996824" testId="fe2188a3-a528-1695-0a18-13de35ee7b3e" testName="UserService.UnitTest.Application.Dtos.Keycloak.CreateUserKeycloakTests.CreateUserKeycloak_ComSenhaVaziaOuEspacos_DevePermitirCriacao(password: &quot;   &quot;)" computerName="iMac-de-Bruno" duration="00:00:00.0084784" startTime="2025-09-25T19:08:29.1870890-03:00" endTime="2025-09-25T19:08:29.1870890-03:00" testType="13cdc9d9-ddb5-4fa4-a97d-d965ccfc6d4b" outcome="Passed" testListId="8c84fa94-04c1-424b-9868-57a2d4851a1d" relativeResultsDirectory="7c0bd6ae-4d4c-48ae-9bd3-eab55c996824" />
    <UnitTestResult executionId="0cd970f0-a7b9-4a15-b009-bd5ce12d8a65" testId="c4ff8b3d-e919-3d50-b132-1b2dbc4179a6" testName="UserService.UnitTest.Domain.UserExtensionsTests.ObterNomeCompleto_QuandoNomesComEspacosExtras_DeveRetornarResultadoLimpo" computerName="iMac-de-Bruno" duration="00:00:00.0178705" startTime="2025-09-25T19:08:29.1772020-03:00" endTime="2025-09-25T19:08:29.1772020-03:00" testType="13cdc9d9-ddb5-4fa4-a97d-d965ccfc6d4b" outcome="Passed" testListId="8c84fa94-04c1-424b-9868-57a2d4851a1d" relativeResultsDirectory="0cd970f0-a7b9-4a15-b009-bd5ce12d8a65" />
    <UnitTestResult executionId="3b2aca58-e440-4de1-9385-7923be348add" testId="c755b11b-f466-4e23-50af-e38908de93f6" testName="UserService.UnitTest.Domain.UserExtensionsTests.ObterNomeCompleto_QuandoApenasUltimoNome_DeveRetornarUltimoNomeLimpo" computerName="iMac-de-Bruno" duration="00:00:00.0236051" startTime="2025-09-25T19:08:29.1592300-03:00" endTime="2025-09-25T19:08:29.1592300-03:00" testType="13cdc9d9-ddb5-4fa4-a97d-d965ccfc6d4b" outcome="Passed" testListId="8c84fa94-04c1-424b-9868-57a2d4851a1d" relativeResultsDirectory="3b2aca58-e440-4de1-9385-7923be348add" />
    <UnitTestResult executionId="ad80516e-a4f4-4ab3-bf1b-c71203789b67" testId="7eae36c3-ee24-af2b-4dea-08e2bb1fce66" testName="UserService.UnitTest.Application.Dtos.Keycloak.LoginUserKeycloakTests.LoginUserKeycloak_ComTodosValoresVazios_DevePermitirCriacao" computerName="iMac-de-Bruno" duration="00:00:00.0152409" startTime="2025-09-25T19:08:29.1183140-03:00" endTime="2025-09-25T19:08:29.1183140-03:00" testType="13cdc9d9-ddb5-4fa4-a97d-d965ccfc6d4b" outcome="Passed" testListId="8c84fa94-04c1-424b-9868-57a2d4851a1d" relativeResultsDirectory="ad80516e-a4f4-4ab3-bf1b-c71203789b67" />
    <UnitTestResult executionId="640983ba-6da5-4f19-b8f4-15d84cb7b772" testId="d25a2280-e4df-068e-ba83-2e9ea0e06963" testName="UserService.UnitTest.Application.Commands.LoginUserCommandTests.CriarComando_ComSenhaVazia_DevePermitirAtribuicao" computerName="iMac-de-Bruno" duration="00:00:00.0003149" startTime="2025-09-25T19:08:28.9923030-03:00" endTime="2025-09-25T19:08:28.9923030-03:00" testType="13cdc9d9-ddb5-4fa4-a97d-d965ccfc6d4b" outcome="Passed" testListId="8c84fa94-04c1-424b-9868-57a2d4851a1d" relativeResultsDirectory="640983ba-6da5-4f19-b8f4-15d84cb7b772" />
    <UnitTestResult executionId="1286667b-9599-4de6-9bda-8c23f1d52fe0" testId="f7068f37-243f-6241-9d48-0587635c77e0" testName="UserService.UnitTest.Application.Dtos.Keycloak.CreateUserKeycloakTests.CreateUserKeycloak_ComSenhaVaziaOuEspacos_DevePermitirCriacao(password: &quot; &quot;)" computerName="iMac-de-Bruno" duration="00:00:00.0024202" startTime="2025-09-25T19:08:29.1924870-03:00" endTime="2025-09-25T19:08:29.1924870-03:00" testType="13cdc9d9-ddb5-4fa4-a97d-d965ccfc6d4b" outcome="Passed" testListId="8c84fa94-04c1-424b-9868-57a2d4851a1d" relativeResultsDirectory="1286667b-9599-4de6-9bda-8c23f1d52fe0" />
    <UnitTestResult executionId="dc23c5b9-1d5c-426f-823e-129d49a58881" testId="f926bebb-7b15-fc0a-b671-c48777b3d530" testName="UserService.UnitTest.Application.Dtos.Keycloak.CreateUserKeycloakTests.CreateUserKeycloak_ComSenhasEspeciais_DevePermitirCriacao" computerName="iMac-de-Bruno" duration="00:00:00.0023906" startTime="2025-09-25T19:08:29.2287960-03:00" endTime="2025-09-25T19:08:29.2287960-03:00" testType="13cdc9d9-ddb5-4fa4-a97d-d965ccfc6d4b" outcome="Passed" testListId="8c84fa94-04c1-424b-9868-57a2d4851a1d" relativeResultsDirectory="dc23c5b9-1d5c-426f-823e-129d49a58881" />
    <UnitTestResult executionId="5e0d9346-c520-4464-8ae8-e4d073ee07b4" testId="84b86d7e-0f77-e8bb-8ca8-882d441f0046" testName="UserService.UnitTest.Application.Dtos.Requests.LoginUserRequestTests.LoginUserRequest_ComDiferentesCombinacoesDeDados_DeveDefinirPropriedadesCorretamente(email: &quot;user@domain.org&quot;, password: &quot;mypassword&quot;)" computerName="iMac-de-Bruno" duration="00:00:00.0082632" startTime="2025-09-25T19:08:29.1881740-03:00" endTime="2025-09-25T19:08:29.1881740-03:00" testType="13cdc9d9-ddb5-4fa4-a97d-d965ccfc6d4b" outcome="Passed" testListId="8c84fa94-04c1-424b-9868-57a2d4851a1d" relativeResultsDirectory="5e0d9346-c520-4464-8ae8-e4d073ee07b4" />
    <UnitTestResult executionId="2cb1304c-02e0-4b57-808f-5b72900c7b60" testId="800ab87e-4e31-82bd-9e61-5fa311d33f8d" testName="UserService.UnitTest.Application.Dtos.Keycloak.CreateUserKeycloakTests.CreateUserKeycloak_ComSenhaNula_DevePermitirCriacao" computerName="iMac-de-Bruno" duration="00:00:00.0027870" startTime="2025-09-25T19:08:29.2404960-03:00" endTime="2025-09-25T19:08:29.2404960-03:00" testType="13cdc9d9-ddb5-4fa4-a97d-d965ccfc6d4b" outcome="Passed" testListId="8c84fa94-04c1-424b-9868-57a2d4851a1d" relativeResultsDirectory="2cb1304c-02e0-4b57-808f-5b72900c7b60" />
    <UnitTestResult executionId="a283b9a9-316c-4315-a5a0-598582e19a21" testId="c456ba12-b1e4-9738-717f-8bfea1b5b728" testName="UserService.UnitTest.Application.Dtos.Keycloak.LoginUserKeycloakTests.LoginUserKeycloak_ComSenhasComCaracteresEspeciais_DevePermitirCriacao" computerName="iMac-de-Bruno" duration="00:00:00.0027596" startTime="2025-09-25T19:08:29.4065600-03:00" endTime="2025-09-25T19:08:29.4065610-03:00" testType="13cdc9d9-ddb5-4fa4-a97d-d965ccfc6d4b" outcome="Passed" testListId="8c84fa94-04c1-424b-9868-57a2d4851a1d" relativeResultsDirectory="a283b9a9-316c-4315-a5a0-598582e19a21" />
    <UnitTestResult executionId="a9734cc4-f35c-4769-9a7b-8cb08c6c3fa3" testId="8a8ab9a9-624d-93c7-93fa-9953d8835bdd" testName="UserService.UnitTest.Application.Commands.LoginUserCommandHandlerTests.Handle_ComDiferentesCredenciais_DeveProcessarCorretamente(email: &quot;usuario2@teste.com&quot;, password: &quot;OutraSenh@456&quot;)" computerName="iMac-de-Bruno" duration="00:00:00.4917306" startTime="2025-09-25T19:08:29.4089800-03:00" endTime="2025-09-25T19:08:29.4089800-03:00" testType="13cdc9d9-ddb5-4fa4-a97d-d965ccfc6d4b" outcome="Passed" testListId="8c84fa94-04c1-424b-9868-57a2d4851a1d" relativeResultsDirectory="a9734cc4-f35c-4769-9a7b-8cb08c6c3fa3" />
    <UnitTestResult executionId="d81445fe-93ae-4055-afe2-03f742d55118" testId="e7609c01-9db8-7c78-36f4-866ca84178af" testName="UserService.UnitTest.Application.Dtos.Responses.CreateUserResponseTests.CreateUserResponse_ComDiferentesCombinacoesDeDados_DeveDefinirPropriedadesCorretamente(email: &quot;test@example.com&quot;, firstName: &quot;João&quot;, lastName: &quot;Silva&quot;, phoneNumber: &quot;11999999999&quot;)" computerName="iMac-de-Bruno" duration="00:00:00.0154580" startTime="2025-09-25T19:08:29.0399900-03:00" endTime="2025-09-25T19:08:29.0399900-03:00" testType="13cdc9d9-ddb5-4fa4-a97d-d965ccfc6d4b" outcome="Passed" testListId="8c84fa94-04c1-424b-9868-57a2d4851a1d" relativeResultsDirectory="d81445fe-93ae-4055-afe2-03f742d55118" />
    <UnitTestResult executionId="07695f6f-4227-4558-8718-6580197403ec" testId="d9e444cf-8e9b-8caf-5fd4-b02fbc20ebc7" testName="UserService.UnitTest.Application.Dtos.Keycloak.LoginUserKeycloakTests.LoginUserKeycloak_ComEmailLongo_DevePermitirCriacao" computerName="iMac-de-Bruno" duration="00:00:00.1214831" startTime="2025-09-25T19:08:29.3280920-03:00" endTime="2025-09-25T19:08:29.3280920-03:00" testType="13cdc9d9-ddb5-4fa4-a97d-d965ccfc6d4b" outcome="Failed" testListId="8c84fa94-04c1-424b-9868-57a2d4851a1d" relativeResultsDirectory="07695f6f-4227-4558-8718-6580197403ec">
      <Output>
        <ErrorInfo>
          <Message>Expected loginKeycloak.Email.Length to be 111, but found 112 (difference of 1).</Message>
          <StackTrace>   at FluentAssertions.Execution.XUnit2TestFramework.Throw(String message)
   at FluentAssertions.Execution.TestFrameworkProvider.Throw(String message)
   at FluentAssertions.Execution.DefaultAssertionStrategy.HandleFailure(String message)
   at FluentAssertions.Execution.AssertionScope.FailWith(Func`1 failReasonFunc)
   at FluentAssertions.Execution.AssertionScope.FailWith(Func`1 failReasonFunc)
   at FluentAssertions.Execution.AssertionScope.FailWith(String message, Object[] args)
   at FluentAssertions.Numeric.NumericAssertions`2.Be(T expected, String because, Object[] becauseArgs)
   at UserService.UnitTest.Application.Dtos.Keycloak.LoginUserKeycloakTests.LoginUserKeycloak_ComEmailLongo_DevePermitirCriacao() in /Users/diasbruno/Documents/programacao/codigos/dotnet/bcommerce/backend/src/Services/UserService/UserService.UnitTest/Application/Dtos/Keycloak/LoginUserKeycloakTests.cs:line 203
   at System.RuntimeMethodHandle.InvokeMethod(Object target, Void** arguments, Signature sig, Boolean isConstructor)
   at System.Reflection.MethodBaseInvoker.InvokeWithNoArgs(Object obj, BindingFlags invokeAttr)</StackTrace>
        </ErrorInfo>
      </Output>
    </UnitTestResult>
    <UnitTestResult executionId="0714c57f-9c63-464b-b0ba-c3289645902a" testId="056bffb9-bb7c-2664-0173-299ed12f750f" testName="UserService.UnitTest.Application.Commands.CreateUserCommandTests.CriarComando_ComDiferentesCombinacoes_DeveDefinirPropriedadesCorretamente(firstName: &quot;João&quot;, lastName: &quot;Silva&quot;, email: &quot;joao@email.com&quot;, password: &quot;Senha@123&quot;, newsletterOptIn: True)" computerName="iMac-de-Bruno" duration="00:00:00.0000149" startTime="2025-09-25T19:08:28.9928060-03:00" endTime="2025-09-25T19:08:28.9928060-03:00" testType="13cdc9d9-ddb5-4fa4-a97d-d965ccfc6d4b" outcome="Passed" testListId="8c84fa94-04c1-424b-9868-57a2d4851a1d" relativeResultsDirectory="0714c57f-9c63-464b-b0ba-c3289645902a" />
    <UnitTestResult executionId="95b87a7b-8d4e-4ce5-8316-4e9c87b659b8" testId="efce2778-6fda-3f27-2510-fe092485530c" testName="UserService.UnitTest.Application.Dtos.Keycloak.LoginUserKeycloakTests.LoginUserKeycloak_ComDiferentesCombinacoesDeDados_DeveDefinirPropriedadesCorretamente(email: &quot;user@domain.org&quot;, password: &quot;mypassword&quot;)" computerName="iMac-de-Bruno" duration="00:00:00.0140516" startTime="2025-09-25T19:08:29.1326670-03:00" endTime="2025-09-25T19:08:29.1326670-03:00" testType="13cdc9d9-ddb5-4fa4-a97d-d965ccfc6d4b" outcome="Passed" testListId="8c84fa94-04c1-424b-9868-57a2d4851a1d" relativeResultsDirectory="95b87a7b-8d4e-4ce5-8316-4e9c87b659b8" />
    <UnitTestResult executionId="57c78f21-34d7-4591-9939-731ab6a3b203" testId="a6b1b7ac-423b-b64b-51be-ac14931efb88" testName="UserService.UnitTest.Domain.UserTests.Usuario_QuandoOptInNewsletterDefinido_DeveSerVerdadeiro" computerName="iMac-de-Bruno" duration="00:00:00.0178571" startTime="2025-09-25T19:08:29.3428160-03:00" endTime="2025-09-25T19:08:29.3428160-03:00" testType="13cdc9d9-ddb5-4fa4-a97d-d965ccfc6d4b" outcome="Passed" testListId="8c84fa94-04c1-424b-9868-57a2d4851a1d" relativeResultsDirectory="57c78f21-34d7-4591-9939-731ab6a3b203" />
    <UnitTestResult executionId="056204a2-f943-426f-b2e2-9ddc8c22cce9" testId="1c704678-463f-c674-d616-2ae71f417d3c" testName="UserService.UnitTest.Application.Commands.LoginUserCommandHandlerTests.Handle_ComTokenExpirado_DeveRetornarNovoToken" computerName="iMac-de-Bruno" duration="00:00:00.0053559" startTime="2025-09-25T19:08:29.4911420-03:00" endTime="2025-09-25T19:08:29.4911430-03:00" testType="13cdc9d9-ddb5-4fa4-a97d-d965ccfc6d4b" outcome="Passed" testListId="8c84fa94-04c1-424b-9868-57a2d4851a1d" relativeResultsDirectory="056204a2-f943-426f-b2e2-9ddc8c22cce9" />
    <UnitTestResult executionId="1e7325aa-5a39-45b2-b32a-516fe310cf15" testId="cc234b36-f0df-dc23-3cca-bb9fc67efa0f" testName="UserService.UnitTest.Application.Dtos.Requests.LoginUserRequestTests.LoginUserRequest_ComEmailVazioOuEspacos_DevePermitirAtribuicao(email: &quot;&quot;)" computerName="iMac-de-Bruno" duration="00:00:00.0023798" startTime="2025-09-25T19:08:29.1186390-03:00" endTime="2025-09-25T19:08:29.1186390-03:00" testType="13cdc9d9-ddb5-4fa4-a97d-d965ccfc6d4b" outcome="Passed" testListId="8c84fa94-04c1-424b-9868-57a2d4851a1d" relativeResultsDirectory="1e7325aa-5a39-45b2-b32a-516fe310cf15" />
    <UnitTestResult executionId="b0404657-f6f0-4a88-bfde-0a872d74edb4" testId="2d6ddca9-e5c9-26e1-c1f8-c0aa5e28dd96" testName="UserService.UnitTest.Application.Dtos.Responses.LoginUserResponseTests.LoginUserResponse_ComTodosValoresVazios_DevePermitirAtribuicao" computerName="iMac-de-Bruno" duration="00:00:00.0138504" startTime="2025-09-25T19:08:29.4717500-03:00" endTime="2025-09-25T19:08:29.4717500-03:00" testType="13cdc9d9-ddb5-4fa4-a97d-d965ccfc6d4b" outcome="Passed" testListId="8c84fa94-04c1-424b-9868-57a2d4851a1d" relativeResultsDirectory="b0404657-f6f0-4a88-bfde-0a872d74edb4" />
    <UnitTestResult executionId="3a018ddb-5c51-4152-86f1-d577da161cf4" testId="6765ccef-ec2d-9a3b-bf9d-f6ba1b86f954" testName="UserService.UnitTest.Application.Dtos.Responses.LoginUserResponseTests.LoginUserResponse_ComDiferentesTiposDeToken_DevePermitirAtribuicao(tokenType: &quot;JWT&quot;)" computerName="iMac-de-Bruno" duration="00:00:00.0090895" startTime="2025-09-25T19:08:29.0214010-03:00" endTime="2025-09-25T19:08:29.0214010-03:00" testType="13cdc9d9-ddb5-4fa4-a97d-d965ccfc6d4b" outcome="Passed" testListId="8c84fa94-04c1-424b-9868-57a2d4851a1d" relativeResultsDirectory="3a018ddb-5c51-4152-86f1-d577da161cf4" />
    <UnitTestResult executionId="8ad2f688-9443-4a81-a9aa-cdfa222a2953" testId="5844cf9d-d151-80a2-e86b-d98f9de3c340" testName="UserService.UnitTest.Application.Dtos.Keycloak.LoginUserKeycloakTests.LoginUserKeycloak_ComMultiplosArroba_DevePermitirCriacao" computerName="iMac-de-Bruno" duration="00:00:00.0023227" startTime="2025-09-25T19:08:29.3731300-03:00" endTime="2025-09-25T19:08:29.3731300-03:00" testType="13cdc9d9-ddb5-4fa4-a97d-d965ccfc6d4b" outcome="Passed" testListId="8c84fa94-04c1-424b-9868-57a2d4851a1d" relativeResultsDirectory="8ad2f688-9443-4a81-a9aa-cdfa222a2953" />
    <UnitTestResult executionId="79d5cdea-4b50-4ff0-bf67-88ce8430ccc4" testId="4a337eb1-d6fd-e7af-b760-c85c1072731f" testName="UserService.UnitTest.Application.Dtos.Keycloak.CreateUserKeycloakTests.CreateUserKeycloak_ComDiferentesCombinacoesDeDados_DeveDefinirPropriedadesCorretamente(email: &quot;admin@company.net&quot;, password: &quot;admin123&quot;, firstName: &quot;Pedro&quot;, lastName: &quot;Oliveira&quot;, enabled: True)" computerName="iMac-de-Bruno" duration="00:00:00.0026840" startTime="2025-09-25T19:08:29.0410020-03:00" endTime="2025-09-25T19:08:29.0410020-03:00" testType="13cdc9d9-ddb5-4fa4-a97d-d965ccfc6d4b" outcome="Passed" testListId="8c84fa94-04c1-424b-9868-57a2d4851a1d" relativeResultsDirectory="79d5cdea-4b50-4ff0-bf67-88ce8430ccc4" />
    <UnitTestResult executionId="b9f26e00-efb9-48fb-a675-2d8c476987b6" testId="438d9816-90e7-c5aa-584c-a5a27cabf72a" testName="UserService.UnitTest.Application.Dtos.Requests.CreateUserRequestTests.CreateUserRequest_ComNomeNulo_DevePermitirAtribuicao" computerName="iMac-de-Bruno" duration="00:00:00.0094090" startTime="2025-09-25T19:08:29.0903260-03:00" endTime="2025-09-25T19:08:29.0903270-03:00" testType="13cdc9d9-ddb5-4fa4-a97d-d965ccfc6d4b" outcome="Passed" testListId="8c84fa94-04c1-424b-9868-57a2d4851a1d" relativeResultsDirectory="b9f26e00-efb9-48fb-a675-2d8c476987b6" />
    <UnitTestResult executionId="a7185347-41d9-4c8b-b8f5-524675fb9fff" testId="d1d36e1b-6b66-412c-9ac8-f0b2dd2bf67a" testName="UserService.UnitTest.Domain.UserExtensionsTests.ContaEstaBloqueada_QuandoBloqueioContaExpirado_DeveRetornarFalso" computerName="iMac-de-Bruno" duration="00:00:00.0116077" startTime="2025-09-25T19:08:29.0903800-03:00" endTime="2025-09-25T19:08:29.0903800-03:00" testType="13cdc9d9-ddb5-4fa4-a97d-d965ccfc6d4b" outcome="Passed" testListId="8c84fa94-04c1-424b-9868-57a2d4851a1d" relativeResultsDirectory="a7185347-41d9-4c8b-b8f5-524675fb9fff" />
    <UnitTestResult executionId="6a4e9327-0d00-46a3-b0c2-2d313d7403d2" testId="79348a23-39f7-ae80-156c-06b1524027de" testName="UserService.UnitTest.Domain.UserExtensionsTests.EstaAtivo_QuandoUsuarioAtivoMasExcluido_DeveRetornarFalso" computerName="iMac-de-Bruno" duration="00:00:00.0127686" startTime="2025-09-25T19:08:29.2016170-03:00" endTime="2025-09-25T19:08:29.2016170-03:00" testType="13cdc9d9-ddb5-4fa4-a97d-d965ccfc6d4b" outcome="Passed" testListId="8c84fa94-04c1-424b-9868-57a2d4851a1d" relativeResultsDirectory="6a4e9327-0d00-46a3-b0c2-2d313d7403d2" />
    <UnitTestResult executionId="17c0b185-b7c3-4bbe-a083-67ee99c74319" testId="3593c9e6-b8b7-1a29-7bc2-970c783b8a12" testName="UserService.UnitTest.Application.Services.PasswordEncripterTests.VerifyPassword_ComHashInvalido_DeveRetornarFalse" computerName="iMac-de-Bruno" duration="00:00:00.0003013" startTime="2025-09-25T19:08:32.9832220-03:00" endTime="2025-09-25T19:08:32.9832230-03:00" testType="13cdc9d9-ddb5-4fa4-a97d-d965ccfc6d4b" outcome="Passed" testListId="8c84fa94-04c1-424b-9868-57a2d4851a1d" relativeResultsDirectory="17c0b185-b7c3-4bbe-a083-67ee99c74319" />
    <UnitTestResult executionId="cf1e0a01-3c9b-40f4-acc2-1ebd56fba145" testId="bd897cf6-b359-a5cf-c938-32be8844fb0a" testName="UserService.UnitTest.Domain.UserTests.Usuario_QuandoCriado_DeveConterValoresPadrao" computerName="iMac-de-Bruno" duration="00:00:00.0126823" startTime="2025-09-25T19:08:29.3824730-03:00" endTime="2025-09-25T19:08:29.3824740-03:00" testType="13cdc9d9-ddb5-4fa4-a97d-d965ccfc6d4b" outcome="Passed" testListId="8c84fa94-04c1-424b-9868-57a2d4851a1d" relativeResultsDirectory="cf1e0a01-3c9b-40f4-acc2-1ebd56fba145" />
    <UnitTestResult executionId="618dd15e-3091-4819-a02e-9c52fd3e8d74" testId="a9e38d59-78a4-c80b-44bd-54e6e0d52647" testName="UserService.UnitTest.Domain.UserTests.Usuario_QuandoEmailDefinido_DeveAceitarFormatosValidos(email: &quot;user.name@domain.com.br&quot;)" computerName="iMac-de-Bruno" duration="00:00:00.0100831" startTime="2025-09-25T19:08:29.2736560-03:00" endTime="2025-09-25T19:08:29.2736570-03:00" testType="13cdc9d9-ddb5-4fa4-a97d-d965ccfc6d4b" outcome="Passed" testListId="8c84fa94-04c1-424b-9868-57a2d4851a1d" relativeResultsDirectory="618dd15e-3091-4819-a02e-9c52fd3e8d74" />
    <UnitTestResult executionId="a65b4218-7e24-4ec0-8104-39547b8b6253" testId="a162fb02-6727-1347-585a-e2195cf4b9d9" testName="UserService.UnitTest.Application.Services.KeycloakServiceTests.CreateUserAsync_ComDadosValidos_DeveRetornarIdDoUsuario" computerName="iMac-de-Bruno" duration="00:00:00.0282341" startTime="2025-09-25T19:08:29.4424830-03:00" endTime="2025-09-25T19:08:29.4424840-03:00" testType="13cdc9d9-ddb5-4fa4-a97d-d965ccfc6d4b" outcome="Passed" testListId="8c84fa94-04c1-424b-9868-57a2d4851a1d" relativeResultsDirectory="a65b4218-7e24-4ec0-8104-39547b8b6253" />
    <UnitTestResult executionId="c934defc-dbc8-4010-8740-e8dff12ca026" testId="7ecbc807-4ca7-8eb2-8a35-043115ffccdd" testName="UserService.UnitTest.Domain.UserTests.Usuario_QuandoStatusDefinido_DeveAceitarStatusValidos(status: Inativo)" computerName="iMac-de-Bruno" duration="00:00:00.0182215" startTime="2025-09-25T19:08:29.1771430-03:00" endTime="2025-09-25T19:08:29.1771440-03:00" testType="13cdc9d9-ddb5-4fa4-a97d-d965ccfc6d4b" outcome="Passed" testListId="8c84fa94-04c1-424b-9868-57a2d4851a1d" relativeResultsDirectory="c934defc-dbc8-4010-8740-e8dff12ca026" />
    <UnitTestResult executionId="29bf21df-8bd1-4dc0-8e8b-824546329430" testId="1fc346ea-fc82-e479-51b5-1538e7b4e1d0" testName="UserService.UnitTest.Application.Dtos.Keycloak.CreateUserKeycloakTests.CreateUserKeycloak_ComEmailVazioOuEspacos_DevePermitirCriacao(email: &quot;   &quot;)" computerName="iMac-de-Bruno" duration="00:00:00.0840967" startTime="2025-09-25T19:08:29.0011370-03:00" endTime="2025-09-25T19:08:29.0011370-03:00" testType="13cdc9d9-ddb5-4fa4-a97d-d965ccfc6d4b" outcome="Passed" testListId="8c84fa94-04c1-424b-9868-57a2d4851a1d" relativeResultsDirectory="29bf21df-8bd1-4dc0-8e8b-824546329430" />
    <UnitTestResult executionId="a7ba0ab5-56cb-46b4-8340-02c3c1641f97" testId="d615c036-bfee-2e66-fa83-8efa087e47ad" testName="UserService.UnitTest.Domain.UserTests.Usuario_QuandoMultiplosUsuariosCriados_DeveConterIdsUnicos" computerName="iMac-de-Bruno" duration="00:00:00.0493974" startTime="2025-09-25T19:08:29.2387600-03:00" endTime="2025-09-25T19:08:29.2387600-03:00" testType="13cdc9d9-ddb5-4fa4-a97d-d965ccfc6d4b" outcome="Passed" testListId="8c84fa94-04c1-424b-9868-57a2d4851a1d" relativeResultsDirectory="a7ba0ab5-56cb-46b4-8340-02c3c1641f97" />
    <UnitTestResult executionId="87fee476-9a98-42fb-b36c-5ec3cbc4750b" testId="fc494b64-1641-291d-8211-f4797e8db9a4" testName="UserService.UnitTest.Application.Dtos.Responses.LoginUserResponseTests.LoginUserResponse_ComTokensLongos_DevePermitirAtribuicao" computerName="iMac-de-Bruno" duration="00:00:00.0023126" startTime="2025-09-25T19:08:29.4431050-03:00" endTime="2025-09-25T19:08:29.4431050-03:00" testType="13cdc9d9-ddb5-4fa4-a97d-d965ccfc6d4b" outcome="Passed" testListId="8c84fa94-04c1-424b-9868-57a2d4851a1d" relativeResultsDirectory="87fee476-9a98-42fb-b36c-5ec3cbc4750b" />
    <UnitTestResult executionId="2534eefe-1615-42b5-a67d-3fc891a40d0d" testId="744291e4-2147-88d0-85fe-fccdcda5c85a" testName="UserService.UnitTest.Application.Dtos.Keycloak.CreateUserKeycloakTests.CreateUserKeycloak_ComNomeVazioOuEspacos_DevePermitirCriacao(firstName: &quot;&quot;)" computerName="iMac-de-Bruno" duration="00:00:00.0135955" startTime="2025-09-25T19:08:29.1321200-03:00" endTime="2025-09-25T19:08:29.1321200-03:00" testType="13cdc9d9-ddb5-4fa4-a97d-d965ccfc6d4b" outcome="Passed" testListId="8c84fa94-04c1-424b-9868-57a2d4851a1d" relativeResultsDirectory="2534eefe-1615-42b5-a67d-3fc891a40d0d" />
    <UnitTestResult executionId="eac5ace6-76fc-4f93-a194-e5092ca904d4" testId="beed8b53-967c-b437-29a7-7caedf262cbb" testName="UserService.UnitTest.Application.Commands.CreateUserCommandHandlerTests.Handle_ComDadosValidos_DeveCriarUsuarioComSucesso" computerName="iMac-de-Bruno" duration="00:00:00.0078572" startTime="2025-09-25T19:08:30.2969860-03:00" endTime="2025-09-25T19:08:30.2969860-03:00" testType="13cdc9d9-ddb5-4fa4-a97d-d965ccfc6d4b" outcome="Passed" testListId="8c84fa94-04c1-424b-9868-57a2d4851a1d" relativeResultsDirectory="eac5ace6-76fc-4f93-a194-e5092ca904d4" />
    <UnitTestResult executionId="27d8c576-204c-4e54-b320-a26792935e57" testId="b7851f75-cf1b-778a-1103-796d63a4420d" testName="UserService.UnitTest.Application.Dtos.Keycloak.LoginUserKeycloakTests.LoginUserKeycloak_ComCaracteresUnicode_DevePermitirCriacao" computerName="iMac-de-Bruno" duration="00:00:00.0025790" startTime="2025-09-25T19:08:29.3707260-03:00" endTime="2025-09-25T19:08:29.3707260-03:00" testType="13cdc9d9-ddb5-4fa4-a97d-d965ccfc6d4b" outcome="Passed" testListId="8c84fa94-04c1-424b-9868-57a2d4851a1d" relativeResultsDirectory="27d8c576-204c-4e54-b320-a26792935e57" />
    <UnitTestResult executionId="fef65479-d16e-4e13-8a5b-6d7d4f5b6191" testId="48561c54-6a4b-b8c4-7322-8c229edf3aee" testName="UserService.UnitTest.Application.Commands.LoginUserCommandTests.CriarComando_ComDiferentesCredenciais_DeveDefinirPropriedadesCorretamente(email: &quot;pedro@exemplo.com&quot;, password: &quot;MinhaSenh@789&quot;)" computerName="iMac-de-Bruno" duration="00:00:00.0000128" startTime="2025-09-25T19:08:28.9723390-03:00" endTime="2025-09-25T19:08:28.9723390-03:00" testType="13cdc9d9-ddb5-4fa4-a97d-d965ccfc6d4b" outcome="Passed" testListId="8c84fa94-04c1-424b-9868-57a2d4851a1d" relativeResultsDirectory="fef65479-d16e-4e13-8a5b-6d7d4f5b6191" />
    <UnitTestResult executionId="5af6d767-0dbf-4e45-92d5-0d45021b34d5" testId="5f112932-e4a3-e21b-c96c-cffdbc816fb8" testName="UserService.UnitTest.Application.Dtos.Keycloak.LoginUserKeycloakTests.LoginUserKeycloak_ComDiferentesCombinacoesDeDados_DeveDefinirPropriedadesCorretamente(email: &quot;usuario@empresa.com.br&quot;, password: &quot;senha456&quot;)" computerName="iMac-de-Bruno" duration="00:00:00.0240110" startTime="2025-09-25T19:08:29.1564950-03:00" endTime="2025-09-25T19:08:29.1564950-03:00" testType="13cdc9d9-ddb5-4fa4-a97d-d965ccfc6d4b" outcome="Passed" testListId="8c84fa94-04c1-424b-9868-57a2d4851a1d" relativeResultsDirectory="5af6d767-0dbf-4e45-92d5-0d45021b34d5" />
    <UnitTestResult executionId="af8bb7c7-af7a-4e5e-be11-b2aadcdcb39e" testId="94c2b6de-5241-d485-ac8e-41560f178d01" testName="UserService.UnitTest.Application.Dtos.Responses.CreateUserResponseTests.CreateUserResponse_ComDataCreatedAtMaxValue_DevePermitirAtribuicao" computerName="iMac-de-Bruno" duration="00:00:00.0858323" startTime="2025-09-25T19:08:29.0033900-03:00" endTime="2025-09-25T19:08:29.0033900-03:00" testType="13cdc9d9-ddb5-4fa4-a97d-d965ccfc6d4b" outcome="Passed" testListId="8c84fa94-04c1-424b-9868-57a2d4851a1d" relativeResultsDirectory="af8bb7c7-af7a-4e5e-be11-b2aadcdcb39e" />
    <UnitTestResult executionId="2bfb7fff-1537-4659-b99b-a524a6083a6e" testId="de239b90-b605-59bc-881a-9849b83cab21" testName="UserService.UnitTest.Application.Dtos.Responses.LoginUserResponseTests.LoginUserResponse_ComExpiresInPositivo_DevePermitirAtribuicao(expiresIn: 1)" computerName="iMac-de-Bruno" duration="00:00:00.0031953" startTime="2025-09-25T19:08:29.3455300-03:00" endTime="2025-09-25T19:08:29.3455300-03:00" testType="13cdc9d9-ddb5-4fa4-a97d-d965ccfc6d4b" outcome="Passed" testListId="8c84fa94-04c1-424b-9868-57a2d4851a1d" relativeResultsDirectory="2bfb7fff-1537-4659-b99b-a524a6083a6e" />
    <UnitTestResult executionId="70b0d699-6b55-4762-9376-ebf173b1dcf8" testId="b05efab7-1ebd-bef8-6ba5-abf4e1e5530e" testName="UserService.UnitTest.Application.Services.KeycloakServiceTests.LoginAsync_ComCredenciaisValidas_DeveRetornarToken" computerName="iMac-de-Bruno" duration="00:00:00.0187167" startTime="2025-09-25T19:08:29.4713990-03:00" endTime="2025-09-25T19:08:29.4713990-03:00" testType="13cdc9d9-ddb5-4fa4-a97d-d965ccfc6d4b" outcome="Passed" testListId="8c84fa94-04c1-424b-9868-57a2d4851a1d" relativeResultsDirectory="70b0d699-6b55-4762-9376-ebf173b1dcf8" />
    <UnitTestResult executionId="36b85bf3-8a10-463f-90e4-0d91b76029d4" testId="40267795-dc66-6ccc-4acd-9fb940d31784" testName="UserService.UnitTest.Application.Dtos.Keycloak.LoginUserKeycloakTests.LoginUserKeycloak_ComSenhaLonga_DevePermitirCriacao" computerName="iMac-de-Bruno" duration="00:00:00.0150156" startTime="2025-09-25T19:08:29.3434490-03:00" endTime="2025-09-25T19:08:29.3434490-03:00" testType="13cdc9d9-ddb5-4fa4-a97d-d965ccfc6d4b" outcome="Passed" testListId="8c84fa94-04c1-424b-9868-57a2d4851a1d" relativeResultsDirectory="36b85bf3-8a10-463f-90e4-0d91b76029d4" />
    <UnitTestResult executionId="640c870b-e232-4eb0-aaca-eef2d0b93650" testId="06eb3a68-60dc-b444-9f0c-a9219a04835f" testName="UserService.UnitTest.Application.Services.PasswordEncripterTests.EncryptPassword_ComDiferentesSenhas_DeveRetornarHashesValidos(password: &quot;123456789&quot;)" computerName="iMac-de-Bruno" duration="00:00:00.1301005" startTime="2025-09-25T19:08:32.4622350-03:00" endTime="2025-09-25T19:08:32.4622360-03:00" testType="13cdc9d9-ddb5-4fa4-a97d-d965ccfc6d4b" outcome="Passed" testListId="8c84fa94-04c1-424b-9868-57a2d4851a1d" relativeResultsDirectory="640c870b-e232-4eb0-aaca-eef2d0b93650" />
    <UnitTestResult executionId="77dfd90a-645f-4601-b816-87ee01fb9191" testId="ee8dd72d-e27b-e47a-e9ab-ea48b4ee24c7" testName="UserService.UnitTest.Application.Services.PasswordEncripterTests.VerifyPassword_ComDiferentesCombinacoes_DeveRetornarResultadoCorreto(originalPassword: &quot;MinhaSenh@123&quot;, testPassword: &quot;MinhaSenh@124&quot;, expectedResult: False)" computerName="iMac-de-Bruno" duration="00:00:00.2596725" startTime="2025-09-25T19:08:31.5451740-03:00" endTime="2025-09-25T19:08:31.5451740-03:00" testType="13cdc9d9-ddb5-4fa4-a97d-d965ccfc6d4b" outcome="Passed" testListId="8c84fa94-04c1-424b-9868-57a2d4851a1d" relativeResultsDirectory="77dfd90a-645f-4601-b816-87ee01fb9191" />
    <UnitTestResult executionId="4075c65b-8a4f-4952-801b-f81803c240d4" testId="0e5fcfee-bd6d-f45f-061a-0b8ebdec31cd" testName="UserService.UnitTest.Application.Commands.CreateUserCommandHandlerTests.Handle_ComNewsletterOptInFalse_DeveCriarUsuarioSemNewsletter" computerName="iMac-de-Bruno" duration="00:00:00.0102139" startTime="2025-09-25T19:08:30.3264270-03:00" endTime="2025-09-25T19:08:30.3264270-03:00" testType="13cdc9d9-ddb5-4fa4-a97d-d965ccfc6d4b" outcome="Passed" testListId="8c84fa94-04c1-424b-9868-57a2d4851a1d" relativeResultsDirectory="4075c65b-8a4f-4952-801b-f81803c240d4" />
    <UnitTestResult executionId="0c91b700-0373-464e-a46e-64c5d14d5817" testId="11759d32-7c45-d95c-6b8c-5bd352b4a13c" testName="UserService.UnitTest.Application.Dtos.Keycloak.CreateUserKeycloakTests.CreateUserKeycloak_ComDiferentesValoresEnabled_DeveDefinirCorretamente(enabled: True)" computerName="iMac-de-Bruno" duration="00:00:00.0032832" startTime="2025-09-25T19:08:29.2034610-03:00" endTime="2025-09-25T19:08:29.2034610-03:00" testType="13cdc9d9-ddb5-4fa4-a97d-d965ccfc6d4b" outcome="Passed" testListId="8c84fa94-04c1-424b-9868-57a2d4851a1d" relativeResultsDirectory="0c91b700-0373-464e-a46e-64c5d14d5817" />
    <UnitTestResult executionId="539d7bf3-8cfe-4801-bd7e-f22b10dbbe6a" testId="425043c5-33b2-bd82-3d9f-363f8cb440bb" testName="UserService.UnitTest.Application.Dtos.Requests.LoginUserRequestTests.LoginUserRequest_ComCaracteresUnicode_DevePermitirAtribuicao" computerName="iMac-de-Bruno" duration="00:00:00.0025491" startTime="2025-09-25T19:08:29.2282980-03:00" endTime="2025-09-25T19:08:29.2282980-03:00" testType="13cdc9d9-ddb5-4fa4-a97d-d965ccfc6d4b" outcome="Passed" testListId="8c84fa94-04c1-424b-9868-57a2d4851a1d" relativeResultsDirectory="539d7bf3-8cfe-4801-bd7e-f22b10dbbe6a" />
    <UnitTestResult executionId="7b45b6d8-de53-4a6f-982a-0119ee4c723b" testId="2aa59a7e-a129-de74-a7d8-c821b33e35fe" testName="UserService.UnitTest.Application.Dtos.Requests.CreateUserRequestTests.CreateUserRequest_ComEmailVazioOuEspacos_DevePermitirAtribuicao(email: &quot;&quot;)" computerName="iMac-de-Bruno" duration="00:00:00.0025555" startTime="2025-09-25T19:08:29.0141340-03:00" endTime="2025-09-25T19:08:29.0141340-03:00" testType="13cdc9d9-ddb5-4fa4-a97d-d965ccfc6d4b" outcome="Passed" testListId="8c84fa94-04c1-424b-9868-57a2d4851a1d" relativeResultsDirectory="7b45b6d8-de53-4a6f-982a-0119ee4c723b" />
    <UnitTestResult executionId="45b18bcb-0503-4846-b2a1-1d383439f00d" testId="159104f6-eb79-1c15-6755-1a4755d7ed51" testName="UserService.UnitTest.Application.Dtos.Responses.LoginUserResponseTests.LoginUserResponse_ComTodosValoresNulos_DevePermitirAtribuicao" computerName="iMac-de-Bruno" duration="00:00:00.0025149" startTime="2025-09-25T19:08:29.4547390-03:00" endTime="2025-09-25T19:08:29.4547390-03:00" testType="13cdc9d9-ddb5-4fa4-a97d-d965ccfc6d4b" outcome="Passed" testListId="8c84fa94-04c1-424b-9868-57a2d4851a1d" relativeResultsDirectory="45b18bcb-0503-4846-b2a1-1d383439f00d" />
    <UnitTestResult executionId="5427449a-23f1-4824-ba63-44f2ee15e4b9" testId="ff10f1fb-9148-fd50-0d1e-8fe2d3c731fc" testName="UserService.UnitTest.Application.Dtos.Responses.LoginUserResponseTests.LoginUserResponse_ComAccessTokenVazioOuEspacos_DevePermitirAtribuicao(accessToken: &quot;&quot;)" computerName="iMac-de-Bruno" duration="00:00:00.0024332" startTime="2025-09-25T19:08:29.3949570-03:00" endTime="2025-09-25T19:08:29.3949570-03:00" testType="13cdc9d9-ddb5-4fa4-a97d-d965ccfc6d4b" outcome="Passed" testListId="8c84fa94-04c1-424b-9868-57a2d4851a1d" relativeResultsDirectory="5427449a-23f1-4824-ba63-44f2ee15e4b9" />
    <UnitTestResult executionId="5f92646c-bb4b-4e43-94b6-c9f6936a89f4" testId="1bdb6140-e78c-1d86-2209-d2ec03185fc5" testName="UserService.UnitTest.Application.Dtos.Requests.LoginUserRequestTests.LoginUserRequest_ComSenhasEspeciais_DevePermitirAtribuicao" computerName="iMac-de-Bruno" duration="00:00:00.0100107" startTime="2025-09-25T19:08:29.2130590-03:00" endTime="2025-09-25T19:08:29.2130590-03:00" testType="13cdc9d9-ddb5-4fa4-a97d-d965ccfc6d4b" outcome="Passed" testListId="8c84fa94-04c1-424b-9868-57a2d4851a1d" relativeResultsDirectory="5f92646c-bb4b-4e43-94b6-c9f6936a89f4" />
    <UnitTestResult executionId="7c80db1e-760b-4a75-a42d-fbef83d3b91a" testId="704e5cb4-d810-ebf8-c7a7-7bec5914c853" testName="UserService.UnitTest.Application.Dtos.Requests.LoginUserRequestTests.LoginUserRequest_ComDiferentesCombinacoesDeDados_DeveDefinirPropriedadesCorretamente(email: &quot;admin@company.net&quot;, password: &quot;admin123&quot;)" computerName="iMac-de-Bruno" duration="00:00:00.0081961" startTime="2025-09-25T19:08:29.1777640-03:00" endTime="2025-09-25T19:08:29.1777650-03:00" testType="13cdc9d9-ddb5-4fa4-a97d-d965ccfc6d4b" outcome="Passed" testListId="8c84fa94-04c1-424b-9868-57a2d4851a1d" relativeResultsDirectory="7c80db1e-760b-4a75-a42d-fbef83d3b91a" />
    <UnitTestResult executionId="b34236d3-9150-45d0-812b-43bec332b18f" testId="e94e9e48-4109-66a8-d8d8-eba19f7e0e5d" testName="UserService.UnitTest.Application.Dtos.Responses.LoginUserResponseTests.LoginUserResponse_ComAccessTokenNulo_DevePermitirAtribuicao" computerName="iMac-de-Bruno" duration="00:00:00.0022885" startTime="2025-09-25T19:08:29.4198630-03:00" endTime="2025-09-25T19:08:29.4198630-03:00" testType="13cdc9d9-ddb5-4fa4-a97d-d965ccfc6d4b" outcome="Passed" testListId="8c84fa94-04c1-424b-9868-57a2d4851a1d" relativeResultsDirectory="b34236d3-9150-45d0-812b-43bec332b18f" />
    <UnitTestResult executionId="fe211b2d-811c-4755-bb18-4bb03d3eb7a4" testId="b624b957-033e-f1f6-e698-ab5559eeeca7" testName="UserService.UnitTest.Application.Commands.CreateUserCommandTests.CriarComando_ComDadosValidos_DeveDefinirPropriedadesCorretamente" computerName="iMac-de-Bruno" duration="00:00:00.0010668" startTime="2025-09-25T19:08:28.9925790-03:00" endTime="2025-09-25T19:08:28.9925790-03:00" testType="13cdc9d9-ddb5-4fa4-a97d-d965ccfc6d4b" outcome="Passed" testListId="8c84fa94-04c1-424b-9868-57a2d4851a1d" relativeResultsDirectory="fe211b2d-811c-4755-bb18-4bb03d3eb7a4" />
    <UnitTestResult executionId="1566f3ea-94ae-4e05-98f5-e76d39e2f2b8" testId="7edfa15f-a405-492f-f256-aeeef35b1c52" testName="UserService.UnitTest.Application.Dtos.Requests.LoginUserRequestTests.LoginUserRequest_ComEmailVazioOuEspacos_DevePermitirAtribuicao(email: &quot;   &quot;)" computerName="iMac-de-Bruno" duration="00:00:00.0089893" startTime="2025-09-25T19:08:29.0904250-03:00" endTime="2025-09-25T19:08:29.0904250-03:00" testType="13cdc9d9-ddb5-4fa4-a97d-d965ccfc6d4b" outcome="Passed" testListId="8c84fa94-04c1-424b-9868-57a2d4851a1d" relativeResultsDirectory="1566f3ea-94ae-4e05-98f5-e76d39e2f2b8" />
    <UnitTestResult executionId="885ca76d-92c7-4029-87ff-d8f232533d32" testId="2e34d629-a46e-48e7-0407-be18d7e17c76" testName="UserService.UnitTest.Application.Dtos.Requests.CreateUserRequestTests.CreateUserRequest_ComNomesComCaracteresEspeciais_DevePermitirAtribuicao" computerName="iMac-de-Bruno" duration="00:00:00.0124495" startTime="2025-09-25T19:08:29.3420270-03:00" endTime="2025-09-25T19:08:29.3420270-03:00" testType="13cdc9d9-ddb5-4fa4-a97d-d965ccfc6d4b" outcome="Passed" testListId="8c84fa94-04c1-424b-9868-57a2d4851a1d" relativeResultsDirectory="885ca76d-92c7-4029-87ff-d8f232533d32" />
    <UnitTestResult executionId="2013de39-ec42-468e-8183-641af9c7ba9c" testId="ca9a6897-c80b-4651-66cf-d5f43912bd5c" testName="UserService.UnitTest.Application.Dtos.Responses.CreateUserResponseTests.CreateUserResponse_ComEmailNulo_DevePermitirAtribuicao" computerName="iMac-de-Bruno" duration="00:00:00.0027876" startTime="2025-09-25T19:08:29.1029380-03:00" endTime="2025-09-25T19:08:29.1029380-03:00" testType="13cdc9d9-ddb5-4fa4-a97d-d965ccfc6d4b" outcome="Passed" testListId="8c84fa94-04c1-424b-9868-57a2d4851a1d" relativeResultsDirectory="2013de39-ec42-468e-8183-641af9c7ba9c" />
    <UnitTestResult executionId="f1680cd6-1874-4c3b-865c-43082a3dfa48" testId="00a0325e-b219-1db4-5680-42c714d4d7b7" testName="UserService.UnitTest.Domain.UserAddressExtensionsTests.ObterEnderecoFormatado_QuandoComplementoNulo_DeveRetornarEnderecoFormatadoSemComplemento" computerName="iMac-de-Bruno" duration="00:00:00.0025970" startTime="2025-09-25T19:08:29.2668350-03:00" endTime="2025-09-25T19:08:29.2668360-03:00" testType="13cdc9d9-ddb5-4fa4-a97d-d965ccfc6d4b" outcome="Passed" testListId="8c84fa94-04c1-424b-9868-57a2d4851a1d" relativeResultsDirectory="f1680cd6-1874-4c3b-865c-43082a3dfa48" />
    <UnitTestResult executionId="7afb4ee3-c320-4577-8470-d22399631046" testId="ef5e933d-b171-60ad-09e1-408e70e7e01e" testName="UserService.UnitTest.Application.Dtos.Keycloak.CreateUserKeycloakTests.CreateUserKeycloak_ComNomeNulo_DevePermitirCriacao" computerName="iMac-de-Bruno" duration="00:00:00.0104327" startTime="2025-09-25T19:08:29.1001130-03:00" endTime="2025-09-25T19:08:29.1001130-03:00" testType="13cdc9d9-ddb5-4fa4-a97d-d965ccfc6d4b" outcome="Passed" testListId="8c84fa94-04c1-424b-9868-57a2d4851a1d" relativeResultsDirectory="7afb4ee3-c320-4577-8470-d22399631046" />
    <UnitTestResult executionId="99e82a1a-4961-49b1-898f-17a5a8706ac3" testId="ed8fd7b5-fd68-aba1-5990-e3b2c6e291bd" testName="UserService.UnitTest.Application.Dtos.Keycloak.CreateUserKeycloakTests.CreateUserKeycloak_ComSobrenomeNulo_DevePermitirCriacao" computerName="iMac-de-Bruno" duration="00:00:00.0027051" startTime="2025-09-25T19:08:29.0516100-03:00" endTime="2025-09-25T19:08:29.0516100-03:00" testType="13cdc9d9-ddb5-4fa4-a97d-d965ccfc6d4b" outcome="Passed" testListId="8c84fa94-04c1-424b-9868-57a2d4851a1d" relativeResultsDirectory="99e82a1a-4961-49b1-898f-17a5a8706ac3" />
    <UnitTestResult executionId="18d50d8b-defe-43f5-b8af-731c52572fcd" testId="6da30459-8d51-b30f-28ae-6a40ce6af825" testName="UserService.UnitTest.Domain.UserExtensionsTests.ContaEstaBloqueada_QuandoContaBloqueadaNoFuturo_DeveRetornarVerdadeiro" computerName="iMac-de-Bruno" duration="00:00:00.0109845" startTime="2025-09-25T19:08:29.2514720-03:00" endTime="2025-09-25T19:08:29.2514720-03:00" testType="13cdc9d9-ddb5-4fa4-a97d-d965ccfc6d4b" outcome="Passed" testListId="8c84fa94-04c1-424b-9868-57a2d4851a1d" relativeResultsDirectory="18d50d8b-defe-43f5-b8af-731c52572fcd" />
    <UnitTestResult executionId="4d26a900-61c8-4160-8532-882c1fe935cf" testId="aae218ae-567e-23fa-54aa-9977c35ea489" testName="UserService.UnitTest.Application.Dtos.Responses.LoginUserResponseTests.LoginUserResponse_ComDiferentesCombinacoesDeDados_DeveDefinirPropriedadesCorretamente(accessToken: &quot;token_789&quot;, refreshToken: &quot;refresh_789&quot;, tokenType: &quot;JWT&quot;, expiresIn: 1800)" computerName="iMac-de-Bruno" duration="00:00:00.0027333" startTime="2025-09-25T19:08:29.4057510-03:00" endTime="2025-09-25T19:08:29.4057510-03:00" testType="13cdc9d9-ddb5-4fa4-a97d-d965ccfc6d4b" outcome="Passed" testListId="8c84fa94-04c1-424b-9868-57a2d4851a1d" relativeResultsDirectory="4d26a900-61c8-4160-8532-882c1fe935cf" />
    <UnitTestResult executionId="0cf19e19-3549-4b13-9742-48ffc9159e45" testId="54d87476-fac0-c322-a77c-5ae4bf7dbc25" testName="UserService.UnitTest.Domain.UserExtensionsTests.EstaAtivo_QuandoUsuarioAtivoENaoExcluido_DeveRetornarVerdadeiro" computerName="iMac-de-Bruno" duration="00:00:00.0130928" startTime="2025-09-25T19:08:29.2151250-03:00" endTime="2025-09-25T19:08:29.2151250-03:00" testType="13cdc9d9-ddb5-4fa4-a97d-d965ccfc6d4b" outcome="Passed" testListId="8c84fa94-04c1-424b-9868-57a2d4851a1d" relativeResultsDirectory="0cf19e19-3549-4b13-9742-48ffc9159e45" />
    <UnitTestResult executionId="0a0b9ab7-daee-4eb9-a702-229b60fe5bda" testId="fb095c6b-ef89-7c80-525c-de74a5eb5df3" testName="UserService.UnitTest.Application.Commands.LoginUserCommandTests.CriarComando_ComDadosValidos_DeveDefinirPropriedadesCorretamente" computerName="iMac-de-Bruno" duration="00:00:00.0002176" startTime="2025-09-25T19:08:28.9724900-03:00" endTime="2025-09-25T19:08:28.9724900-03:00" testType="13cdc9d9-ddb5-4fa4-a97d-d965ccfc6d4b" outcome="Passed" testListId="8c84fa94-04c1-424b-9868-57a2d4851a1d" relativeResultsDirectory="0a0b9ab7-daee-4eb9-a702-229b60fe5bda" />
    <UnitTestResult executionId="01ce77bb-aaab-47e7-b6b2-a3e4d49893db" testId="bb35b0ea-0a5f-40e6-f51d-49c9b4409aee" testName="UserService.UnitTest.Application.Dtos.Responses.CreateUserResponseTests.CreateUserResponse_ComValoresPadrao_DeveInicializarPropriedadesCorretamente" computerName="iMac-de-Bruno" duration="00:00:00.1881087" startTime="2025-09-25T19:08:29.3268830-03:00" endTime="2025-09-25T19:08:29.3268830-03:00" testType="13cdc9d9-ddb5-4fa4-a97d-d965ccfc6d4b" outcome="Failed" testListId="8c84fa94-04c1-424b-9868-57a2d4851a1d" relativeResultsDirectory="01ce77bb-aaab-47e7-b6b2-a3e4d49893db">
      <Output>
        <ErrorInfo>
          <Message>Expected response.Email to be &lt;null&gt;, but found "".</Message>
          <StackTrace>   at FluentAssertions.Execution.XUnit2TestFramework.Throw(String message)
   at FluentAssertions.Execution.TestFrameworkProvider.Throw(String message)
   at FluentAssertions.Execution.DefaultAssertionStrategy.HandleFailure(String message)
   at FluentAssertions.Execution.AssertionScope.FailWith(Func`1 failReasonFunc)
   at FluentAssertions.Execution.AssertionScope.FailWith(Func`1 failReasonFunc)
   at FluentAssertions.Execution.AssertionScope.FailWith(String message, Object[] args)
   at FluentAssertions.Primitives.ReferenceTypeAssertions`2.BeNull(String because, Object[] becauseArgs)
   at UserService.UnitTest.Application.Dtos.Responses.CreateUserResponseTests.CreateUserResponse_ComValoresPadrao_DeveInicializarPropriedadesCorretamente() in /Users/diasbruno/Documents/programacao/codigos/dotnet/bcommerce/backend/src/Services/UserService/UserService.UnitTest/Application/Dtos/Responses/CreateUserResponseTests.cs:line 61
   at System.RuntimeMethodHandle.InvokeMethod(Object target, Void** arguments, Signature sig, Boolean isConstructor)
   at System.Reflection.MethodBaseInvoker.InvokeWithNoArgs(Object obj, BindingFlags invokeAttr)</StackTrace>
        </ErrorInfo>
      </Output>
    </UnitTestResult>
    <UnitTestResult executionId="76b36072-ae0f-47ab-95d6-012c1267e2dc" testId="82f90efb-2a5a-b512-1e2b-542fb4c0c77d" testName="UserService.UnitTest.Application.Commands.LoginUserCommandHandlerTests.Handle_ComErroDeConexao_DeveRetornarFalha" computerName="iMac-de-Bruno" duration="00:00:00.0210032" startTime="2025-09-25T19:08:29.4483680-03:00" endTime="2025-09-25T19:08:29.4483680-03:00" testType="13cdc9d9-ddb5-4fa4-a97d-d965ccfc6d4b" outcome="Passed" testListId="8c84fa94-04c1-424b-9868-57a2d4851a1d" relativeResultsDirectory="76b36072-ae0f-47ab-95d6-012c1267e2dc" />
    <UnitTestResult executionId="07cae24a-facf-4571-ae37-9fbbb9b7f487" testId="c9ed4de0-edb4-2421-4a75-550bc1b97f3e" testName="UserService.UnitTest.Application.Dtos.Responses.LoginUserResponseTests.LoginUserResponse_ComExpiresInPositivo_DevePermitirAtribuicao(expiresIn: 2147483647)" computerName="iMac-de-Bruno" duration="00:00:00.0124361" startTime="2025-09-25T19:08:29.3419900-03:00" endTime="2025-09-25T19:08:29.3419900-03:00" testType="13cdc9d9-ddb5-4fa4-a97d-d965ccfc6d4b" outcome="Passed" testListId="8c84fa94-04c1-424b-9868-57a2d4851a1d" relativeResultsDirectory="07cae24a-facf-4571-ae37-9fbbb9b7f487" />
    <UnitTestResult executionId="6b1251b4-a0a2-41a5-89ff-51558a51659f" testId="26079af3-3e3f-8f3b-a42e-328097e80d6a" testName="UserService.UnitTest.Application.Commands.CreateUserCommandTests.CriarComando_ComEmailNulo_DevePermitirAtribuicao" computerName="iMac-de-Bruno" duration="00:00:00.0006028" startTime="2025-09-25T19:08:28.9924930-03:00" endTime="2025-09-25T19:08:28.9924930-03:00" testType="13cdc9d9-ddb5-4fa4-a97d-d965ccfc6d4b" outcome="Passed" testListId="8c84fa94-04c1-424b-9868-57a2d4851a1d" relativeResultsDirectory="6b1251b4-a0a2-41a5-89ff-51558a51659f" />
    <UnitTestResult executionId="0b481732-87ac-4dce-a501-d6cde0699ec2" testId="27959c8b-f4d6-bcae-f560-fc37c4b787a5" testName="UserService.UnitTest.Application.Dtos.Requests.LoginUserRequestTests.LoginUserRequest_ComSenhaNula_DevePermitirAtribuicao" computerName="iMac-de-Bruno" duration="00:00:00.0134651" startTime="2025-09-25T19:08:29.1321730-03:00" endTime="2025-09-25T19:08:29.1321730-03:00" testType="13cdc9d9-ddb5-4fa4-a97d-d965ccfc6d4b" outcome="Passed" testListId="8c84fa94-04c1-424b-9868-57a2d4851a1d" relativeResultsDirectory="0b481732-87ac-4dce-a501-d6cde0699ec2" />
    <UnitTestResult executionId="f1e68d82-b252-4fb1-a8e5-003f94b00bd0" testId="4a0fee84-a0e9-6e91-946c-e3024a3d1804" testName="UserService.UnitTest.Domain.UserTests.Usuario_QuandoEmailDefinido_DeveAceitarFormatosValidos(email: &quot;test+tag@example.org&quot;)" computerName="iMac-de-Bruno" duration="00:00:00.0053483" startTime="2025-09-25T19:08:29.2790690-03:00" endTime="2025-09-25T19:08:29.2790700-03:00" testType="13cdc9d9-ddb5-4fa4-a97d-d965ccfc6d4b" outcome="Passed" testListId="8c84fa94-04c1-424b-9868-57a2d4851a1d" relativeResultsDirectory="f1e68d82-b252-4fb1-a8e5-003f94b00bd0" />
    <UnitTestResult executionId="2233bf2e-4f0f-4442-9f34-fecceab50ec9" testId="de151c58-4467-4a44-0aaa-73fe7dfaabe6" testName="UserService.UnitTest.Domain.UserAddressExtensionsTests.ObterEnderecoFormatado_QuandoNumeroRuaAlfanumerico_DeveTratarCorretamente" computerName="iMac-de-Bruno" duration="00:00:00.0036360" startTime="2025-09-25T19:08:29.2621510-03:00" endTime="2025-09-25T19:08:29.2621510-03:00" testType="13cdc9d9-ddb5-4fa4-a97d-d965ccfc6d4b" outcome="Passed" testListId="8c84fa94-04c1-424b-9868-57a2d4851a1d" relativeResultsDirectory="2233bf2e-4f0f-4442-9f34-fecceab50ec9" />
    <UnitTestResult executionId="ef5f2b72-4d2e-4460-9628-47ee01958469" testId="12b0a882-1523-5493-37d9-a3daeaab53d7" testName="UserService.UnitTest.Application.Dtos.Responses.LoginUserResponseTests.LoginUserResponse_ComDiferentesTiposDeToken_DevePermitirAtribuicao(tokenType: &quot;Bearer&quot;)" computerName="iMac-de-Bruno" duration="00:00:00.0126781" startTime="2025-09-25T19:08:29.0367650-03:00" endTime="2025-09-25T19:08:29.0367650-03:00" testType="13cdc9d9-ddb5-4fa4-a97d-d965ccfc6d4b" outcome="Passed" testListId="8c84fa94-04c1-424b-9868-57a2d4851a1d" relativeResultsDirectory="ef5f2b72-4d2e-4460-9628-47ee01958469" />
    <UnitTestResult executionId="78271fb4-bc43-4f28-9194-76a66715721f" testId="99ce01d7-0310-a92e-fac7-c4d886c40f40" testName="UserService.UnitTest.Application.Services.PasswordEncripterTests.EncryptPassword_ComSenhaNula_DeveLancarExcecao" computerName="iMac-de-Bruno" duration="00:00:00.0004515" startTime="2025-09-25T19:08:33.3830110-03:00" endTime="2025-09-25T19:08:33.3830110-03:00" testType="13cdc9d9-ddb5-4fa4-a97d-d965ccfc6d4b" outcome="Passed" testListId="8c84fa94-04c1-424b-9868-57a2d4851a1d" relativeResultsDirectory="78271fb4-bc43-4f28-9194-76a66715721f" />
    <UnitTestResult executionId="701a2634-d66a-46b1-973d-b8480793d768" testId="5dff643f-cbf4-e0e0-57b8-42bc26c22629" testName="UserService.UnitTest.Application.Dtos.Keycloak.CreateUserKeycloakTests.CreateUserKeycloak_ComTodosValoresVazios_DevePermitirCriacao" computerName="iMac-de-Bruno" duration="00:00:00.0089521" startTime="2025-09-25T19:08:29.1787660-03:00" endTime="2025-09-25T19:08:29.1787660-03:00" testType="13cdc9d9-ddb5-4fa4-a97d-d965ccfc6d4b" outcome="Passed" testListId="8c84fa94-04c1-424b-9868-57a2d4851a1d" relativeResultsDirectory="701a2634-d66a-46b1-973d-b8480793d768" />
    <UnitTestResult executionId="fc5dd88d-8d7e-4655-b2dd-ce327be2c3c0" testId="754d74b5-9f62-1c41-8e5d-2dd8b5f59b70" testName="UserService.UnitTest.Application.Dtos.Keycloak.LoginUserKeycloakTests.LoginUserKeycloak_ComEmailsEspeciais_DevePermitirCriacao" computerName="iMac-de-Bruno" duration="00:00:00.0029036" startTime="2025-09-25T19:08:29.4091040-03:00" endTime="2025-09-25T19:08:29.4091040-03:00" testType="13cdc9d9-ddb5-4fa4-a97d-d965ccfc6d4b" outcome="Passed" testListId="8c84fa94-04c1-424b-9868-57a2d4851a1d" relativeResultsDirectory="fc5dd88d-8d7e-4655-b2dd-ce327be2c3c0" />
    <UnitTestResult executionId="1be4b750-4844-4f7d-914d-0c7ccda7165a" testId="57a41fb6-ad6a-e4d4-d70e-2b7b58d9ebe6" testName="UserService.UnitTest.Domain.UserAddressExtensionsTests.ObterEnderecoFormatado_QuandoComplementoVazio_DeveRetornarEnderecoFormatadoSemComplemento" computerName="iMac-de-Bruno" duration="00:00:00.0024466" startTime="2025-09-25T19:08:29.2791620-03:00" endTime="2025-09-25T19:08:29.2791630-03:00" testType="13cdc9d9-ddb5-4fa4-a97d-d965ccfc6d4b" outcome="Passed" testListId="8c84fa94-04c1-424b-9868-57a2d4851a1d" relativeResultsDirectory="1be4b750-4844-4f7d-914d-0c7ccda7165a" />
    <UnitTestResult executionId="e1d2c29f-2db7-43cb-ae2d-90c944afc3ab" testId="3d3b9104-58df-c60e-7604-16031cc31e72" testName="UserService.UnitTest.Application.Dtos.Keycloak.LoginUserKeycloakTests.LoginUserKeycloak_ComEmailVazioOuEspacos_DevePermitirCriacao(email: &quot; &quot;)" computerName="iMac-de-Bruno" duration="00:00:00.0096193" startTime="2025-09-25T19:08:29.0912170-03:00" endTime="2025-09-25T19:08:29.0912170-03:00" testType="13cdc9d9-ddb5-4fa4-a97d-d965ccfc6d4b" outcome="Passed" testListId="8c84fa94-04c1-424b-9868-57a2d4851a1d" relativeResultsDirectory="e1d2c29f-2db7-43cb-ae2d-90c944afc3ab" />
    <UnitTestResult executionId="6edaf7be-af65-4228-be66-36807ff9287d" testId="5dd926b3-7dcc-5adb-6291-fac7f1fedccb" testName="UserService.UnitTest.Application.Dtos.Responses.LoginUserResponseTests.LoginUserResponse_ComDiferentesTiposDeToken_DevePermitirAtribuicao(tokenType: &quot;BEARER&quot;)" computerName="iMac-de-Bruno" duration="00:00:00.0024667" startTime="2025-09-25T19:08:29.0238640-03:00" endTime="2025-09-25T19:08:29.0238640-03:00" testType="13cdc9d9-ddb5-4fa4-a97d-d965ccfc6d4b" outcome="Passed" testListId="8c84fa94-04c1-424b-9868-57a2d4851a1d" relativeResultsDirectory="6edaf7be-af65-4228-be66-36807ff9287d" />
    <UnitTestResult executionId="50c3b952-064e-4c49-9f52-bcd703914866" testId="d67fc309-5de0-ad1c-c75e-133e682e42ef" testName="UserService.UnitTest.Application.Dtos.Responses.LoginUserResponseTests.LoginUserResponse_ComTokenTypeNulo_DevePermitirAtribuicao" computerName="iMac-de-Bruno" duration="00:00:00.0023574" startTime="2025-09-25T19:08:29.4406980-03:00" endTime="2025-09-25T19:08:29.4406980-03:00" testType="13cdc9d9-ddb5-4fa4-a97d-d965ccfc6d4b" outcome="Passed" testListId="8c84fa94-04c1-424b-9868-57a2d4851a1d" relativeResultsDirectory="50c3b952-064e-4c49-9f52-bcd703914866" />
    <UnitTestResult executionId="b1192670-ed31-4231-b646-98fbb53786b7" testId="6db8dbd3-7b5f-7324-b691-1ab92965e592" testName="UserService.UnitTest.Application.Commands.LoginUserCommandHandlerTests.Handle_ComUsuarioInexistente_DeveRetornarFalha" computerName="iMac-de-Bruno" duration="00:00:00.0064789" startTime="2025-09-25T19:08:29.4805220-03:00" endTime="2025-09-25T19:08:29.4805220-03:00" testType="13cdc9d9-ddb5-4fa4-a97d-d965ccfc6d4b" outcome="Passed" testListId="8c84fa94-04c1-424b-9868-57a2d4851a1d" relativeResultsDirectory="b1192670-ed31-4231-b646-98fbb53786b7" />
    <UnitTestResult executionId="a5c57d1d-05e7-439f-9361-a516bbffa977" testId="1971d78d-d90b-8b5b-2193-80ba0ab46f86" testName="UserService.UnitTest.Domain.UserExtensionsTests.ObterNomeCompleto_QuandoApenasPrimeiroNome_DeveRetornarPrimeiroNomeLimpo" computerName="iMac-de-Bruno" duration="00:00:00.0137067" startTime="2025-09-25T19:08:29.2285560-03:00" endTime="2025-09-25T19:08:29.2285560-03:00" testType="13cdc9d9-ddb5-4fa4-a97d-d965ccfc6d4b" outcome="Passed" testListId="8c84fa94-04c1-424b-9868-57a2d4851a1d" relativeResultsDirectory="a5c57d1d-05e7-439f-9361-a516bbffa977" />
    <UnitTestResult executionId="a1c52e27-2dee-4a9d-bea6-3ee5771e64bd" testId="6d19f980-ef8d-bc1f-5044-1e73e326a8c9" testName="UserService.UnitTest.Domain.UserExtensionsTests.ObterNomeCompleto_QuandoAmbosNomesVazios_DeveRetornarStringVazia" computerName="iMac-de-Bruno" duration="00:00:00.0182512" startTime="2025-09-25T19:08:29.1354710-03:00" endTime="2025-09-25T19:08:29.1354710-03:00" testType="13cdc9d9-ddb5-4fa4-a97d-d965ccfc6d4b" outcome="Passed" testListId="8c84fa94-04c1-424b-9868-57a2d4851a1d" relativeResultsDirectory="a1c52e27-2dee-4a9d-bea6-3ee5771e64bd" />
    <UnitTestResult executionId="4878675e-a5fa-46d6-a88f-37e5d02d1bf3" testId="98212644-d194-40f8-f990-1100931aab24" testName="UserService.UnitTest.Application.Dtos.Responses.CreateUserResponseTests.CreateUserResponse_ComNomesNulos_DevePermitirAtribuicao" computerName="iMac-de-Bruno" duration="00:00:00.0119014" startTime="2025-09-25T19:08:29.3412430-03:00" endTime="2025-09-25T19:08:29.3412430-03:00" testType="13cdc9d9-ddb5-4fa4-a97d-d965ccfc6d4b" outcome="Passed" testListId="8c84fa94-04c1-424b-9868-57a2d4851a1d" relativeResultsDirectory="4878675e-a5fa-46d6-a88f-37e5d02d1bf3" />
    <UnitTestResult executionId="47e76693-8f69-4e51-b65e-41e4cd9942e2" testId="5e8a1a7b-63fd-ef39-f9dc-927456d0cd7a" testName="UserService.UnitTest.Application.Commands.LoginUserCommandTests.CriarComando_ComDiferentesCredenciais_DeveDefinirPropriedadesCorretamente(email: &quot;joao@email.com&quot;, password: &quot;Senha123@&quot;)" computerName="iMac-de-Bruno" duration="00:00:00.0110471" startTime="2025-09-25T19:08:28.9716330-03:00" endTime="2025-09-25T19:08:28.9716330-03:00" testType="13cdc9d9-ddb5-4fa4-a97d-d965ccfc6d4b" outcome="Passed" testListId="8c84fa94-04c1-424b-9868-57a2d4851a1d" relativeResultsDirectory="47e76693-8f69-4e51-b65e-41e4cd9942e2" />
    <UnitTestResult executionId="1708aef3-3912-42f3-8491-eada4062a2f6" testId="a02ff287-97b3-5f57-60b5-31628fd9cbb4" testName="UserService.UnitTest.Application.Dtos.Requests.LoginUserRequestTests.LoginUserRequest_ComSenhaVaziaOuEspacos_DevePermitirAtribuicao(password: &quot;&quot;)" computerName="iMac-de-Bruno" duration="00:00:00.0030182" startTime="2025-09-25T19:08:29.1914870-03:00" endTime="2025-09-25T19:08:29.1914870-03:00" testType="13cdc9d9-ddb5-4fa4-a97d-d965ccfc6d4b" outcome="Passed" testListId="8c84fa94-04c1-424b-9868-57a2d4851a1d" relativeResultsDirectory="1708aef3-3912-42f3-8491-eada4062a2f6" />
    <UnitTestResult executionId="aa33e3f7-c89f-4818-bb4c-0add985e1993" testId="090d0a31-3c26-6ead-5f5a-dd50f9b42ffc" testName="UserService.UnitTest.Application.Dtos.Responses.LoginUserResponseTests.LoginUserResponse_ComValoresPadrao_DeveInicializarPropriedadesCorretamente" computerName="iMac-de-Bruno" duration="00:00:00.2496156" startTime="2025-09-25T19:08:29.3410190-03:00" endTime="2025-09-25T19:08:29.3410200-03:00" testType="13cdc9d9-ddb5-4fa4-a97d-d965ccfc6d4b" outcome="Failed" testListId="8c84fa94-04c1-424b-9868-57a2d4851a1d" relativeResultsDirectory="aa33e3f7-c89f-4818-bb4c-0add985e1993">
      <Output>
        <ErrorInfo>
          <Message>Expected response.AccessToken to be &lt;null&gt;, but found "".</Message>
          <StackTrace>   at FluentAssertions.Execution.XUnit2TestFramework.Throw(String message)
   at FluentAssertions.Execution.TestFrameworkProvider.Throw(String message)
   at FluentAssertions.Execution.DefaultAssertionStrategy.HandleFailure(String message)
   at FluentAssertions.Execution.AssertionScope.FailWith(Func`1 failReasonFunc)
   at FluentAssertions.Execution.AssertionScope.FailWith(Func`1 failReasonFunc)
   at FluentAssertions.Execution.AssertionScope.FailWith(String message, Object[] args)
   at FluentAssertions.Primitives.ReferenceTypeAssertions`2.BeNull(String because, Object[] becauseArgs)
   at UserService.UnitTest.Application.Dtos.Responses.LoginUserResponseTests.LoginUserResponse_ComValoresPadrao_DeveInicializarPropriedadesCorretamente() in /Users/diasbruno/Documents/programacao/codigos/dotnet/bcommerce/backend/src/Services/UserService/UserService.UnitTest/Application/Dtos/Responses/LoginUserResponseTests.cs:line 49
   at System.RuntimeMethodHandle.InvokeMethod(Object target, Void** arguments, Signature sig, Boolean isConstructor)
   at System.Reflection.MethodBaseInvoker.InvokeWithNoArgs(Object obj, BindingFlags invokeAttr)</StackTrace>
        </ErrorInfo>
      </Output>
    </UnitTestResult>
    <UnitTestResult executionId="206cef99-49ea-490a-b4a6-a922e46317d2" testId="61f1e916-f7d2-9c70-1f9f-c8fae1845eae" testName="UserService.UnitTest.Application.Dtos.Keycloak.LoginUserKeycloakTests.LoginUserKeycloak_ComEmailVazioOuEspacos_DevePermitirCriacao(email: &quot;   &quot;)" computerName="iMac-de-Bruno" duration="00:00:00.0099883" startTime="2025-09-25T19:08:29.1010350-03:00" endTime="2025-09-25T19:08:29.1010360-03:00" testType="13cdc9d9-ddb5-4fa4-a97d-d965ccfc6d4b" outcome="Passed" testListId="8c84fa94-04c1-424b-9868-57a2d4851a1d" relativeResultsDirectory="206cef99-49ea-490a-b4a6-a922e46317d2" />
    <UnitTestResult executionId="b18392e7-6fc1-43ca-9027-efd378aa6aeb" testId="8302d487-c677-8166-612f-48492666d649" testName="UserService.UnitTest.Application.Dtos.Keycloak.CreateUserKeycloakTests.CreateUserKeycloak_ComNomesLongos_DevePermitirCriacao" computerName="iMac-de-Bruno" duration="00:00:00.0094437" startTime="2025-09-25T19:08:29.0901180-03:00" endTime="2025-09-25T19:08:29.0901180-03:00" testType="13cdc9d9-ddb5-4fa4-a97d-d965ccfc6d4b" outcome="Passed" testListId="8c84fa94-04c1-424b-9868-57a2d4851a1d" relativeResultsDirectory="b18392e7-6fc1-43ca-9027-efd378aa6aeb" />
    <UnitTestResult executionId="e8aee32e-3d84-4438-bb7d-9ee3fd3d6f51" testId="bb295f3e-a215-64d0-04ce-1e667f89b126" testName="UserService.UnitTest.Application.Commands.CreateUserCommandTests.CriarComando_ComSenhaNula_DevePermitirAtribuicao" computerName="iMac-de-Bruno" duration="00:00:00.0002611" startTime="2025-09-25T19:08:28.9946560-03:00" endTime="2025-09-25T19:08:28.9946570-03:00" testType="13cdc9d9-ddb5-4fa4-a97d-d965ccfc6d4b" outcome="Passed" testListId="8c84fa94-04c1-424b-9868-57a2d4851a1d" relativeResultsDirectory="e8aee32e-3d84-4438-bb7d-9ee3fd3d6f51" />
    <UnitTestResult executionId="b6d64829-6ce7-4cce-980e-9d91a17fad29" testId="f601ccbc-f153-73b7-b905-98210b7bdf42" testName="UserService.UnitTest.Application.Dtos.Responses.LoginUserResponseTests.LoginUserResponse_ComDadosValidos_DeveDefinirPropriedadesCorretamente" computerName="iMac-de-Bruno" duration="00:00:00.0025108" startTime="2025-09-25T19:08:29.4521280-03:00" endTime="2025-09-25T19:08:29.4521280-03:00" testType="13cdc9d9-ddb5-4fa4-a97d-d965ccfc6d4b" outcome="Passed" testListId="8c84fa94-04c1-424b-9868-57a2d4851a1d" relativeResultsDirectory="b6d64829-6ce7-4cce-980e-9d91a17fad29" />
    <UnitTestResult executionId="b5de597f-07fa-4a20-9bc7-28efd6606a4f" testId="fc3482e3-2884-5135-2840-da422505e3a5" testName="UserService.UnitTest.Application.Dtos.Responses.LoginUserResponseTests.LoginUserResponse_ComTokensJWT_DevePermitirAtribuicao" computerName="iMac-de-Bruno" duration="00:00:00.0029954" startTime="2025-09-25T19:08:29.4578240-03:00" endTime="2025-09-25T19:08:29.4578240-03:00" testType="13cdc9d9-ddb5-4fa4-a97d-d965ccfc6d4b" outcome="Passed" testListId="8c84fa94-04c1-424b-9868-57a2d4851a1d" relativeResultsDirectory="b5de597f-07fa-4a20-9bc7-28efd6606a4f" />
[...]
    <TestEntry testId="5472f781-1150-479a-0d10-2e5fabc0b72f" executionId="676df9e4-6786-4a2f-a0a2-567a4777e512" testListId="8c84fa94-04c1-424b-9868-57a2d4851a1d" />
    <TestEntry testId="d73eb999-7432-4af9-c8e2-b1ec06fbd0ba" executionId="c761ddea-e8fc-4393-a013-d48e8e037a6b" testListId="8c84fa94-04c1-424b-9868-57a2d4851a1d" />
    <TestEntry testId="f257391b-3a40-c27b-61ef-2e778289cdae" executionId="a04318b8-a328-4340-b523-a7be93f36f5d" testListId="8c84fa94-04c1-424b-9868-57a2d4851a1d" />
    <TestEntry testId="a7175ca1-e111-14da-b787-1aa39b5a9e4f" executionId="129081cb-715a-4941-bc0d-5e7c50b0bfe1" testListId="8c84fa94-04c1-424b-9868-57a2d4851a1d" />
    <TestEntry testId="c5503723-d274-6d3e-f29b-d6aa6e37dd4d" executionId="eafd6321-334b-4c1b-b9a9-51b283e1e245" testListId="8c84fa94-04c1-424b-9868-57a2d4851a1d" />
    <TestEntry testId="3b57956c-e654-1644-49d6-a98f07644b37" executionId="9761ebfd-f812-41ed-9656-196ba6cdb01d" testListId="8c84fa94-04c1-424b-9868-57a2d4851a1d" />
    <TestEntry testId="cedc76c1-a4d8-b8aa-f434-d87082eaf67b" executionId="836de471-1a06-4702-b67f-cd61730add11" testListId="8c84fa94-04c1-424b-9868-57a2d4851a1d" />
    <TestEntry testId="64e11116-f5cb-bd3b-2e3c-4f33a15a2949" executionId="f60c7243-ce83-4593-a876-c951a4631073" testListId="8c84fa94-04c1-424b-9868-57a2d4851a1d" />
    <TestEntry testId="63551efc-83f9-ad65-fc6c-5aba8aad3785" executionId="512d1fc8-b6c1-4fe1-93dc-26f7a9a858d8" testListId="8c84fa94-04c1-424b-9868-57a2d4851a1d" />
    <TestEntry testId="3585b56d-a5f1-f683-7400-c0bfac8126e5" executionId="dd55b2dd-b440-47ed-923f-6fda40c7b565" testListId="8c84fa94-04c1-424b-9868-57a2d4851a1d" />
    <TestEntry testId="f729a349-2432-6996-746c-8014e568a6b3" executionId="326c9434-6964-4c7d-bd6f-a1aa532dcffc" testListId="8c84fa94-04c1-424b-9868-57a2d4851a1d" />
    <TestEntry testId="216b8240-df47-df55-a8bc-b11def2680be" executionId="6c80007f-3b6c-450a-acf8-5bd0eeb4d80f" testListId="8c84fa94-04c1-424b-9868-57a2d4851a1d" />
    <TestEntry testId="c48f3693-24b9-b9f1-3b52-fe0f40af0c26" executionId="7485ce8a-9892-4787-a1a5-b8e359584b81" testListId="8c84fa94-04c1-424b-9868-57a2d4851a1d" />
    <TestEntry testId="52ed97e2-360f-9d0a-658b-04f22e2f374f" executionId="0ed90f26-890e-4112-a61b-fa72aa499e63" testListId="8c84fa94-04c1-424b-9868-57a2d4851a1d" />
    <TestEntry testId="9d369a17-d75d-c80a-d5fc-0a698e0e67e6" executionId="7672dbd2-81f3-4f98-b86f-d013b5f547c6" testListId="8c84fa94-04c1-424b-9868-57a2d4851a1d" />
    <TestEntry testId="c6a80189-81d8-ce21-9aeb-1becdbf04d47" executionId="e48e8a76-633a-4618-828c-4c1218d5f445" testListId="8c84fa94-04c1-424b-9868-57a2d4851a1d" />
    <TestEntry testId="d07ea7a5-c866-35f6-fba6-bbeb61c2cbd4" executionId="6cf86e10-d210-4556-853f-60c284025692" testListId="8c84fa94-04c1-424b-9868-57a2d4851a1d" />
    <TestEntry testId="cbeb45ac-56a9-b181-db70-bf0d2b8b3189" executionId="b278b505-b0a0-4501-8b74-d046b8d31c15" testListId="8c84fa94-04c1-424b-9868-57a2d4851a1d" />
    <TestEntry testId="886d0801-1cdc-bf20-ec21-62fa42239b79" executionId="3eb40407-92b3-4e0f-85cf-f73560cf6a6e" testListId="8c84fa94-04c1-424b-9868-57a2d4851a1d" />
    <TestEntry testId="ead62057-8fe9-f841-c449-ad4098aa83d7" executionId="2005f4c8-ed23-4e59-8644-a4bd93eef9c7" testListId="8c84fa94-04c1-424b-9868-57a2d4851a1d" />
    <TestEntry testId="43b820b7-5647-d132-d063-6da9f9b3371e" executionId="d5a7c836-f3f1-4560-8464-4aa43d574991" testListId="8c84fa94-04c1-424b-9868-57a2d4851a1d" />
    <TestEntry testId="26064631-63e7-bc93-4193-399fdd33c0b2" executionId="ba44f546-9f56-4cce-8c03-04b1eae8ce32" testListId="8c84fa94-04c1-424b-9868-57a2d4851a1d" />
    <TestEntry testId="03d95fe1-ceef-4489-acd8-3edec8b039fb" executionId="860307ef-2d17-4d40-9508-b74f062d0f09" testListId="8c84fa94-04c1-424b-9868-57a2d4851a1d" />
    <TestEntry testId="174b90df-372c-c4b4-5d45-c7118ef3adc9" executionId="8913d597-a0b2-4f23-9aab-125a2afa704c" testListId="8c84fa94-04c1-424b-9868-57a2d4851a1d" />
    <TestEntry testId="ef2bade2-f40a-f79a-d71d-087306ed8868" executionId="ad2b68c2-0850-4039-9187-f9ad7bf5dae7" testListId="8c84fa94-04c1-424b-9868-57a2d4851a1d" />
    <TestEntry testId="63697932-2986-880a-55c5-32c06b77f11b" executionId="e9756bdf-aa96-44f5-96e6-7886e2ef0b31" testListId="8c84fa94-04c1-424b-9868-57a2d4851a1d" />
    <TestEntry testId="69eb78fd-0d27-b104-5384-38065d4960ea" executionId="a0e62da4-934b-4b33-be06-9937eb277ae2" testListId="8c84fa94-04c1-424b-9868-57a2d4851a1d" />
    <TestEntry testId="de562b09-2c5e-f09c-fd30-893f727481c2" executionId="44f81826-e554-426b-b3a2-241e7504f5b0" testListId="8c84fa94-04c1-424b-9868-57a2d4851a1d" />
    <TestEntry testId="71279174-e79a-ca21-5900-ba860d67dd79" executionId="6c624d4c-afa5-4cf4-b6ee-548d3ddb694e" testListId="8c84fa94-04c1-424b-9868-57a2d4851a1d" />
    <TestEntry testId="21f55e48-a0cb-c565-6b08-f52556623633" executionId="7826e8fe-cef0-461d-8113-d4bfd4a0e38a" testListId="8c84fa94-04c1-424b-9868-57a2d4851a1d" />
    <TestEntry testId="415ca712-1aa2-06e2-e263-63f760b6c085" executionId="b7fd3488-5bd8-4178-9360-121b9ccc86f9" testListId="8c84fa94-04c1-424b-9868-57a2d4851a1d" />
    <TestEntry testId="54376db2-25bf-2edb-cd9f-93033e9bb5e9" executionId="66a25515-6786-4acd-93f0-4fd67a625651" testListId="8c84fa94-04c1-424b-9868-57a2d4851a1d" />
    <TestEntry testId="0b5edc04-4e18-c4ac-4387-717b7ddaaef2" executionId="fd6a1deb-4ca1-429d-b4e8-28926e0c4ed1" testListId="8c84fa94-04c1-424b-9868-57a2d4851a1d" />
  </TestEntries>
  <TestLists>
    <TestList name="Resultados que não estão em uma lista" id="8c84fa94-04c1-424b-9868-57a2d4851a1d" />
    <TestList name="Todos os resultados carregados" id="19431567-8539-422a-85d7-44ee4e166bda" />
  </TestLists>
  <ResultSummary outcome="Failed">
    <Counters total="267" executed="267" passed="262" failed="5" error="0" timeout="0" aborted="0" inconclusive="0" passedButRunAborted="0" notRunnable="0" notExecuted="0" disconnected="0" warning="0" completed="0" inProgress="0" pending="0" />
    <Output>
      <StdOut>[xUnit.net 00:00:00.00] xUnit.net VSTest Adapter v2.5.3.1+6b60a9e56a (64-bit .NET 8.0.20)
[xUnit.net 00:00:00.08]   Discovering: UserService.UnitTest
[xUnit.net 00:00:00.16]   Discovered:  UserService.UnitTest
[xUnit.net 00:00:00.16]   Starting:    UserService.UnitTest
Mock called with URI: http://localhost:8080/realms/master/protocol/openid-connect/token
Method: POST
Handling user login request
Login request content: grant_type=password&amp;client_id=admin-cli&amp;username=admin&amp;password=admin-password
Returning successful login response
[xUnit.net 00:00:00.60]       Expected request.Email to be &lt;null&gt;, but found "".
[xUnit.net 00:00:00.60]       Stack Trace:
[xUnit.net 00:00:00.60]            at FluentAssertions.Execution.XUnit2TestFramework.Throw(String message)
[xUnit.net 00:00:00.60]            at FluentAssertions.Execution.TestFrameworkProvider.Throw(String message)
[xUnit.net 00:00:00.60]            at FluentAssertions.Execution.DefaultAssertionStrategy.HandleFailure(String message)
[xUnit.net 00:00:00.60]            at FluentAssertions.Execution.AssertionScope.FailWith(Func`1 failReasonFunc)
[xUnit.net 00:00:00.60]            at FluentAssertions.Execution.AssertionScope.FailWith(Func`1 failReasonFunc)
[xUnit.net 00:00:00.60]            at FluentAssertions.Execution.AssertionScope.FailWith(String message, Object[] args)
[xUnit.net 00:00:00.60]            at FluentAssertions.Primitives.ReferenceTypeAssertions`2.BeNull(String because, Object[] becauseArgs)
[xUnit.net 00:00:00.60]         /Users/diasbruno/Documents/programacao/codigos/dotnet/bcommerce/backend/src/Services/UserService/UserService.UnitTest/Application/Dtos/Requests/LoginUserRequestTests.cs(43,0): at UserService.UnitTest.Application.Dtos.Requests.LoginUserRequestTests.LoginUserRequest_ComValoresPadrao_DeveInicializarPropriedadesCorretamente()
[xUnit.net 00:00:00.60]            at System.RuntimeMethodHandle.InvokeMethod(Object target, Void** arguments, Signature sig, Boolean isConstructor)
[xUnit.net 00:00:00.60]            at System.Reflection.MethodBaseInvoker.InvokeWithNoArgs(Object obj, BindingFlags invokeAttr)
[xUnit.net 00:00:00.62]       Expected request.Email to be &lt;null&gt;, but found "".
[xUnit.net 00:00:00.62]       Stack Trace:
[xUnit.net 00:00:00.62]            at FluentAssertions.Execution.XUnit2TestFramework.Throw(String message)
[xUnit.net 00:00:00.62]            at FluentAssertions.Execution.TestFrameworkProvider.Throw(String message)
[xUnit.net 00:00:00.62]            at FluentAssertions.Execution.DefaultAssertionStrategy.HandleFailure(String message)
[xUnit.net 00:00:00.62]            at FluentAssertions.Execution.AssertionScope.FailWith(Func`1 failReasonFunc)
[xUnit.net 00:00:00.62]            at FluentAssertions.Execution.AssertionScope.FailWith(Func`1 failReasonFunc)
[xUnit.net 00:00:00.62]            at FluentAssertions.Execution.AssertionScope.FailWith(String message, Object[] args)
[xUnit.net 00:00:00.62]            at FluentAssertions.Primitives.ReferenceTypeAssertions`2.BeNull(String because, Object[] becauseArgs)
[xUnit.net 00:00:00.62]         /Users/diasbruno/Documents/programacao/codigos/dotnet/bcommerce/backend/src/Services/UserService/UserService.UnitTest/Application/Dtos/Requests/CreateUserRequestTests.cs(53,0): at UserService.UnitTest.Application.Dtos.Requests.CreateUserRequestTests.CreateUserRequest_ComValoresPadrao_DeveInicializarPropriedadesCorretamente()
[xUnit.net 00:00:00.62]            at System.RuntimeMethodHandle.InvokeMethod(Object target, Void** arguments, Signature sig, Boolean isConstructor)
[xUnit.net 00:00:00.62]            at System.Reflection.MethodBaseInvoker.InvokeWithNoArgs(Object obj, BindingFlags invokeAttr)
[xUnit.net 00:00:00.62]       Expected response.Email to be &lt;null&gt;, but found "".
[xUnit.net 00:00:00.62]       Stack Trace:
[xUnit.net 00:00:00.62]            at FluentAssertions.Execution.XUnit2TestFramework.Throw(String message)
[xUnit.net 00:00:00.62]            at FluentAssertions.Execution.TestFrameworkProvider.Throw(String message)
[xUnit.net 00:00:00.62]            at FluentAssertions.Execution.DefaultAssertionStrategy.HandleFailure(String message)
[xUnit.net 00:00:00.62]            at FluentAssertions.Execution.AssertionScope.FailWith(Func`1 failReasonFunc)
[xUnit.net 00:00:00.62]            at FluentAssertions.Execution.AssertionScope.FailWith(Func`1 failReasonFunc)
[xUnit.net 00:00:00.62]            at FluentAssertions.Execution.AssertionScope.FailWith(String message, Object[] args)
[xUnit.net 00:00:00.62]            at FluentAssertions.Primitives.ReferenceTypeAssertions`2.BeNull(String because, Object[] becauseArgs)
[xUnit.net 00:00:00.62]         /Users/diasbruno/Documents/programacao/codigos/dotnet/bcommerce/backend/src/Services/UserService/UserService.UnitTest/Application/Dtos/Responses/CreateUserResponseTests.cs(61,0): at UserService.UnitTest.Application.Dtos.Responses.CreateUserResponseTests.CreateUserResponse_ComValoresPadrao_DeveInicializarPropriedadesCorretamente()
[xUnit.net 00:00:00.62]            at System.RuntimeMethodHandle.InvokeMethod(Object target, Void** arguments, Signature sig, Boolean isConstructor)
[xUnit.net 00:00:00.62]            at System.Reflection.MethodBaseInvoker.InvokeWithNoArgs(Object obj, BindingFlags invokeAttr)
[xUnit.net 00:00:00.62]       Expected loginKeycloak.Email.Length to be 111, but found 112 (difference of 1).
[xUnit.net 00:00:00.62]       Stack Trace:
[xUnit.net 00:00:00.62]            at FluentAssertions.Execution.XUnit2TestFramework.Throw(String message)
[xUnit.net 00:00:00.62]            at FluentAssertions.Execution.TestFrameworkProvider.Throw(String message)
[xUnit.net 00:00:00.62]            at FluentAssertions.Execution.DefaultAssertionStrategy.HandleFailure(String message)
[xUnit.net 00:00:00.62]            at FluentAssertions.Execution.AssertionScope.FailWith(Func`1 failReasonFunc)
[xUnit.net 00:00:00.62]            at FluentAssertions.Execution.AssertionScope.FailWith(Func`1 failReasonFunc)
[xUnit.net 00:00:00.62]            at FluentAssertions.Execution.AssertionScope.FailWith(String message, Object[] args)
[xUnit.net 00:00:00.62]            at FluentAssertions.Numeric.NumericAssertions`2.Be(T expected, String because, Object[] becauseArgs)
[xUnit.net 00:00:00.62]         /Users/diasbruno/Documents/programacao/codigos/dotnet/bcommerce/backend/src/Services/UserService/UserService.UnitTest/Application/Dtos/Keycloak/LoginUserKeycloakTests.cs(203,0): at UserService.UnitTest.Application.Dtos.Keycloak.LoginUserKeycloakTests.LoginUserKeycloak_ComEmailLongo_DevePermitirCriacao()
[xUnit.net 00:00:00.62]            at System.RuntimeMethodHandle.InvokeMethod(Object target, Void** arguments, Signature sig, Boolean isConstructor)
[xUnit.net 00:00:00.62]            at System.Reflection.MethodBaseInvoker.InvokeWithNoArgs(Object obj, BindingFlags invokeAttr)
[xUnit.net 00:00:00.62]       Expected response.AccessToken to be &lt;null&gt;, but found "".
[xUnit.net 00:00:00.63]       Stack Trace:
[xUnit.net 00:00:00.63]            at FluentAssertions.Execution.XUnit2TestFramework.Throw(String message)
[xUnit.net 00:00:00.63]            at FluentAssertions.Execution.TestFrameworkProvider.Throw(String message)
[xUnit.net 00:00:00.63]            at FluentAssertions.Execution.DefaultAssertionStrategy.HandleFailure(String message)
[xUnit.net 00:00:00.63]            at FluentAssertions.Execution.AssertionScope.FailWith(Func`1 failReasonFunc)
[xUnit.net 00:00:00.63]            at FluentAssertions.Execution.AssertionScope.FailWith(Func`1 failReasonFunc)
[xUnit.net 00:00:00.63]            at FluentAssertions.Execution.AssertionScope.FailWith(String message, Object[] args)
[xUnit.net 00:00:00.63]            at FluentAssertions.Primitives.ReferenceTypeAssertions`2.BeNull(String because, Object[] becauseArgs)
[xUnit.net 00:00:00.63]         /Users/diasbruno/Documents/programacao/codigos/dotnet/bcommerce/backend/src/Services/UserService/UserService.UnitTest/Application/Dtos/Responses/LoginUserResponseTests.cs(49,0): at UserService.UnitTest.Application.Dtos.Responses.LoginUserResponseTests.LoginUserResponse_ComValoresPadrao_DeveInicializarPropriedadesCorretamente()
[xUnit.net 00:00:00.63]            at System.RuntimeMethodHandle.InvokeMethod(Object target, Void** arguments, Signature sig, Boolean isConstructor)
[xUnit.net 00:00:00.63]            at System.Reflection.MethodBaseInvoker.InvokeWithNoArgs(Object obj, BindingFlags invokeAttr)
Mock called with URI: http://localhost:8080/admin/realms/test-realm/users?email=usuario.inexistente%40email.com&amp;exact=true
Method: GET
Mock called with URI: http://localhost:8080/realms/master/protocol/openid-connect/token
Method: POST
Handling user login request
Login request content: grant_type=password&amp;client_id=admin-cli&amp;username=admin&amp;password=admin-password
Returning successful login response
Mock called with URI: http://localhost:8080/admin/realms/test-realm/users
Method: POST
Mock called with URI: http://localhost:8080/realms/master/protocol/openid-connect/token
Method: POST
Handling user login request
Login request content: grant_type=password&amp;client_id=admin-cli&amp;username=admin&amp;password=admin-password
Returning successful login response
Mock called with URI: http://localhost:8080/admin/realms/test-realm/roles/user
Method: GET
Mock called with URI: http://localhost:8080/admin/realms/test-realm/users/d2d120e1-9842-48b7-b264-6455d75ec274/role-mappings/realm
Method: POST
Mock called with URI: http://localhost:8080/realms/master/protocol/openid-connect/token
Method: POST
Handling user login request
Login request content: grant_type=password&amp;client_id=admin-cli&amp;username=admin&amp;password=admin-password
Returning successful login response
Mock called with URI: http://localhost:8080/admin/realms/test-realm/users/2d7450b3-aab1-43f7-97c2-95af2b712f12
Method: DELETE
Mock called with URI: http://localhost:8080/realms/test-realm/protocol/openid-connect/token
Method: POST
Handling user login request
Login request content: grant_type=password&amp;client_id=frontend-client&amp;username=Victor.Santos63%40live.com&amp;password=MinhaSenh%40123&amp;scope=openid
Returning successful login response
Mock called with URI: http://localhost:8080/realms/master/protocol/openid-connect/token
Method: POST
Handling user login request
Login request content: grant_type=password&amp;client_id=admin-cli&amp;username=admin&amp;password=admin-password
Returning successful login response
Mock called with URI: http://localhost:8080/admin/realms/test-realm/users
Method: POST
Mock called with URI: http://localhost:8080/realms/master/protocol/openid-connect/token
Method: POST
Handling user login request
Login request content: grant_type=password&amp;client_id=admin-cli&amp;username=admin&amp;password=admin-password
Returning successful login response
Mock called with URI: http://localhost:8080/admin/realms/test-realm/users?email=test%40email.com&amp;exact=true
Method: GET
Mock called with URI: http://localhost:8080/realms/master/protocol/openid-connect/token
Method: POST
Handling user login request
Login request content: grant_type=password&amp;client_id=admin-cli&amp;username=admin&amp;password=admin-password
Returning successful login response
Mock called with URI: http://localhost:8080/admin/realms/test-realm/users/292462e3-848a-412d-98f0-8da26d943c22/role-mappings/realm
Method: GET
Mock called with URI: http://localhost:8080/realms/test-realm/protocol/openid-connect/token
Method: POST
Handling user login request
Login request content: grant_type=password&amp;client_id=frontend-client&amp;username=Igor46%40gmail.com&amp;password=SenhaIncorreta&amp;scope=openid
Returning 401 for invalid credentials
Mock called with URI: http://localhost:8080/realms/master/protocol/openid-connect/token
Method: POST
Handling user login request
Login request content: grant_type=password&amp;client_id=admin-cli&amp;username=admin&amp;password=admin-password
Returning successful login response
Mock called with URI: http://localhost:8080/admin/realms/test-realm/users/IdInvalido
Method: DELETE
[xUnit.net 00:00:05.33]   Finished:    UserService.UnitTest
</StdOut>
    </Output>
    <RunInfos>
      <RunInfo computerName="iMac-de-Bruno" outcome="Error" timestamp="2025-09-25T19:08:29.3085200-03:00">
        <Text>[xUnit.net 00:00:00.60]     UserService.UnitTest.Application.Dtos.Requests.LoginUserRequestTests.LoginUserRequest_ComValoresPadrao_DeveInicializarPropriedadesCorretamente [FAIL]</Text>
      </RunInfo>
      <RunInfo computerName="iMac-de-Bruno" outcome="Error" timestamp="2025-09-25T19:08:29.3280180-03:00">
        <Text>[xUnit.net 00:00:00.62]     UserService.UnitTest.Application.Dtos.Requests.CreateUserRequestTests.CreateUserRequest_ComValoresPadrao_DeveInicializarPropriedadesCorretamente [FAIL]</Text>
      </RunInfo>
      <RunInfo computerName="iMac-de-Bruno" outcome="Error" timestamp="2025-09-25T19:08:29.3281230-03:00">
        <Text>[xUnit.net 00:00:00.62]     UserService.UnitTest.Application.Dtos.Responses.CreateUserResponseTests.CreateUserResponse_ComValoresPadrao_DeveInicializarPropriedadesCorretamente [FAIL]</Text>
      </RunInfo>
      <RunInfo computerName="iMac-de-Bruno" outcome="Error" timestamp="2025-09-25T19:08:29.3281950-03:00">
        <Text>[xUnit.net 00:00:00.62]     UserService.UnitTest.Application.Dtos.Keycloak.LoginUserKeycloakTests.LoginUserKeycloak_ComEmailLongo_DevePermitirCriacao [FAIL]</Text>
      </RunInfo>
      <RunInfo computerName="iMac-de-Bruno" outcome="Error" timestamp="2025-09-25T19:08:29.3285010-03:00">
        <Text>[xUnit.net 00:00:00.62]     UserService.UnitTest.Application.Dtos.Responses.LoginUserResponseTests.LoginUserResponse_ComValoresPadrao_DeveInicializarPropriedadesCorretamente [FAIL]</Text>
      </RunInfo>
    </RunInfos>
  </ResultSummary>
</TestRun>