<?xml version="1.0" encoding="utf-8"?>
<TestRun id="b264ea4a-0eeb-47a5-a6dd-842c41ee35d8" name="@iMac-de-Bruno 2025-09-25 19:11:56" xmlns="http://microsoft.com/schemas/VisualStudio/TeamTest/2010">
  <Times creation="2025-09-25T19:11:56.8974470-03:00" queuing="2025-09-25T19:11:56.8974470-03:00" start="2025-09-25T19:11:55.8604980-03:00" finish="2025-09-25T19:12:01.9281380-03:00" />
  <TestSettings name="default" id="9f30d41c-3714-4798-bc3a-72769f434726">
    <Deployment runDeploymentRoot="_iMac-de-Bruno_2025-09-25_19_11_56" />
  </TestSettings>
  <Results>
    <UnitTestResult executionId="db76a0f6-e639-4f50-8ea2-4d3f68254173" testId="9275a646-add3-ee8d-c809-ecb8a8e3f3fc" testName="UserService.UnitTest.Application.Commands.LoginUserCommandHandlerTests.Handle_ComCredenciaisInvalidas_DeveRetornarFalha" computerName="iMac-de-Bruno" duration="00:00:00.0149368" startTime="2025-09-25T19:11:57.2462790-03:00" endTime="2025-09-25T19:11:57.2462790-03:00" testType="13cdc9d9-ddb5-4fa4-a97d-d965ccfc6d4b" outcome="Passed" testListId="8c84fa94-04c1-424b-9868-57a2d4851a1d" relativeResultsDirectory="db76a0f6-e639-4f50-8ea2-4d3f68254173" />
    <UnitTestResult executionId="f846db63-4cf0-4e77-af22-2e6045e85fe2" testId="7edfa15f-a405-492f-f256-aeeef35b1c52" testName="UserService.UnitTest.Application.Dtos.Requests.LoginUserRequestTests.LoginUserRequest_ComEmailVazioOuEspacos_DevePermitirAtribuicao(email: &quot;   &quot;)" computerName="iMac-de-Bruno" duration="00:00:00.0025916" startTime="2025-09-25T19:11:56.9398450-03:00" endTime="2025-09-25T19:11:56.9398460-03:00" testType="13cdc9d9-ddb5-4fa4-a97d-d965ccfc6d4b" outcome="Passed" testListId="8c84fa94-04c1-424b-9868-57a2d4851a1d" relativeResultsDirectory="f846db63-4cf0-4e77-af22-2e6045e85fe2" />
    <UnitTestResult executionId="e5f6a217-8dd4-4023-8ce4-a4cb42caedae" testId="15b00dc6-8761-7dfd-3524-dfc1c17e1a0e" testName="UserService.UnitTest.Application.Dtos.Keycloak.LoginUserKeycloakTests.LoginUserKeycloak_ComCaracteresDeControle_DevePermitirCriacao(email: &quot;\n&quot;, password: &quot;\n&quot;)" computerName="iMac-de-Bruno" duration="00:00:00.0023572" startTime="2025-09-25T19:11:57.1562100-03:00" endTime="2025-09-25T19:11:57.1562110-03:00" testType="13cdc9d9-ddb5-4fa4-a97d-d965ccfc6d4b" outcome="Passed" testListId="8c84fa94-04c1-424b-9868-57a2d4851a1d" relativeResultsDirectory="e5f6a217-8dd4-4023-8ce4-a4cb42caedae" />
    <UnitTestResult executionId="0b463f0f-43c9-4a62-b32a-171ea7f1867b" testId="64e1aecb-9e30-c5d0-5a75-78b9e973ebdf" testName="UserService.UnitTest.Application.Dtos.Keycloak.LoginUserKeycloakTests.LoginUserKeycloak_ComCaracteresEspeciaisNoEmail_DevePermitirCriacao" computerName="iMac-de-Bruno" duration="00:00:00.0076354" startTime="2025-09-25T19:11:57.1489520-03:00" endTime="2025-09-25T19:11:57.1489520-03:00" testType="13cdc9d9-ddb5-4fa4-a97d-d965ccfc6d4b" outcome="Passed" testListId="8c84fa94-04c1-424b-9868-57a2d4851a1d" relativeResultsDirectory="0b463f0f-43c9-4a62-b32a-171ea7f1867b" />
    <UnitTestResult executionId="a0e23094-31a3-45b9-996d-7a678251d1d1" testId="0a819944-3627-6320-8a60-5c8e3670cd38" testName="UserService.UnitTest.Application.Services.PasswordEncripterTests.VerifyPassword_ComSenhaIncorreta_DeveRetornarFalse" computerName="iMac-de-Bruno" duration="00:00:00.2600484" startTime="2025-09-25T19:12:00.5536370-03:00" endTime="2025-09-25T19:12:00.5536380-03:00" testType="13cdc9d9-ddb5-4fa4-a97d-d965ccfc6d4b" outcome="Passed" testListId="8c84fa94-04c1-424b-9868-57a2d4851a1d" relativeResultsDirectory="a0e23094-31a3-45b9-996d-7a678251d1d1" />
    <UnitTestResult executionId="16f487fc-893f-4edc-b5c1-6a467f1912ca" testId="3d3b9104-58df-c60e-7604-16031cc31e72" testName="UserService.UnitTest.Application.Dtos.Keycloak.LoginUserKeycloakTests.LoginUserKeycloak_ComEmailVazioOuEspacos_DevePermitirCriacao(email: &quot; &quot;)" computerName="iMac-de-Bruno" duration="00:00:00.0023247" startTime="2025-09-25T19:11:56.9395170-03:00" endTime="2025-09-25T19:11:56.9395170-03:00" testType="13cdc9d9-ddb5-4fa4-a97d-d965ccfc6d4b" outcome="Passed" testListId="8c84fa94-04c1-424b-9868-57a2d4851a1d" relativeResultsDirectory="16f487fc-893f-4edc-b5c1-6a467f1912ca" />
    <UnitTestResult executionId="3e0a7c87-784d-4233-8c9b-9ffa14f9338c" testId="c50df869-b3c4-1b8a-0bad-e772087c3927" testName="UserService.UnitTest.Application.Dtos.Keycloak.LoginUserKeycloakTests.LoginUserKeycloak_ComTodosValoresNulos_DevePermitirCriacao" computerName="iMac-de-Bruno" duration="00:00:00.0017991" startTime="2025-09-25T19:11:57.1915180-03:00" endTime="2025-09-25T19:11:57.1915180-03:00" testType="13cdc9d9-ddb5-4fa4-a97d-d965ccfc6d4b" outcome="Passed" testListId="8c84fa94-04c1-424b-9868-57a2d4851a1d" relativeResultsDirectory="3e0a7c87-784d-4233-8c9b-9ffa14f9338c" />
    <UnitTestResult executionId="b015ddc1-86b8-43d3-b681-3a013df4578d" testId="9750dd9c-2b78-49b3-896d-e9ac5a9af7be" testName="UserService.UnitTest.Application.Dtos.Responses.LoginUserResponseTests.LoginUserResponse_ComExpiresInNegativoOuZero_DevePermitirAtribuicao(expiresIn: -3600)" computerName="iMac-de-Bruno" duration="00:00:00.0091813" startTime="2025-09-25T19:11:57.0535460-03:00" endTime="2025-09-25T19:11:57.0535460-03:00" testType="13cdc9d9-ddb5-4fa4-a97d-d965ccfc6d4b" outcome="Passed" testListId="8c84fa94-04c1-424b-9868-57a2d4851a1d" relativeResultsDirectory="b015ddc1-86b8-43d3-b681-3a013df4578d" />
    <UnitTestResult executionId="e4c72d30-2e1b-4274-b4bc-05af8f47dd25" testId="d9e444cf-8e9b-8caf-5fd4-b02fbc20ebc7" testName="UserService.UnitTest.Application.Dtos.Keycloak.LoginUserKeycloakTests.LoginUserKeycloak_ComEmailLongo_DevePermitirCriacao" computerName="iMac-de-Bruno" duration="00:00:00.1271125" startTime="2025-09-25T19:11:57.1488480-03:00" endTime="2025-09-25T19:11:57.1488480-03:00" testType="13cdc9d9-ddb5-4fa4-a97d-d965ccfc6d4b" outcome="Failed" testListId="8c84fa94-04c1-424b-9868-57a2d4851a1d" relativeResultsDirectory="e4c72d30-2e1b-4274-b4bc-05af8f47dd25">
      <Output>
        <ErrorInfo>
          <Message>Expected loginKeycloak.Email.Length to be 111, but found 112 (difference of 1).</Message>
          <StackTrace>   at FluentAssertions.Execution.XUnit2TestFramework.Throw(String message)
   at FluentAssertions.Execution.TestFrameworkProvider.Throw(String message)
   at FluentAssertions.Execution.DefaultAssertionStrategy.HandleFailure(String message)
   at FluentAssertions.Execution.AssertionScope.FailWith(Func`1 failReasonFunc)
   at FluentAssertions.Execution.AssertionScope.FailWith(Func`1 failReasonFunc)
   at FluentAssertions.Execution.AssertionScope.FailWith(String message, Object[] args)
   at FluentAssertions.Numeric.NumericAssertions`2.Be(T expected, String because, Object[] becauseArgs)
   at UserService.UnitTest.Application.Dtos.Keycloak.LoginUserKeycloakTests.LoginUserKeycloak_ComEmailLongo_DevePermitirCriacao() in /Users/diasbruno/Documents/programacao/codigos/dotnet/bcommerce/backend/src/Services/UserService/UserService.UnitTest/Application/Dtos/Keycloak/LoginUserKeycloakTests.cs:line 203
   at System.RuntimeMethodHandle.InvokeMethod(Object target, Void** arguments, Signature sig, Boolean isConstructor)
   at System.Reflection.MethodBaseInvoker.InvokeWithNoArgs(Object obj, BindingFlags invokeAttr)</StackTrace>
        </ErrorInfo>
      </Output>
    </UnitTestResult>
    <UnitTestResult executionId="703944d6-a90a-4299-b9b3-4ff0b3d76773" testId="d4de45df-2ee9-3818-54dc-270dc3bfcc8e" testName="UserService.UnitTest.Application.Dtos.Keycloak.LoginUserKeycloakTests.LoginUserKeycloak_ComSenhasEspeciais_DevePermitirCriacao" computerName="iMac-de-Bruno" duration="00:00:00.0758955" startTime="2025-09-25T19:11:56.8443220-03:00" endTime="2025-09-25T19:11:56.8443220-03:00" testType="13cdc9d9-ddb5-4fa4-a97d-d965ccfc6d4b" outcome="Passed" testListId="8c84fa94-04c1-424b-9868-57a2d4851a1d" relativeResultsDirectory="703944d6-a90a-4299-b9b3-4ff0b3d76773" />
    <UnitTestResult executionId="c29d6ce9-1bcf-4add-a94f-7dc01e46bcfc" testId="c48f3693-24b9-b9f1-3b52-fe0f40af0c26" testName="UserService.UnitTest.Application.Dtos.Requests.LoginUserRequestTests.LoginUserRequest_ComEmailNulo_DevePermitirAtribuicao" computerName="iMac-de-Bruno" duration="00:00:00.0104375" startTime="2025-09-25T19:11:57.0653680-03:00" endTime="2025-09-25T19:11:57.0653690-03:00" testType="13cdc9d9-ddb5-4fa4-a97d-d965ccfc6d4b" outcome="Passed" testListId="8c84fa94-04c1-424b-9868-57a2d4851a1d" relativeResultsDirectory="c29d6ce9-1bcf-4add-a94f-7dc01e46bcfc" />
    <UnitTestResult executionId="90edce16-90f2-4c2a-b093-d0dd06b48f8c" testId="e17b7cb9-2e37-5171-bf20-8e757d62d918" testName="UserService.UnitTest.Application.Commands.LoginUserCommandTests.CriarComando_ComSenhaNula_DevePermitirAtribuicao" computerName="iMac-de-Bruno" duration="00:00:00.0003260" startTime="2025-09-25T19:11:56.8363050-03:00" endTime="2025-09-25T19:11:56.8363050-03:00" testType="13cdc9d9-ddb5-4fa4-a97d-d965ccfc6d4b" outcome="Passed" testListId="8c84fa94-04c1-424b-9868-57a2d4851a1d" relativeResultsDirectory="90edce16-90f2-4c2a-b093-d0dd06b48f8c" />
    <UnitTestResult executionId="5490ee3a-e71e-43a7-b32f-8dddff00ca36" testId="4d5abda7-7da4-712d-602e-675946223906" testName="UserService.UnitTest.Application.Commands.LoginUserCommandTests.CriarComando_ComDiferentesCredenciais_DeveDefinirPropriedadesCorretamente(email: &quot;admin@sistema.com&quot;, password: &quot;AdminPass@2024&quot;)" computerName="iMac-de-Bruno" duration="00:00:00.0003264" startTime="2025-09-25T19:11:56.8195050-03:00" endTime="2025-09-25T19:11:56.8195050-03:00" testType="13cdc9d9-ddb5-4fa4-a97d-d965ccfc6d4b" outcome="Passed" testListId="8c84fa94-04c1-424b-9868-57a2d4851a1d" relativeResultsDirectory="5490ee3a-e71e-43a7-b32f-8dddff00ca36" />
    <UnitTestResult executionId="bddfb0ba-6e7d-4eca-b1d8-e3ac4e2d71e7" testId="cbeb45ac-56a9-b181-db70-bf0d2b8b3189" testName="UserService.UnitTest.Application.Dtos.Keycloak.CreateUserKeycloakTests.CreateUserKeycloak_ComDiferentesCombinacoesDeDados_DeveDefinirPropriedadesCorretamente(email: &quot;user@domain.org&quot;, password: &quot;mypassword&quot;, firstName: &quot;Maria&quot;, lastName: &quot;Santos&quot;, enabled: False)" computerName="iMac-de-Bruno" duration="00:00:00.0082966" startTime="2025-09-25T19:11:56.8657130-03:00" endTime="2025-09-25T19:11:56.8657130-03:00" testType="13cdc9d9-ddb5-4fa4-a97d-d965ccfc6d4b" outcome="Passed" testListId="8c84fa94-04c1-424b-9868-57a2d4851a1d" relativeResultsDirectory="bddfb0ba-6e7d-4eca-b1d8-e3ac4e2d71e7" />
    <UnitTestResult executionId="670a6217-187c-4dee-8da9-7b3500f97d95" testId="79348a23-39f7-ae80-156c-06b1524027de" testName="UserService.UnitTest.Domain.UserExtensionsTests.EstaAtivo_QuandoUsuarioAtivoMasExcluido_DeveRetornarFalso" computerName="iMac-de-Bruno" duration="00:00:00.0113462" startTime="2025-09-25T19:11:57.0426960-03:00" endTime="2025-09-25T19:11:57.0426970-03:00" testType="13cdc9d9-ddb5-4fa4-a97d-d965ccfc6d4b" outcome="Passed" testListId="8c84fa94-04c1-424b-9868-57a2d4851a1d" relativeResultsDirectory="670a6217-187c-4dee-8da9-7b3500f97d95" />
    <UnitTestResult executionId="8806204c-cb94-4e00-b5f0-691f2f3f9daf" testId="57a41fb6-ad6a-e4d4-d70e-2b7b58d9ebe6" testName="UserService.UnitTest.Domain.UserAddressExtensionsTests.ObterEnderecoFormatado_QuandoComplementoVazio_DeveRetornarEnderecoFormatadoSemComplemento" computerName="iMac-de-Bruno" duration="00:00:00.0096524" startTime="2025-09-25T19:11:56.8930410-03:00" endTime="2025-09-25T19:11:56.8930410-03:00" testType="13cdc9d9-ddb5-4fa4-a97d-d965ccfc6d4b" outcome="Passed" testListId="8c84fa94-04c1-424b-9868-57a2d4851a1d" relativeResultsDirectory="8806204c-cb94-4e00-b5f0-691f2f3f9daf" />
    <UnitTestResult executionId="70b278c4-bb81-4185-a37e-57b3a6eef85b" testId="292a0587-9db2-78cd-7bbb-972a0e245863" testName="UserService.UnitTest.Application.Dtos.Keycloak.CreateUserKeycloakTests.CreateUserKeycloak_ComSobrenomeVazioOuEspacos_DevePermitirCriacao(lastName: &quot; &quot;)" computerName="iMac-de-Bruno" duration="00:00:00.0031421" startTime="2025-09-25T19:11:57.0259730-03:00" endTime="2025-09-25T19:11:57.0259730-03:00" testType="13cdc9d9-ddb5-4fa4-a97d-d965ccfc6d4b" outcome="Passed" testListId="8c84fa94-04c1-424b-9868-57a2d4851a1d" relativeResultsDirectory="70b278c4-bb81-4185-a37e-57b3a6eef85b" />
    <UnitTestResult executionId="66b2859d-19ea-468e-bda7-47f45b73d6ef" testId="685f973e-3db8-7bb4-f100-0e47ca648e30" testName="UserService.UnitTest.Domain.UserExtensionsTests.EstaAtivo_QuandoUsuarioInativo_DeveRetornarFalso" computerName="iMac-de-Bruno" duration="00:00:00.0116332" startTime="2025-09-25T19:11:57.0269860-03:00" endTime="2025-09-25T19:11:57.0269860-03:00" testType="13cdc9d9-ddb5-4fa4-a97d-d965ccfc6d4b" outcome="Passed" testListId="8c84fa94-04c1-424b-9868-57a2d4851a1d" relativeResultsDirectory="66b2859d-19ea-468e-bda7-47f45b73d6ef" />
    <UnitTestResult executionId="d834f243-ecc8-4892-ae8b-1632cd135bba" testId="c4988668-44b7-6e24-5ea0-95fef931415f" testName="UserService.UnitTest.Application.Dtos.Keycloak.CreateUserKeycloakTests.CreateUserKeycloak_ComNomesComCaracteresEspeciais_DevePermitirCriacao" computerName="iMac-de-Bruno" duration="00:00:00.0023515" startTime="2025-09-25T19:11:56.9051150-03:00" endTime="2025-09-25T19:11:56.9051150-03:00" testType="13cdc9d9-ddb5-4fa4-a97d-d965ccfc6d4b" outcome="Passed" testListId="8c84fa94-04c1-424b-9868-57a2d4851a1d" relativeResultsDirectory="d834f243-ecc8-4892-ae8b-1632cd135bba" />
    <UnitTestResult executionId="9979c3ba-0d7f-4dc8-83d1-93ed918bbb5e" testId="321b1e81-3b6f-125b-b35e-2cc7a19e0114" testName="UserService.UnitTest.Application.Commands.CreateUserCommandHandlerTests.Handle_QuandoKeycloakFalha_DeveRetornarErroSemCriarUsuarioNoBanco" computerName="iMac-de-Bruno" duration="00:00:00.0115423" startTime="2025-09-25T19:11:58.0655950-03:00" endTime="2025-09-25T19:11:58.0655950-03:00" testType="13cdc9d9-ddb5-4fa4-a97d-d965ccfc6d4b" outcome="Passed" testListId="8c84fa94-04c1-424b-9868-57a2d4851a1d" relativeResultsDirectory="9979c3ba-0d7f-4dc8-83d1-93ed918bbb5e" />
    <UnitTestResult executionId="98cc51a2-4788-4cc2-8c0d-a6ec6c1da6f5" testId="fe2188a3-a528-1695-0a18-13de35ee7b3e" testName="UserService.UnitTest.Application.Dtos.Keycloak.CreateUserKeycloakTests.CreateUserKeycloak_ComSenhaVaziaOuEspacos_DevePermitirCriacao(password: &quot;   &quot;)" computerName="iMac-de-Bruno" duration="00:00:00.0077026" startTime="2025-09-25T19:11:57.0411430-03:00" endTime="2025-09-25T19:11:57.0411430-03:00" testType="13cdc9d9-ddb5-4fa4-a97d-d965ccfc6d4b" outcome="Passed" testListId="8c84fa94-04c1-424b-9868-57a2d4851a1d" relativeResultsDirectory="98cc51a2-4788-4cc2-8c0d-a6ec6c1da6f5" />
    <UnitTestResult executionId="250fcd71-6f7c-46ca-98ce-8d039191abd2" testId="594efe64-66ef-f3fa-a651-622da975ad06" testName="UserService.UnitTest.Application.Dtos.Responses.CreateUserResponseTests.CreateUserResponse_ComTelefoneNulo_DevePermitirAtribuicao" computerName="iMac-de-Bruno" duration="00:00:00.0116797" startTime="2025-09-25T19:11:56.9404550-03:00" endTime="2025-09-25T19:11:56.9404550-03:00" testType="13cdc9d9-ddb5-4fa4-a97d-d965ccfc6d4b" outcome="Passed" testListId="8c84fa94-04c1-424b-9868-57a2d4851a1d" relativeResultsDirectory="250fcd71-6f7c-46ca-98ce-8d039191abd2" />
    <UnitTestResult executionId="96038ed8-ca93-4b03-968d-5cf8f5c42071" testId="84b86d7e-0f77-e8bb-8ca8-882d441f0046" testName="UserService.UnitTest.Application.Dtos.Requests.LoginUserRequestTests.LoginUserRequest_ComDiferentesCombinacoesDeDados_DeveDefinirPropriedadesCorretamente(email: &quot;user@domain.org&quot;, password: &quot;mypassword&quot;)" computerName="iMac-de-Bruno" duration="00:00:00.0084461" startTime="2025-09-25T19:11:57.0232310-03:00" endTime="2025-09-25T19:11:57.0232310-03:00" testType="13cdc9d9-ddb5-4fa4-a97d-d965ccfc6d4b" outcome="Passed" testListId="8c84fa94-04c1-424b-9868-57a2d4851a1d" relativeResultsDirectory="96038ed8-ca93-4b03-968d-5cf8f5c42071" />
    <UnitTestResult executionId="65fa1aa4-1d67-452d-832b-e0968e254015" testId="aeb58abd-f3e4-0504-34c7-844f95ce41e7" testName="UserService.UnitTest.Application.Dtos.Keycloak.CreateUserKeycloakTests.CreateUserKeycloak_ComTodosValoresNulos_DevePermitirCriacao" computerName="iMac-de-Bruno" duration="00:00:00.0075882" startTime="2025-09-25T19:11:56.9739540-03:00" endTime="2025-09-25T19:11:56.9739540-03:00" testType="13cdc9d9-ddb5-4fa4-a97d-d965ccfc6d4b" outcome="Passed" testListId="8c84fa94-04c1-424b-9868-57a2d4851a1d" relativeResultsDirectory="65fa1aa4-1d67-452d-832b-e0968e254015" />
    <UnitTestResult executionId="0f700aea-b67f-461f-9947-9ac64445d3ef" testId="9040559d-3d05-8a7d-2668-cc2dfe090132" testName="UserService.UnitTest.Domain.UserTests.Usuario_QuandoOptInNewsletterNaoDefinido_DeveSerFalso" computerName="iMac-de-Bruno" duration="00:00:00.0031128" startTime="2025-09-25T19:11:57.2908530-03:00" endTime="2025-09-25T19:11:57.2908530-03:00" testType="13cdc9d9-ddb5-4fa4-a97d-d965ccfc6d4b" outcome="Passed" testListId="8c84fa94-04c1-424b-9868-57a2d4851a1d" relativeResultsDirectory="0f700aea-b67f-461f-9947-9ac64445d3ef" />
    <UnitTestResult executionId="9798130a-23e9-4340-85fb-0ef0ce4c576d" testId="4aaa9357-1d22-5091-fa57-cbefdb70b12e" testName="UserService.UnitTest.Application.Dtos.Requests.CreateUserRequestTests.CreateUserRequest_ComDiferentesCombinacoesDeDados_DeveDefinirPropriedadesCorretamente(email: &quot;user@example.com&quot;, password: &quot;Password123!&quot;, firstName: &quot;João&quot;, lastName: &quot;Silva&quot;, newsletterOptIn: True)" computerName="iMac-de-Bruno" duration="00:00:00.0223356" startTime="2025-09-25T19:11:56.9522510-03:00" endTime="2025-09-25T19:11:56.9522510-03:00" testType="13cdc9d9-ddb5-4fa4-a97d-d965ccfc6d4b" outcome="Passed" testListId="8c84fa94-04c1-424b-9868-57a2d4851a1d" relativeResultsDirectory="9798130a-23e9-4340-85fb-0ef0ce4c576d" />
    <UnitTestResult executionId="5ea2ed29-9df7-4709-a510-3e16ad0e2360" testId="f2e7343d-6d78-f1e1-176c-353e3e9faddd" testName="UserService.UnitTest.Application.Commands.LoginUserCommandHandlerTests.Handle_ComCredenciaisValidas_DeveRetornarTokenComSucesso" computerName="iMac-de-Bruno" duration="00:00:00.0116894" startTime="2025-09-25T19:11:57.2253090-03:00" endTime="2025-09-25T19:11:57.2253100-03:00" testType="13cdc9d9-ddb5-4fa4-a97d-d965ccfc6d4b" outcome="Passed" testListId="8c84fa94-04c1-424b-9868-57a2d4851a1d" relativeResultsDirectory="5ea2ed29-9df7-4709-a510-3e16ad0e2360" />
    <UnitTestResult executionId="462d6794-109f-496e-8cf7-1cb2b0a490a1" testId="5dff643f-cbf4-e0e0-57b8-42bc26c22629" testName="UserService.UnitTest.Application.Dtos.Keycloak.CreateUserKeycloakTests.CreateUserKeycloak_ComTodosValoresVazios_DevePermitirCriacao" computerName="iMac-de-Bruno" duration="00:00:00.0071370" startTime="2025-09-25T19:11:57.0331790-03:00" endTime="2025-09-25T19:11:57.0331790-03:00" testType="13cdc9d9-ddb5-4fa4-a97d-d965ccfc6d4b" outcome="Passed" testListId="8c84fa94-04c1-424b-9868-57a2d4851a1d" relativeResultsDirectory="462d6794-109f-496e-8cf7-1cb2b0a490a1" />
    <UnitTestResult executionId="a6565405-b2f7-434a-ba8a-6676a6c81bfd" testId="e7609c01-9db8-7c78-36f4-866ca84178af" testName="UserService.UnitTest.Application.Dtos.Responses.CreateUserResponseTests.CreateUserResponse_ComDiferentesCombinacoesDeDados_DeveDefinirPropriedadesCorretamente(email: &quot;test@example.com&quot;, firstName: &quot;João&quot;, lastName: &quot;Silva&quot;, phoneNumber: &quot;11999999999&quot;)" computerName="iMac-de-Bruno" duration="00:00:00.0156014" startTime="2025-09-25T19:11:56.8819660-03:00" endTime="2025-09-25T19:11:56.8819660-03:00" testType="13cdc9d9-ddb5-4fa4-a97d-d965ccfc6d4b" outcome="Passed" testListId="8c84fa94-04c1-424b-9868-57a2d4851a1d" relativeResultsDirectory="a6565405-b2f7-434a-ba8a-6676a6c81bfd" />
    <UnitTestResult executionId="8b6b09b1-dc58-427e-abc3-2032241e098e" testId="3d3a96f3-4a53-d31b-8129-bc34dd0b7ecd" testName="UserService.UnitTest.Domain.UserTests.Usuario_QuandoHashSenhaDefinido_DeveArmazenarCorretamente" computerName="iMac-de-Bruno" duration="00:00:00.0043307" startTime="2025-09-25T19:11:57.2323200-03:00" endTime="2025-09-25T19:11:57.2323200-03:00" testType="13cdc9d9-ddb5-4fa4-a97d-d965ccfc6d4b" outcome="Passed" testListId="8c84fa94-04c1-424b-9868-57a2d4851a1d" relativeResultsDirectory="8b6b09b1-dc58-427e-abc3-2032241e098e" />
    <UnitTestResult executionId="b651b3df-2b48-4e86-b4cc-5e53833d1496" testId="671947d4-fe02-9f57-6838-91768cf202dc" testName="UserService.UnitTest.Domain.UserTests.Usuario_QuandoPerfilDefinido_DeveAceitarPerfisValidos(role: Admin)" computerName="iMac-de-Bruno" duration="00:00:00.0040762" startTime="2025-09-25T19:11:57.2877750-03:00" endTime="2025-09-25T19:11:57.2877750-03:00" testType="13cdc9d9-ddb5-4fa4-a97d-d965ccfc6d4b" outcome="Passed" testListId="8c84fa94-04c1-424b-9868-57a2d4851a1d" relativeResultsDirectory="b651b3df-2b48-4e86-b4cc-5e53833d1496" />
    <UnitTestResult executionId="037e5112-3603-4a5a-b4a3-e580d20853e3" testId="11759d32-7c45-d95c-6b8c-5bd352b4a13c" testName="UserService.UnitTest.Application.Dtos.Keycloak.CreateUserKeycloakTests.CreateUserKeycloak_ComDiferentesValoresEnabled_DeveDefinirCorretamente(enabled: True)" computerName="iMac-de-Bruno" duration="00:00:00.0109522" startTime="2025-09-25T19:11:57.0658500-03:00" endTime="2025-09-25T19:11:57.0658500-03:00" testType="13cdc9d9-ddb5-4fa4-a97d-d965ccfc6d4b" outcome="Passed" testListId="8c84fa94-04c1-424b-9868-57a2d4851a1d" relativeResultsDirectory="037e5112-3603-4a5a-b4a3-e580d20853e3" />
    <UnitTestResult executionId="a282be36-d425-47bf-b3cb-2490ee4163ef" testId="7943d811-31a2-060e-ca85-3b49082e0953" testName="UserService.UnitTest.Application.Dtos.Keycloak.CreateUserKeycloakTests.CreateUserKeycloak_ComEmailsEspeciais_DevePermitirCriacao" computerName="iMac-de-Bruno" duration="00:00:00.0016998" startTime="2025-09-25T19:11:57.1022090-03:00" endTime="2025-09-25T19:11:57.1022090-03:00" testType="13cdc9d9-ddb5-4fa4-a97d-d965ccfc6d4b" outcome="Passed" testListId="8c84fa94-04c1-424b-9868-57a2d4851a1d" relativeResultsDirectory="a282be36-d425-47bf-b3cb-2490ee4163ef" />
    <UnitTestResult executionId="1dbb908c-e31b-4c0e-b98b-c5e197ef1757" testId="5dd926b3-7dcc-5adb-6291-fac7f1fedccb" testName="UserService.UnitTest.Application.Dtos.Responses.LoginUserResponseTests.LoginUserResponse_ComDiferentesTiposDeToken_DevePermitirAtribuicao(tokenType: &quot;BEARER&quot;)" computerName="iMac-de-Bruno" duration="00:00:00.0025025" startTime="2025-09-25T19:11:56.8789670-03:00" endTime="2025-09-25T19:11:56.8789680-03:00" testType="13cdc9d9-ddb5-4fa4-a97d-d965ccfc6d4b" outcome="Passed" testListId="8c84fa94-04c1-424b-9868-57a2d4851a1d" relativeResultsDirectory="1dbb908c-e31b-4c0e-b98b-c5e197ef1757" />
    <UnitTestResult executionId="99936102-54b4-4020-825a-e3e62ec10015" testId="7387758e-7526-9d26-2c7f-e947817f37cd" testName="UserService.UnitTest.Application.Commands.LoginUserCommandTests.CriarComando_ComValoresPadrao_DeveInicializarPropriedadesVazias" computerName="iMac-de-Bruno" duration="00:00:00.0002348" startTime="2025-09-25T19:11:56.8360470-03:00" endTime="2025-09-25T19:11:56.8360470-03:00" testType="13cdc9d9-ddb5-4fa4-a97d-d965ccfc6d4b" outcome="Passed" testListId="8c84fa94-04c1-424b-9868-57a2d4851a1d" relativeResultsDirectory="99936102-54b4-4020-825a-e3e62ec10015" />
    <UnitTestResult executionId="d472c887-e971-4835-a999-957c4c312b80" testId="f926bebb-7b15-fc0a-b671-c48777b3d530" testName="UserService.UnitTest.Application.Dtos.Keycloak.CreateUserKeycloakTests.CreateUserKeycloak_ComSenhasEspeciais_DevePermitirCriacao" computerName="iMac-de-Bruno" duration="00:00:00.0015999" startTime="2025-09-25T19:11:57.0821590-03:00" endTime="2025-09-25T19:11:57.0821590-03:00" testType="13cdc9d9-ddb5-4fa4-a97d-d965ccfc6d4b" outcome="Passed" testListId="8c84fa94-04c1-424b-9868-57a2d4851a1d" relativeResultsDirectory="d472c887-e971-4835-a999-957c4c312b80" />
    <UnitTestResult executionId="fde1e7f7-85c6-47cd-82ea-bd87e457a025" testId="88a92719-9263-71f9-7f23-706865eca76f" testName="UserService.UnitTest.Application.Dtos.Responses.LoginUserResponseTests.LoginUserResponse_ComAccessTokenVazioOuEspacos_DevePermitirAtribuicao(accessToken: &quot;   &quot;)" computerName="iMac-de-Bruno" duration="00:00:00.0092648" startTime="2025-09-25T19:11:56.9852400-03:00" endTime="2025-09-25T19:11:56.9852400-03:00" testType="13cdc9d9-ddb5-4fa4-a97d-d965ccfc6d4b" outcome="Passed" testListId="8c84fa94-04c1-424b-9868-57a2d4851a1d" relativeResultsDirectory="fde1e7f7-85c6-47cd-82ea-bd87e457a025" />
    <UnitTestResult executionId="1ca87966-cfb4-483b-9ff1-2ecf664f947e" testId="ef2bade2-f40a-f79a-d71d-087306ed8868" testName="UserService.UnitTest.Application.Services.PasswordEncripterTests.VerifyPassword_ComSenhaVazia_DeveRetornarFalse" computerName="iMac-de-Bruno" duration="00:00:00.1317632" startTime="2025-09-25T19:12:01.3425280-03:00" endTime="2025-09-25T19:12:01.3425280-03:00" testType="13cdc9d9-ddb5-4fa4-a97d-d965ccfc6d4b" outcome="Passed" testListId="8c84fa94-04c1-424b-9868-57a2d4851a1d" relativeResultsDirectory="1ca87966-cfb4-483b-9ff1-2ecf664f947e" />
    <UnitTestResult executionId="6bb9de33-78c2-4021-814b-aadab9f6e4fb" testId="174b90df-372c-c4b4-5d45-c7118ef3adc9" testName="UserService.UnitTest.Application.Dtos.Responses.LoginUserResponseTests.LoginUserResponse_ComRefreshTokenVazioOuEspacos_DevePermitirAtribuicao(refreshToken: &quot;   &quot;)" computerName="iMac-de-Bruno" duration="00:00:00.0049529" startTime="2025-09-25T19:11:56.9257830-03:00" endTime="2025-09-25T19:11:56.9257830-03:00" testType="13cdc9d9-ddb5-4fa4-a97d-d965ccfc6d4b" outcome="Passed" testListId="8c84fa94-04c1-424b-9868-57a2d4851a1d" relativeResultsDirectory="6bb9de33-78c2-4021-814b-aadab9f6e4fb" />
    <UnitTestResult executionId="cc7ef503-3d25-4245-b0df-00f607e4aca8" testId="6d19f980-ef8d-bc1f-5044-1e73e326a8c9" testName="UserService.UnitTest.Domain.UserExtensionsTests.ObterNomeCompleto_QuandoAmbosNomesVazios_DeveRetornarStringVazia" computerName="iMac-de-Bruno" duration="00:00:00.0173643" startTime="2025-09-25T19:11:56.9833680-03:00" endTime="2025-09-25T19:11:56.9833680-03:00" testType="13cdc9d9-ddb5-4fa4-a97d-d965ccfc6d4b" outcome="Passed" testListId="8c84fa94-04c1-424b-9868-57a2d4851a1d" relativeResultsDirectory="cc7ef503-3d25-4245-b0df-00f607e4aca8" />
    <UnitTestResult executionId="8764c3ad-f96f-4901-a474-1e5ed900acd3" testId="68cdc102-0b78-aded-7650-e7456cd3fc45" testName="UserService.UnitTest.Application.Commands.LoginUserCommandTests.CriarComando_ComEmailVazio_DevePermitirAtribuicao" computerName="iMac-de-Bruno" duration="00:00:00.0001125" startTime="2025-09-25T19:11:56.8364480-03:00" endTime="2025-09-25T19:11:56.8364480-03:00" testType="13cdc9d9-ddb5-4fa4-a97d-d965ccfc6d4b" outcome="Passed" testListId="8c84fa94-04c1-424b-9868-57a2d4851a1d" relativeResultsDirectory="8764c3ad-f96f-4901-a474-1e5ed900acd3" />
    <UnitTestResult executionId="c0b4d072-2710-46f1-8e0d-240b8ca57f2c" testId="2d6ddca9-e5c9-26e1-c1f8-c0aa5e28dd96" testName="UserService.UnitTest.Application.Dtos.Responses.LoginUserResponseTests.LoginUserResponse_ComTodosValoresVazios_DevePermitirAtribuicao" computerName="iMac-de-Bruno" duration="00:00:00.0040983" startTime="2025-09-25T19:11:57.0973520-03:00" endTime="2025-09-25T19:11:57.0973520-03:00" testType="13cdc9d9-ddb5-4fa4-a97d-d965ccfc6d4b" outcome="Passed" testListId="8c84fa94-04c1-424b-9868-57a2d4851a1d" relativeResultsDirectory="c0b4d072-2710-46f1-8e0d-240b8ca57f2c" />
    <UnitTestResult executionId="44c7b83f-943f-4e44-8708-4daa6c59f01a" testId="43b820b7-5647-d132-d063-6da9f9b3371e" testName="UserService.UnitTest.Application.Services.PasswordEncripterTests.VerifyPassword_ComDiferentesCombinacoes_DeveRetornarResultadoCorreto(originalPassword: &quot;P@ssw0rd!&quot;, testPassword: &quot;P@ssw0rd!&quot;, expectedResult: True)" computerName="iMac-de-Bruno" duration="00:00:00.5881526" startTime="2025-09-25T19:11:58.2441270-03:00" endTime="2025-09-25T19:11:58.2441270-03:00" testType="13cdc9d9-ddb5-4fa4-a97d-d965ccfc6d4b" outcome="Passed" testListId="8c84fa94-04c1-424b-9868-57a2d4851a1d" relativeResultsDirectory="44c7b83f-943f-4e44-8708-4daa6c59f01a" />
    <UnitTestResult executionId="8fc86809-6f2c-47f6-8c35-f43a48b5581e" testId="43c647ac-36a5-f495-7f58-968313b51a91" testName="UserService.UnitTest.Application.Dtos.Keycloak.CreateUserKeycloakTests.CreateUserKeycloak_ComDadosValidos_DeveDefinirPropriedadesCorretamente" computerName="iMac-de-Bruno" duration="00:00:00.0243319" startTime="2025-09-25T19:11:56.9294940-03:00" endTime="2025-09-25T19:11:56.9294950-03:00" testType="13cdc9d9-ddb5-4fa4-a97d-d965ccfc6d4b" outcome="Passed" testListId="8c84fa94-04c1-424b-9868-57a2d4851a1d" relativeResultsDirectory="8fc86809-6f2c-47f6-8c35-f43a48b5581e" />
    <UnitTestResult executionId="41822f4a-b310-44f0-8d3f-78b612851c6f" testId="a59e1625-fe42-9ffa-bcbd-f929f28211e5" testName="UserService.UnitTest.Application.Dtos.Keycloak.LoginUserKeycloakTests.LoginUserKeycloak_ComSenhaVaziaOuEspacos_DevePermitirCriacao(password: &quot;&quot;)" computerName="iMac-de-Bruno" duration="00:00:00.0026076" startTime="2025-09-25T19:11:57.1636180-03:00" endTime="2025-09-25T19:11:57.1636180-03:00" testType="13cdc9d9-ddb5-4fa4-a97d-d965ccfc6d4b" outcome="Passed" testListId="8c84fa94-04c1-424b-9868-57a2d4851a1d" relativeResultsDirectory="41822f4a-b310-44f0-8d3f-78b612851c6f" />
    <UnitTestResult executionId="9be4a48b-c1dd-4c21-9724-545509404f72" testId="4962ca82-da01-aab2-46bc-a4e89d3afecc" testName="UserService.UnitTest.Application.Services.PasswordEncripterTests.VerifyPassword_ComSenhaCorreta_DeveRetornarTrue" computerName="iMac-de-Bruno" duration="00:00:00.2642597" startTime="2025-09-25T19:11:59.5661080-03:00" endTime="2025-09-25T19:11:59.5661080-03:00" testType="13cdc9d9-ddb5-4fa4-a97d-d965ccfc6d4b" outcome="Passed" testListId="8c84fa94-04c1-424b-9868-57a2d4851a1d" relativeResultsDirectory="9be4a48b-c1dd-4c21-9724-545509404f72" />
    <UnitTestResult executionId="64bb8e31-f0cf-44f4-aab6-fda1a4e49bbc" testId="1c704678-463f-c674-d616-2ae71f417d3c" testName="UserService.UnitTest.Application.Commands.LoginUserCommandHandlerTests.Handle_ComTokenExpirado_DeveRetornarNovoToken" computerName="iMac-de-Bruno" duration="00:00:00.0085556" startTime="2025-09-25T19:11:57.2548910-03:00" endTime="2025-09-25T19:11:57.2548910-03:00" testType="13cdc9d9-ddb5-4fa4-a97d-d965ccfc6d4b" outcome="Passed" testListId="8c84fa94-04c1-424b-9868-57a2d4851a1d" relativeResultsDirectory="64bb8e31-f0cf-44f4-aab6-fda1a4e49bbc" />
    <UnitTestResult executionId="2d3bb478-264c-45df-94fa-82f8eeacb3ec" testId="aae218ae-567e-23fa-54aa-9977c35ea489" testName="UserService.UnitTest.Application.Dtos.Responses.LoginUserResponseTests.LoginUserResponse_ComDiferentesCombinacoesDeDados_DeveDefinirPropriedadesCorretamente(accessToken: &quot;token_789&quot;, refreshToken: &quot;refresh_789&quot;, tokenType: &quot;JWT&quot;, expiresIn: 1800)" computerName="iMac-de-Bruno" duration="00:00:00.0079895" startTime="2025-09-25T19:11:57.0140110-03:00" endTime="2025-09-25T19:11:57.0140110-03:00" testType="13cdc9d9-ddb5-4fa4-a97d-d965ccfc6d4b" outcome="Passed" testListId="8c84fa94-04c1-424b-9868-57a2d4851a1d" relativeResultsDirectory="2d3bb478-264c-45df-94fa-82f8eeacb3ec" />
    <UnitTestResult executionId="74c71ee0-c6ec-40c4-90ba-dcc82481539d" testId="ddd1ea0e-e393-c749-0ee2-dc050219f555" testName="UserService.UnitTest.Domain.UserTests.Usuario_QuandoCpfDefinido_DeveAceitarFormatoValido" computerName="iMac-de-Bruno" duration="00:00:00.0110841" startTime="2025-09-25T19:11:57.2024240-03:00" endTime="2025-09-25T19:11:57.2024240-03:00" testType="13cdc9d9-ddb5-4fa4-a97d-d965ccfc6d4b" outcome="Passed" testListId="8c84fa94-04c1-424b-9868-57a2d4851a1d" relativeResultsDirectory="74c71ee0-c6ec-40c4-90ba-dcc82481539d" />
    <UnitTestResult executionId="9219a577-27af-4529-a026-1978b97614ca" testId="c9b85c87-edd6-fc28-1d79-33437f107ab8" testName="UserService.UnitTest.Application.Dtos.Keycloak.CreateUserKeycloakTests.CreateUserKeycloak_ComSenhaVaziaOuEspacos_DevePermitirCriacao(password: &quot;&quot;)" computerName="iMac-de-Bruno" duration="00:00:00.0030588" startTime="2025-09-25T19:11:57.0443390-03:00" endTime="2025-09-25T19:11:57.0443390-03:00" testType="13cdc9d9-ddb5-4fa4-a97d-d965ccfc6d4b" outcome="Passed" testListId="8c84fa94-04c1-424b-9868-57a2d4851a1d" relativeResultsDirectory="9219a577-27af-4529-a026-1978b97614ca" />
    <UnitTestResult executionId="b00570bc-5e23-490c-9897-69ce87cab978" testId="c9240ac8-7223-b2ae-8354-f3ae56247b3c" testName="UserService.UnitTest.Application.Dtos.Responses.LoginUserResponseTests.LoginUserResponse_ComDiferentesTiposDeToken_DevePermitirAtribuicao(tokenType: &quot;jwt&quot;)" computerName="iMac-de-Bruno" duration="00:00:00.0094249" startTime="2025-09-25T19:11:56.8932510-03:00" endTime="2025-09-25T19:11:56.8932510-03:00" testType="13cdc9d9-ddb5-4fa4-a97d-d965ccfc6d4b" outcome="Passed" testListId="8c84fa94-04c1-424b-9868-57a2d4851a1d" relativeResultsDirectory="b00570bc-5e23-490c-9897-69ce87cab978" />
    <UnitTestResult executionId="22f40b7b-6c98-4770-bfcf-f94647f2e2e9" testId="216b8240-df47-df55-a8bc-b11def2680be" testName="UserService.UnitTest.Application.Dtos.Keycloak.LoginUserKeycloakTests.LoginUserKeycloak_DeveSerRecord_ComIgualdadeCorreta" computerName="iMac-de-Bruno" duration="00:00:00.0029932" startTime="2025-09-25T19:11:57.1769870-03:00" endTime="2025-09-25T19:11:57.1769870-03:00" testType="13cdc9d9-ddb5-4fa4-a97d-d965ccfc6d4b" outcome="Passed" testListId="8c84fa94-04c1-424b-9868-57a2d4851a1d" relativeResultsDirectory="22f40b7b-6c98-4770-bfcf-f94647f2e2e9" />
    <UnitTestResult executionId="4a7f4baa-bf43-4c75-9b40-759f539cb6aa" testId="9587565c-e707-a92a-0a82-b6d084a96cdd" testName="UserService.UnitTest.Domain.UserTests.Usuario_QuandoTelefoneDefinido_DeveAceitarFormatoValido" computerName="iMac-de-Bruno" duration="00:00:00.0033537" startTime="2025-09-25T19:11:57.2692120-03:00" endTime="2025-09-25T19:11:57.2692120-03:00" testType="13cdc9d9-ddb5-4fa4-a97d-d965ccfc6d4b" outcome="Passed" testListId="8c84fa94-04c1-424b-9868-57a2d4851a1d" relativeResultsDirectory="4a7f4baa-bf43-4c75-9b40-759f539cb6aa" />
    <UnitTestResult executionId="29a6ad7d-7d69-4e30-9389-a9830e852c50" testId="800ab87e-4e31-82bd-9e61-5fa311d33f8d" testName="UserService.UnitTest.Application.Dtos.Keycloak.CreateUserKeycloakTests.CreateUserKeycloak_ComSenhaNula_DevePermitirCriacao" computerName="iMac-de-Bruno" duration="00:00:00.0024907" startTime="2025-09-25T19:11:57.0925680-03:00" endTime="2025-09-25T19:11:57.0925680-03:00" testType="13cdc9d9-ddb5-4fa4-a97d-d965ccfc6d4b" outcome="Passed" testListId="8c84fa94-04c1-424b-9868-57a2d4851a1d" relativeResultsDirectory="29a6ad7d-7d69-4e30-9389-a9830e852c50" />
    <UnitTestResult executionId="89416927-4948-430e-a4ad-fbcb8fefd159" testId="acab582f-6225-ac34-6f12-d725784a465c" testName="UserService.UnitTest.Application.Commands.LoginUserCommandHandlerTests.Handle_ComCancelationToken_DevePassarTokenParaKeycloak" computerName="iMac-de-Bruno" duration="00:00:00.0115630" startTime="2025-09-25T19:11:57.2135410-03:00" endTime="2025-09-25T19:11:57.2135410-03:00" testType="13cdc9d9-ddb5-4fa4-a97d-d965ccfc6d4b" outcome="Passed" testListId="8c84fa94-04c1-424b-9868-57a2d4851a1d" relativeResultsDirectory="89416927-4948-430e-a4ad-fbcb8fefd159" />
    <UnitTestResult executionId="69ba6e30-395b-4841-85cc-e920545a993a" testId="742be29e-54ad-e490-38da-22b62f24307c" testName="UserService.UnitTest.Application.Services.PasswordEncripterTests.VerifyPassword_ComDiferentesCombinacoes_DeveRetornarResultadoCorreto(originalPassword: &quot;senha123&quot;, testPassword: &quot;senha123&quot;, expectedResult: True)" computerName="iMac-de-Bruno" duration="00:00:00.2719291" startTime="2025-09-25T19:11:58.5162620-03:00" endTime="2025-09-25T19:11:58.5162620-03:00" testType="13cdc9d9-ddb5-4fa4-a97d-d965ccfc6d4b" outcome="Passed" testListId="8c84fa94-04c1-424b-9868-57a2d4851a1d" relativeResultsDirectory="69ba6e30-395b-4841-85cc-e920545a993a" />
    <UnitTestResult executionId="ec3ddf04-cc98-4634-812a-833b55bfb797" testId="b7851f75-cf1b-778a-1103-796d63a4420d" testName="UserService.UnitTest.Application.Dtos.Keycloak.LoginUserKeycloakTests.LoginUserKeycloak_ComCaracteresUnicode_DevePermitirCriacao" computerName="iMac-de-Bruno" duration="00:00:00.0016004" startTime="2025-09-25T19:11:57.1786570-03:00" endTime="2025-09-25T19:11:57.1786570-03:00" testType="13cdc9d9-ddb5-4fa4-a97d-d965ccfc6d4b" outcome="Passed" testListId="8c84fa94-04c1-424b-9868-57a2d4851a1d" relativeResultsDirectory="ec3ddf04-cc98-4634-812a-833b55bfb797" />
    <UnitTestResult executionId="0f084cfb-ece3-4f78-8205-317d9761b29e" testId="6765ccef-ec2d-9a3b-bf9d-f6ba1b86f954" testName="UserService.UnitTest.Application.Dtos.Responses.LoginUserResponseTests.LoginUserResponse_ComDiferentesTiposDeToken_DevePermitirAtribuicao(tokenType: &quot;JWT&quot;)" computerName="iMac-de-Bruno" duration="00:00:00.0084444" startTime="2025-09-25T19:11:56.8641590-03:00" endTime="2025-09-25T19:11:56.8641600-03:00" testType="13cdc9d9-ddb5-4fa4-a97d-d965ccfc6d4b" outcome="Passed" testListId="8c84fa94-04c1-424b-9868-57a2d4851a1d" relativeResultsDirectory="0f084cfb-ece3-4f78-8205-317d9761b29e" />
    <UnitTestResult executionId="77681e59-2bf2-48b8-a0fe-d5b53557f559" testId="f601ccbc-f153-73b7-b905-98210b7bdf42" testName="UserService.UnitTest.Application.Dtos.Responses.LoginUserResponseTests.LoginUserResponse_ComDadosValidos_DeveDefinirPropriedadesCorretamente" computerName="iMac-de-Bruno" duration="00:00:00.0018671" startTime="2025-09-25T19:11:57.0821010-03:00" endTime="2025-09-25T19:11:57.0821020-03:00" testType="13cdc9d9-ddb5-4fa4-a97d-d965ccfc6d4b" outcome="Passed" testListId="8c84fa94-04c1-424b-9868-57a2d4851a1d" relativeResultsDirectory="77681e59-2bf2-48b8-a0fe-d5b53557f559" />
    <UnitTestResult executionId="66152c41-4b41-4c87-9873-44d5c8a725c6" testId="8b4feff8-524d-e5f0-2b1a-0eced3e687c2" testName="UserService.UnitTest.Application.Services.PasswordEncripterTests.VerifyPassword_ComDiferentesCombinacoes_DeveRetornarResultadoCorreto(originalPassword: &quot;P@ssw0rd!&quot;, testPassword: &quot;P@ssw0rd?&quot;, expectedResult: False)" computerName="iMac-de-Bruno" duration="00:00:00.2643920" startTime="2025-09-25T19:11:58.7807080-03:00" endTime="2025-09-25T19:11:58.7807090-03:00" testType="13cdc9d9-ddb5-4fa4-a97d-d965ccfc6d4b" outcome="Passed" testListId="8c84fa94-04c1-424b-9868-57a2d4851a1d" relativeResultsDirectory="66152c41-4b41-4c87-9873-44d5c8a725c6" />
    <UnitTestResult executionId="73ae0798-1af6-43ed-bec4-4ba5c2ceff2f" testId="69cb5bae-b64d-0b6e-2d07-1d52f3e6a652" testName="UserService.UnitTest.Application.Commands.CreateUserCommandTests.CriarComando_ComDiferentesCombinacoes_DeveDefinirPropriedadesCorretamente(firstName: &quot;Maria&quot;, lastName: &quot;Santos&quot;, email: &quot;maria@teste.com&quot;, password: &quot;OutraSenh@456&quot;, newsletterOptIn: False)" computerName="iMac-de-Bruno" duration="00:00:00.0003083" startTime="2025-09-25T19:11:56.8364300-03:00" endTime="2025-09-25T19:11:56.8364300-03:00" testType="13cdc9d9-ddb5-4fa4-a97d-d965ccfc6d4b" outcome="Passed" testListId="8c84fa94-04c1-424b-9868-57a2d4851a1d" relativeResultsDirectory="73ae0798-1af6-43ed-bec4-4ba5c2ceff2f" />
    <UnitTestResult executionId="44ce92cd-9fab-41bc-aef5-ef38305e1c93" testId="ead62057-8fe9-f841-c449-ad4098aa83d7" testName="UserService.UnitTest.Application.Dtos.Responses.LoginUserResponseTests.LoginUserResponse_ComDiferentesCombinacoesDeDados_DeveDefinirPropriedadesCorretamente(accessToken: &quot;access_token_456&quot;, refreshToken: &quot;eyJhbGciOiJIUzI1NiIsInR5cCI6IkpXVCJ9&quot;, tokenType: &quot;bearer&quot;, expiresIn: 7200)" computerName="iMac-de-Bruno" duration="00:00:00.0021293" startTime="2025-09-25T19:11:57.0161920-03:00" endTime="2025-09-25T19:11:57.0161920-03:00" testType="13cdc9d9-ddb5-4fa4-a97d-d965ccfc6d4b" outcome="Passed" testListId="8c84fa94-04c1-424b-9868-57a2d4851a1d" relativeResultsDirectory="44ce92cd-9fab-41bc-aef5-ef38305e1c93" />
    <UnitTestResult executionId="61a2081b-6314-426c-8e4e-51c8bc6aa6af" testId="0c48391f-be0c-8965-413f-2e78d8b8e6c2" testName="UserService.UnitTest.Application.Dtos.Keycloak.LoginUserKeycloakTests.LoginUserKeycloak_ComSenhaNula_DevePermitirCriacao" computerName="iMac-de-Bruno" duration="00:00:00.0016635" startTime="2025-09-25T19:11:57.2164990-03:00" endTime="2025-09-25T19:11:57.2164990-03:00" testType="13cdc9d9-ddb5-4fa4-a97d-d965ccfc6d4b" outcome="Passed" testListId="8c84fa94-04c1-424b-9868-57a2d4851a1d" relativeResultsDirectory="61a2081b-6314-426c-8e4e-51c8bc6aa6af" />
    <UnitTestResult executionId="86cac421-d198-4665-bf30-53327ebb5e54" testId="e94e9e48-4109-66a8-d8d8-eba19f7e0e5d" testName="UserService.UnitTest.Application.Dtos.Responses.LoginUserResponseTests.LoginUserResponse_ComAccessTokenNulo_DevePermitirAtribuicao" computerName="iMac-de-Bruno" duration="00:00:00.0024472" startTime="2025-09-25T19:11:57.0340440-03:00" endTime="2025-09-25T19:11:57.0340440-03:00" testType="13cdc9d9-ddb5-4fa4-a97d-d965ccfc6d4b" outcome="Passed" testListId="8c84fa94-04c1-424b-9868-57a2d4851a1d" relativeResultsDirectory="86cac421-d198-4665-bf30-53327ebb5e54" />
    <UnitTestResult executionId="0015e6e0-e2ea-405c-8652-7b0e68255a98" testId="438d9816-90e7-c5aa-584c-a5a27cabf72a" testName="UserService.UnitTest.Application.Dtos.Requests.CreateUserRequestTests.CreateUserRequest_ComNomeNulo_DevePermitirAtribuicao" computerName="iMac-de-Bruno" duration="00:00:00.0087373" startTime="2025-09-25T19:11:57.0250850-03:00" endTime="2025-09-25T19:11:57.0250850-03:00" testType="13cdc9d9-ddb5-4fa4-a97d-d965ccfc6d4b" outcome="Passed" testListId="8c84fa94-04c1-424b-9868-57a2d4851a1d" relativeResultsDirectory="0015e6e0-e2ea-405c-8652-7b0e68255a98" />
    <UnitTestResult executionId="41d58317-1fe4-4fd9-9e49-32c9c152cabb" testId="bd897cf6-b359-a5cf-c938-32be8844fb0a" testName="UserService.UnitTest.Domain.UserTests.Usuario_QuandoCriado_DeveConterValoresPadrao" computerName="iMac-de-Bruno" duration="00:00:00.0050269" startTime="2025-09-25T19:11:57.2739070-03:00" endTime="2025-09-25T19:11:57.2739080-03:00" testType="13cdc9d9-ddb5-4fa4-a97d-d965ccfc6d4b" outcome="Passed" testListId="8c84fa94-04c1-424b-9868-57a2d4851a1d" relativeResultsDirectory="41d58317-1fe4-4fd9-9e49-32c9c152cabb" />
    <UnitTestResult executionId="a1809c83-0be7-47e4-a098-12ca217bbf33" testId="b9ac6a1b-ee8a-094a-ffba-407fb51c3368" testName="UserService.UnitTest.Application.Dtos.Requests.LoginUserRequestTests.LoginUserRequest_ComSenhaVaziaOuEspacos_DevePermitirAtribuicao(password: &quot; &quot;)" computerName="iMac-de-Bruno" duration="00:00:00.0021335" startTime="2025-09-25T19:11:57.0401570-03:00" endTime="2025-09-25T19:11:57.0401570-03:00" testType="13cdc9d9-ddb5-4fa4-a97d-d965ccfc6d4b" outcome="Passed" testListId="8c84fa94-04c1-424b-9868-57a2d4851a1d" relativeResultsDirectory="a1809c83-0be7-47e4-a098-12ca217bbf33" />
    <UnitTestResult executionId="1a973bc5-080c-4698-9507-549838aae64d" testId="de562b09-2c5e-f09c-fd30-893f727481c2" testName="UserService.UnitTest.Application.Dtos.Requests.CreateUserRequestTests.CreateUserRequest_ComDadosValidos_DeveDefinirPropriedadesCorretamente" computerName="iMac-de-Bruno" duration="00:00:00.0358136" startTime="2025-09-25T19:11:56.9295590-03:00" endTime="2025-09-25T19:11:56.9295590-03:00" testType="13cdc9d9-ddb5-4fa4-a97d-d965ccfc6d4b" outcome="Passed" testListId="8c84fa94-04c1-424b-9868-57a2d4851a1d" relativeResultsDirectory="1a973bc5-080c-4698-9507-549838aae64d" />
    <UnitTestResult executionId="2037981b-71ba-4fdd-bddd-36e3101d8b8a" testId="62979e70-b562-7bcf-8302-f965de4271f9" testName="UserService.UnitTest.Application.Services.KeycloakServiceTests.LoginAsync_ComCredenciaisInvalidas_DeveLancarKeycloakException" computerName="iMac-de-Bruno" duration="00:00:00.0054171" startTime="2025-09-25T19:11:57.2874040-03:00" endTime="2025-09-25T19:11:57.2874040-03:00" testType="13cdc9d9-ddb5-4fa4-a97d-d965ccfc6d4b" outcome="Passed" testListId="8c84fa94-04c1-424b-9868-57a2d4851a1d" relativeResultsDirectory="2037981b-71ba-4fdd-bddd-36e3101d8b8a" />
    <UnitTestResult executionId="e3b67f0c-d2db-43b2-94b1-109f6ff65a31" testId="634cab5d-65e2-e851-73ca-27de73ab3cf8" testName="UserService.UnitTest.Application.Dtos.Requests.LoginUserRequestTests.LoginUserRequest_ComEmailsEspeciais_DevePermitirAtribuicao" computerName="iMac-de-Bruno" duration="00:00:00.0070711" startTime="2025-09-25T19:11:57.0500830-03:00" endTime="2025-09-25T19:11:57.0500830-03:00" testType="13cdc9d9-ddb5-4fa4-a97d-d965ccfc6d4b" outcome="Passed" testListId="8c84fa94-04c1-424b-9868-57a2d4851a1d" relativeResultsDirectory="e3b67f0c-d2db-43b2-94b1-109f6ff65a31" />
    <UnitTestResult executionId="83247547-86f5-40da-905f-f435e10b30a5" testId="9299e862-b0a5-f8a1-d40d-507b3a421874" testName="UserService.UnitTest.Application.Dtos.Responses.CreateUserResponseTests.CreateUserResponse_ComModificacaoAposInicializacao_DevePermitirAlteracao" computerName="iMac-de-Bruno" duration="00:00:00.0089199" startTime="2025-09-25T19:11:56.8666240-03:00" endTime="2025-09-25T19:11:56.8666240-03:00" testType="13cdc9d9-ddb5-4fa4-a97d-d965ccfc6d4b" outcome="Passed" testListId="8c84fa94-04c1-424b-9868-57a2d4851a1d" relativeResultsDirectory="83247547-86f5-40da-905f-f435e10b30a5" />
    <UnitTestResult executionId="447f2289-f351-4287-9f7a-eb665c4e782d" testId="c5503723-d274-6d3e-f29b-d6aa6e37dd4d" testName="UserService.UnitTest.Application.Services.PasswordEncripterTests.EncryptPassword_ComDiferentesSenhas_DeveRetornarHashesValidos(password: &quot;P@ssw0rd!&quot;)" computerName="iMac-de-Bruno" duration="00:00:00.1303643" startTime="2025-09-25T19:11:59.6964900-03:00" endTime="2025-09-25T19:11:59.6964900-03:00" testType="13cdc9d9-ddb5-4fa4-a97d-d965ccfc6d4b" outcome="Passed" testListId="8c84fa94-04c1-424b-9868-57a2d4851a1d" relativeResultsDirectory="447f2289-f351-4287-9f7a-eb665c4e782d" />
    <UnitTestResult executionId="3a92221f-a3c3-464b-92b4-b6b7472c860e" testId="bb0d1e24-a3f4-bb68-7cb3-7cb15a9260e0" testName="UserService.UnitTest.Application.Dtos.Responses.LoginUserResponseTests.LoginUserResponse_ComExpiresInNegativoOuZero_DevePermitirAtribuicao(expiresIn: -1)" computerName="iMac-de-Bruno" duration="00:00:00.0025454" startTime="2025-09-25T19:11:57.0443100-03:00" endTime="2025-09-25T19:11:57.0443100-03:00" testType="13cdc9d9-ddb5-4fa4-a97d-d965ccfc6d4b" outcome="Passed" testListId="8c84fa94-04c1-424b-9868-57a2d4851a1d" relativeResultsDirectory="3a92221f-a3c3-464b-92b4-b6b7472c860e" />
    <UnitTestResult executionId="5bd8ab7f-daf8-4075-b0fc-cd96d529b2f2" testId="4a337eb1-d6fd-e7af-b760-c85c1072731f" testName="UserService.UnitTest.Application.Dtos.Keycloak.CreateUserKeycloakTests.CreateUserKeycloak_ComDiferentesCombinacoesDeDados_DeveDefinirPropriedadesCorretamente(email: &quot;admin@company.net&quot;, password: &quot;admin123&quot;, firstName: &quot;Pedro&quot;, lastName: &quot;Oliveira&quot;, enabled: True)" computerName="iMac-de-Bruno" duration="00:00:00.0115742" startTime="2025-09-25T19:11:56.8924980-03:00" endTime="2025-09-25T19:11:56.8924980-03:00" testType="13cdc9d9-ddb5-4fa4-a97d-d965ccfc6d4b" outcome="Passed" testListId="8c84fa94-04c1-424b-9868-57a2d4851a1d" relativeResultsDirectory="5bd8ab7f-daf8-4075-b0fc-cd96d529b2f2" />
    <UnitTestResult executionId="0d563032-a95a-4522-be32-7cad712542c2" testId="7941353a-f8ea-7b06-dce7-e997d2179900" testName="UserService.UnitTest.Application.Dtos.Responses.CreateUserResponseTests.CreateUserResponse_ComEmailsEspeciais_DevePermitirAtribuicao" computerName="iMac-de-Bruno" duration="00:00:00.0024068" startTime="2025-09-25T19:11:56.9045050-03:00" endTime="2025-09-25T19:11:56.9045050-03:00" testType="13cdc9d9-ddb5-4fa4-a97d-d965ccfc6d4b" outcome="Passed" testListId="8c84fa94-04c1-424b-9868-57a2d4851a1d" relativeResultsDirectory="0d563032-a95a-4522-be32-7cad712542c2" />
    <UnitTestResult executionId="0ea2b692-1836-408b-8ddc-f108763cf8ee" testId="e33addc7-21b5-57ef-72f7-0fff7fcb126d" testName="UserService.UnitTest.Application.Dtos.Keycloak.CreateUserKeycloakTests.CreateUserKeycloak_ComDiferentesValoresEnabled_DeveDefinirCorretamente(enabled: False)" computerName="iMac-de-Bruno" duration="00:00:00.0033433" startTime="2025-09-25T19:11:57.0548740-03:00" endTime="2025-09-25T19:11:57.0548740-03:00" testType="13cdc9d9-ddb5-4fa4-a97d-d965ccfc6d4b" outcome="Passed" testListId="8c84fa94-04c1-424b-9868-57a2d4851a1d" relativeResultsDirectory="0ea2b692-1836-408b-8ddc-f108763cf8ee" />
    <UnitTestResult executionId="48029250-2402-4376-b87a-87d024f42318" testId="754d74b5-9f62-1c41-8e5d-2dd8b5f59b70" testName="UserService.UnitTest.Application.Dtos.Keycloak.LoginUserKeycloakTests.LoginUserKeycloak_ComEmailsEspeciais_DevePermitirCriacao" computerName="iMac-de-Bruno" duration="00:00:00.0069402" startTime="2025-09-25T19:11:57.2125170-03:00" endTime="2025-09-25T19:11:57.2125170-03:00" testType="13cdc9d9-ddb5-4fa4-a97d-d965ccfc6d4b" outcome="Passed" testListId="8c84fa94-04c1-424b-9868-57a2d4851a1d" relativeResultsDirectory="48029250-2402-4376-b87a-87d024f42318" />
    <UnitTestResult executionId="5e1fe0c5-8875-42c5-9a54-d2bfc4faf846" testId="177c4f00-d318-dd96-9df5-bf4c4ce41fca" testName="UserService.UnitTest.Application.Dtos.Responses.CreateUserResponseTests.CreateUserResponse_ComDataCreatedAtMinValue_DevePermitirAtribuicao" computerName="iMac-de-Bruno" duration="00:00:00.0077408" startTime="2025-09-25T19:11:56.9020160-03:00" endTime="2025-09-25T19:11:56.9020160-03:00" testType="13cdc9d9-ddb5-4fa4-a97d-d965ccfc6d4b" outcome="Passed" testListId="8c84fa94-04c1-424b-9868-57a2d4851a1d" relativeResultsDirectory="5e1fe0c5-8875-42c5-9a54-d2bfc4faf846" />
    <UnitTestResult executionId="4e190554-fa1c-4bcf-ba16-514cd389ed64" testId="009779f3-5c3d-dc58-740e-b1f2d7abf61c" testName="UserService.UnitTest.Application.Dtos.Requests.CreateUserRequestTests.CreateUserRequest_ComValoresPadrao_DeveInicializarPropriedadesCorretamente" computerName="iMac-de-Bruno" duration="00:00:00.0023398" startTime="2025-09-25T19:11:57.0348340-03:00" endTime="2025-09-25T19:11:57.0348340-03:00" testType="13cdc9d9-ddb5-4fa4-a97d-d965ccfc6d4b" outcome="Passed" testListId="8c84fa94-04c1-424b-9868-57a2d4851a1d" relativeResultsDirectory="4e190554-fa1c-4bcf-ba16-514cd389ed64" />
    <UnitTestResult executionId="e2c71c69-84a9-4c51-b81e-c3f62e51333d" testId="7ecbc807-4ca7-8eb2-8a35-043115ffccdd" testName="UserService.UnitTest.Domain.UserTests.Usuario_QuandoStatusDefinido_DeveAceitarStatusValidos(status: Inativo)" computerName="iMac-de-Bruno" duration="00:00:00.0116258" startTime="2025-09-25T19:11:57.1569220-03:00" endTime="2025-09-25T19:11:57.1569220-03:00" testType="13cdc9d9-ddb5-4fa4-a97d-d965ccfc6d4b" outcome="Passed" testListId="8c84fa94-04c1-424b-9868-57a2d4851a1d" relativeResultsDirectory="e2c71c69-84a9-4c51-b81e-c3f62e51333d" />
    <UnitTestResult executionId="8789f61a-2873-4585-8b0e-d4bd39b2bd95" testId="87e23f8d-e70f-363d-9c8c-54c8a64e43d4" testName="UserService.UnitTest.Application.Commands.CreateUserCommandTests.CriarComando_ComDiferentesCombinacoes_DeveDefinirPropriedadesCorretamente(firstName: &quot;Pedro&quot;, lastName: &quot;Oliveira&quot;, email: &quot;pedro@exemplo.com&quot;, password: &quot;MinhaSenh@789&quot;, newsletterOptIn: True)" computerName="iMac-de-Bruno" duration="00:00:00.0003253" startTime="2025-09-25T19:11:56.8364840-03:00" endTime="2025-09-25T19:11:56.8364840-03:00" testType="13cdc9d9-ddb5-4fa4-a97d-d965ccfc6d4b" outcome="Passed" testListId="8c84fa94-04c1-424b-9868-57a2d4851a1d" relativeResultsDirectory="8789f61a-2873-4585-8b0e-d4bd39b2bd95" />
    <UnitTestResult executionId="1c4adde4-bc8a-48ce-9288-26f4ff3a5d19" testId="2e34d629-a46e-48e7-0407-be18d7e17c76" testName="UserService.UnitTest.Application.Dtos.Requests.CreateUserRequestTests.CreateUserRequest_ComNomesComCaracteresEspeciais_DevePermitirAtribuicao" computerName="iMac-de-Bruno" duration="00:00:00.0080795" startTime="2025-09-25T19:11:57.0429780-03:00" endTime="2025-09-25T19:11:57.0429780-03:00" testType="13cdc9d9-ddb5-4fa4-a97d-d965ccfc6d4b" outcome="Passed" testListId="8c84fa94-04c1-424b-9868-57a2d4851a1d" relativeResultsDirectory="1c4adde4-bc8a-48ce-9288-26f4ff3a5d19" />
    <UnitTestResult executionId="ced11559-27bf-4365-ac39-ed8c212eb2b1" testId="6ec4b983-e011-ac76-c70f-ccb20e8cd36d" testName="UserService.UnitTest.Domain.UserAddressExtensionsTests.ObterEnderecoFormatado_QuandoTodosCamposPreenchidos_DeveRetornarEnderecoCompletoFormatado" computerName="iMac-de-Bruno" duration="00:00:00.0154350" startTime="2025-09-25T19:11:56.8798790-03:00" endTime="2025-09-25T19:11:56.8798790-03:00" testType="13cdc9d9-ddb5-4fa4-a97d-d965ccfc6d4b" outcome="Passed" testListId="8c84fa94-04c1-424b-9868-57a2d4851a1d" relativeResultsDirectory="ced11559-27bf-4365-ac39-ed8c212eb2b1" />
    <UnitTestResult executionId="76c0acce-4ce0-4697-8689-cac32e7d76cb" testId="415ca712-1aa2-06e2-e263-63f760b6c085" testName="UserService.UnitTest.Application.Dtos.Requests.CreateUserRequestTests.CreateUserRequest_ComTelefoneNulo_DevePermitirAtribuicao" computerName="iMac-de-Bruno" duration="00:00:00.0070125" startTime="2025-09-25T19:11:57.0055910-03:00" endTime="2025-09-25T19:11:57.0055910-03:00" testType="13cdc9d9-ddb5-4fa4-a97d-d965ccfc6d4b" outcome="Passed" testListId="8c84fa94-04c1-424b-9868-57a2d4851a1d" relativeResultsDirectory="76c0acce-4ce0-4697-8689-cac32e7d76cb" />
    <UnitTestResult executionId="3fc11e39-36ff-4386-80be-2d45de88ab28" testId="00a0325e-b219-1db4-5680-42c714d4d7b7" testName="UserService.UnitTest.Domain.UserAddressExtensionsTests.ObterEnderecoFormatado_QuandoComplementoNulo_DeveRetornarEnderecoFormatadoSemComplemento" computerName="iMac-de-Bruno" duration="00:00:00.0089682" startTime="2025-09-25T19:11:56.8642310-03:00" endTime="2025-09-25T19:11:56.8642310-03:00" testType="13cdc9d9-ddb5-4fa4-a97d-d965ccfc6d4b" outcome="Passed" testListId="8c84fa94-04c1-424b-9868-57a2d4851a1d" relativeResultsDirectory="3fc11e39-36ff-4386-80be-2d45de88ab28" />
    <UnitTestResult executionId="b9971280-ea7f-442a-9450-ec9e9b6563c0" testId="f1dfa061-45cf-ad83-4ed2-9af27658c2d2" testName="UserService.UnitTest.Application.Services.PasswordEncripterTests.VerifyPassword_ComSenhaNula_DeveLancarExcecao" computerName="iMac-de-Bruno" duration="00:00:00.1307459" startTime="2025-09-25T19:12:01.8631880-03:00" endTime="2025-09-25T19:12:01.8631890-03:00" testType="13cdc9d9-ddb5-4fa4-a97d-d965ccfc6d4b" outcome="Passed" testListId="8c84fa94-04c1-424b-9868-57a2d4851a1d" relativeResultsDirectory="b9971280-ea7f-442a-9450-ec9e9b6563c0" />
    <UnitTestResult executionId="93fb49bd-8fd7-464b-9e62-b957de387535" testId="6974fed6-7f35-242d-e3df-a93c0def144e" testName="UserService.UnitTest.Application.Dtos.Requests.CreateUserRequestTests.CreateUserRequest_ComEmailNulo_DevePermitirAtribuicao" computerName="iMac-de-Bruno" duration="00:00:00.0072480" startTime="2025-09-25T19:11:57.0324050-03:00" endTime="2025-09-25T19:11:57.0324050-03:00" testType="13cdc9d9-ddb5-4fa4-a97d-d965ccfc6d4b" outcome="Passed" testListId="8c84fa94-04c1-424b-9868-57a2d4851a1d" relativeResultsDirectory="93fb49bd-8fd7-464b-9e62-b957de387535" />
    <UnitTestResult executionId="17b45be2-44bf-4046-b28d-9f5b94b8382b" testId="5f112932-e4a3-e21b-c96c-cffdbc816fb8" testName="UserService.UnitTest.Application.Dtos.Keycloak.LoginUserKeycloakTests.LoginUserKeycloak_ComDiferentesCombinacoesDeDados_DeveDefinirPropriedadesCorretamente(email: &quot;usuario@empresa.com.br&quot;, password: &quot;senha456&quot;)" computerName="iMac-de-Bruno" duration="00:00:00.0143980" startTime="2025-09-25T19:11:56.9972140-03:00" endTime="2025-09-25T19:11:56.9972140-03:00" testType="13cdc9d9-ddb5-4fa4-a97d-d965ccfc6d4b" outcome="Passed" testListId="8c84fa94-04c1-424b-9868-57a2d4851a1d" relativeResultsDirectory="17b45be2-44bf-4046-b28d-9f5b94b8382b" />
    <UnitTestResult executionId="fc3212d7-c1c4-4cac-908b-0f5cf302af58" testId="6c2097a4-bfd2-7cff-6d6c-a01d2699075f" testName="UserService.UnitTest.Application.Dtos.Requests.LoginUserRequestTests.LoginUserRequest_ComDadosGeradosPorFaker_DeveDefinirPropriedadesCorretamente" computerName="iMac-de-Bruno" duration="00:00:00.0439801" startTime="2025-09-25T19:11:56.9371750-03:00" endTime="2025-09-25T19:11:56.9371750-03:00" testType="13cdc9d9-ddb5-4fa4-a97d-d965ccfc6d4b" outcome="Passed" testListId="8c84fa94-04c1-424b-9868-57a2d4851a1d" relativeResultsDirectory="fc3212d7-c1c4-4cac-908b-0f5cf302af58" />
    <UnitTestResult executionId="7d50094d-a888-46f8-9e6f-a968bd51e73d" testId="06eb3a68-60dc-b444-9f0c-a9219a04835f" testName="UserService.UnitTest.Application.Services.PasswordEncripterTests.EncryptPassword_ComDiferentesSenhas_DeveRetornarHashesValidos(password: &quot;123456789&quot;)" computerName="iMac-de-Bruno" duration="00:00:00.1301450" startTime="2025-09-25T19:12:00.2931260-03:00" endTime="2025-09-25T19:12:00.2931260-03:00" testType="13cdc9d9-ddb5-4fa4-a97d-d965ccfc6d4b" outcome="Passed" testListId="8c84fa94-04c1-424b-9868-57a2d4851a1d" relativeResultsDirectory="7d50094d-a888-46f8-9e6f-a968bd51e73d" />
    <UnitTestResult executionId="22c08930-5700-41bc-90d7-483be96b3040" testId="90c63f74-3282-2911-4a3a-7a9b7bbc7867" testName="UserService.UnitTest.Application.Dtos.Keycloak.CreateUserKeycloakTests.CreateUserKeycloak_ComEmailVazioOuEspacos_DevePermitirCriacao(email: &quot;&quot;)" computerName="iMac-de-Bruno" duration="00:00:00.0097471" startTime="2025-09-25T19:11:56.8543780-03:00" endTime="2025-09-25T19:11:56.8543780-03:00" testType="13cdc9d9-ddb5-4fa4-a97d-d965ccfc6d4b" outcome="Passed" testListId="8c84fa94-04c1-424b-9868-57a2d4851a1d" relativeResultsDirectory="22c08930-5700-41bc-90d7-483be96b3040" />
    <UnitTestResult executionId="01d8fc08-1ca4-42bd-a4a3-62a7adf67ac3" testId="a3e5643c-9355-5ef0-9fdd-663141e30ddc" testName="UserService.UnitTest.Application.Dtos.Requests.CreateUserRequestTests.CreateUserRequest_ComEmailVazioOuEspacos_DevePermitirAtribuicao(email: &quot; &quot;)" computerName="iMac-de-Bruno" duration="00:00:00.0097064" startTime="2025-09-25T19:11:56.8544230-03:00" endTime="2025-09-25T19:11:56.8544240-03:00" testType="13cdc9d9-ddb5-4fa4-a97d-d965ccfc6d4b" outcome="Passed" testListId="8c84fa94-04c1-424b-9868-57a2d4851a1d" relativeResultsDirectory="01d8fc08-1ca4-42bd-a4a3-62a7adf67ac3" />
    <UnitTestResult executionId="0045e48a-0a5a-4344-b9a2-5c8de6f1454d" testId="93cf9568-02cf-a7ef-7bf3-1c1b12265775" testName="UserService.UnitTest.Application.Dtos.Requests.CreateUserRequestTests.CreateUserRequest_ComEmailVazioOuEspacos_DevePermitirAtribuicao(email: &quot;   &quot;)" computerName="iMac-de-Bruno" duration="00:00:00.0761725" startTime="2025-09-25T19:11:56.8446470-03:00" endTime="2025-09-25T19:11:56.8446470-03:00" testType="13cdc9d9-ddb5-4fa4-a97d-d965ccfc6d4b" outcome="Passed" testListId="8c84fa94-04c1-424b-9868-57a2d4851a1d" relativeResultsDirectory="0045e48a-0a5a-4344-b9a2-5c8de6f1454d" />
    <UnitTestResult executionId="bcffec17-d8c5-4977-b4f5-54a3edff975b" testId="bc52523d-1094-382a-cf53-85f7b7340e87" testName="UserService.UnitTest.Application.Dtos.Keycloak.LoginUserKeycloakTests.LoginUserKeycloak_ComSenhasDeComprimentosVariados_DevePermitirCriacao" computerName="iMac-de-Bruno" duration="00:00:00.0021682" startTime="2025-09-25T19:11:57.2147740-03:00" endTime="2025-09-25T19:11:57.2147750-03:00" testType="13cdc9d9-ddb5-4fa4-a97d-d965ccfc6d4b" outcome="Passed" testListId="8c84fa94-04c1-424b-9868-57a2d4851a1d" relativeResultsDirectory="bcffec17-d8c5-4977-b4f5-54a3edff975b" />
    <UnitTestResult executionId="d9438afd-ec65-4dd5-9181-c5e35285e790" testId="a30d56a5-15c9-b03d-3d85-2e961a7c1a18" testName="UserService.UnitTest.Application.Dtos.Keycloak.LoginUserKeycloakTests.LoginUserKeycloak_ComCaracteresDeControle_DevePermitirCriacao(email: &quot;\r&quot;, password: &quot;\r&quot;)" computerName="iMac-de-Bruno" duration="00:00:00.0094445" startTime="2025-09-25T19:11:57.1580020-03:00" endTime="2025-09-25T19:11:57.1580020-03:00" testType="13cdc9d9-ddb5-4fa4-a97d-d965ccfc6d4b" outcome="Passed" testListId="8c84fa94-04c1-424b-9868-57a2d4851a1d" relativeResultsDirectory="d9438afd-ec65-4dd5-9181-c5e35285e790" />
    <UnitTestResult executionId="0af550de-6033-4ae7-84f1-146af827e154" testId="4436b52f-e223-af1e-ebed-65a03d230b7b" testName="UserService.UnitTest.Application.Dtos.Responses.LoginUserResponseTests.LoginUserResponse_ComExpiresInPositivo_DevePermitirAtribuicao(expiresIn: 86400)" computerName="iMac-de-Bruno" duration="00:00:00.0013626" startTime="2025-09-25T19:11:56.9148520-03:00" endTime="2025-09-25T19:11:56.9148520-03:00" testType="13cdc9d9-ddb5-4fa4-a97d-d965ccfc6d4b" outcome="Passed" testListId="8c84fa94-04c1-424b-9868-57a2d4851a1d" relativeResultsDirectory="0af550de-6033-4ae7-84f1-146af827e154" />
    <UnitTestResult executionId="24f16c82-d1b1-4431-9a91-c58d21a69fc3" testId="eee2f393-fda3-ea94-c73b-e4971c0ece61" testName="UserService.UnitTest.Application.Dtos.Requests.LoginUserRequestTests.LoginUserRequest_ComDiferentesCombinacoesDeDados_DeveDefinirPropriedadesCorretamente(email: &quot;cliente@loja.com.br&quot;, password: &quot;senha456&quot;)" computerName="iMac-de-Bruno" duration="00:00:00.0024109" startTime="2025-09-25T19:11:57.0042830-03:00" endTime="2025-09-25T19:11:57.0042830-03:00" testType="13cdc9d9-ddb5-4fa4-a97d-d965ccfc6d4b" outcome="Passed" testListId="8c84fa94-04c1-424b-9868-57a2d4851a1d" relativeResultsDirectory="24f16c82-d1b1-4431-9a91-c58d21a69fc3" />
    <UnitTestResult executionId="535de412-215c-4fe6-930d-37730ada79bd" testId="2aa59a7e-a129-de74-a7d8-c821b33e35fe" testName="UserService.UnitTest.Application.Dtos.Requests.CreateUserRequestTests.CreateUserRequest_ComEmailVazioOuEspacos_DevePermitirAtribuicao(email: &quot;&quot;)" computerName="iMac-de-Bruno" duration="00:00:00.0032339" startTime="2025-09-25T19:11:56.8580470-03:00" endTime="2025-09-25T19:11:56.8580470-03:00" testType="13cdc9d9-ddb5-4fa4-a97d-d965ccfc6d4b" outcome="Passed" testListId="8c84fa94-04c1-424b-9868-57a2d4851a1d" relativeResultsDirectory="535de412-215c-4fe6-930d-37730ada79bd" />
    <UnitTestResult executionId="8665b864-dc7e-40a7-96c6-53d55b4bb43a" testId="efce2778-6fda-3f27-2510-fe092485530c" testName="UserService.UnitTest.Application.Dtos.Keycloak.LoginUserKeycloakTests.LoginUserKeycloak_ComDiferentesCombinacoesDeDados_DeveDefinirPropriedadesCorretamente(email: &quot;user@domain.org&quot;, password: &quot;mypassword&quot;)" computerName="iMac-de-Bruno" duration="00:00:00.0091178" startTime="2025-09-25T19:11:56.9831450-03:00" endTime="2025-09-25T19:11:56.9831450-03:00" testType="13cdc9d9-ddb5-4fa4-a97d-d965ccfc6d4b" outcome="Passed" testListId="8c84fa94-04c1-424b-9868-57a2d4851a1d" relativeResultsDirectory="8665b864-dc7e-40a7-96c6-53d55b4bb43a" />
    <UnitTestResult executionId="c26a3dcb-a1f4-410a-93f0-5435c2e45e6b" testId="704e5cb4-d810-ebf8-c7a7-7bec5914c853" testName="UserService.UnitTest.Application.Dtos.Requests.LoginUserRequestTests.LoginUserRequest_ComDiferentesCombinacoesDeDados_DeveDefinirPropriedadesCorretamente(email: &quot;admin@company.net&quot;, password: &quot;admin123&quot;)" computerName="iMac-de-Bruno" duration="00:00:00.0025845" startTime="2025-09-25T19:11:57.0069060-03:00" endTime="2025-09-25T19:11:57.0069060-03:00" testType="13cdc9d9-ddb5-4fa4-a97d-d965ccfc6d4b" outcome="Passed" testListId="8c84fa94-04c1-424b-9868-57a2d4851a1d" relativeResultsDirectory="c26a3dcb-a1f4-410a-93f0-5435c2e45e6b" />
    <UnitTestResult executionId="e2594e51-37a6-4e2b-9025-be40a9c36ea0" testId="598f2432-3031-3292-0b86-7b41692c0aed" testName="UserService.UnitTest.Application.Dtos.Responses.LoginUserResponseTests.LoginUserResponse_ComExpiresInPositivo_DevePermitirAtribuicao(expiresIn: 60)" computerName="iMac-de-Bruno" duration="00:00:00.0017719" startTime="2025-09-25T19:11:56.9120110-03:00" endTime="2025-09-25T19:11:56.9120120-03:00" testType="13cdc9d9-ddb5-4fa4-a97d-d965ccfc6d4b" outcome="Passed" testListId="8c84fa94-04c1-424b-9868-57a2d4851a1d" relativeResultsDirectory="e2594e51-37a6-4e2b-9025-be40a9c36ea0" />
    <UnitTestResult executionId="255de587-9b0c-4838-a85a-97be88e7c6fa" testId="39c83dc9-bff9-8f55-ddbe-fe65559349c5" testName="UserService.UnitTest.Domain.UserTests.Usuario_QuandoStatusDefinido_DeveAceitarStatusValidos(status: Ativo)" computerName="iMac-de-Bruno" duration="00:00:00.0092724" startTime="2025-09-25T19:11:57.1561340-03:00" endTime="2025-09-25T19:11:57.1561340-03:00" testType="13cdc9d9-ddb5-4fa4-a97d-d965ccfc6d4b" outcome="Passed" testListId="8c84fa94-04c1-424b-9868-57a2d4851a1d" relativeResultsDirectory="255de587-9b0c-4838-a85a-97be88e7c6fa" />
    <UnitTestResult executionId="16a7c81c-5e26-419f-83e4-6812eb97db66" testId="54d87476-fac0-c322-a77c-5ae4bf7dbc25" testName="UserService.UnitTest.Domain.UserExtensionsTests.EstaAtivo_QuandoUsuarioAtivoENaoExcluido_DeveRetornarVerdadeiro" computerName="iMac-de-Bruno" duration="00:00:00.0102559" startTime="2025-09-25T19:11:57.0530370-03:00" endTime="2025-09-25T19:11:57.0530380-03:00" testType="13cdc9d9-ddb5-4fa4-a97d-d965ccfc6d4b" outcome="Passed" testListId="8c84fa94-04c1-424b-9868-57a2d4851a1d" relativeResultsDirectory="16a7c81c-5e26-419f-83e4-6812eb97db66" />
    <UnitTestResult executionId="bcb79fa6-fc87-4862-8b7a-68aeb3cc03dc" testId="f8b9c1f4-0db3-006d-0ef5-a6aa990d269d" testName="UserService.UnitTest.Application.Commands.LoginUserCommandTests.CriarComando_ComDiferentesCredenciais_DeveDefinirPropriedadesCorretamente(email: &quot;maria@teste.com&quot;, password: &quot;OutraSenh@456&quot;)" computerName="iMac-de-Bruno" duration="00:00:00.0000129" startTime="2025-09-25T19:11:56.8195620-03:00" endTime="2025-09-25T19:11:56.8195620-03:00" testType="13cdc9d9-ddb5-4fa4-a97d-d965ccfc6d4b" outcome="Passed" testListId="8c84fa94-04c1-424b-9868-57a2d4851a1d" relativeResultsDirectory="bcb79fa6-fc87-4862-8b7a-68aeb3cc03dc" />
    <UnitTestResult executionId="883a0e48-2b8e-4063-923d-8adbf0f3833e" testId="8302d487-c677-8166-612f-48492666d649" testName="UserService.UnitTest.Application.Dtos.Keycloak.CreateUserKeycloakTests.CreateUserKeycloak_ComNomesLongos_DevePermitirCriacao" computerName="iMac-de-Bruno" duration="00:00:00.0095060" startTime="2025-09-25T19:11:56.9390280-03:00" endTime="2025-09-25T19:11:56.9390280-03:00" testType="13cdc9d9-ddb5-4fa4-a97d-d965ccfc6d4b" outcome="Passed" testListId="8c84fa94-04c1-424b-9868-57a2d4851a1d" relativeResultsDirectory="883a0e48-2b8e-4063-923d-8adbf0f3833e" />
    <UnitTestResult executionId="825e6b6e-0a33-47c5-8ddf-f55dad6cef39" testId="ca9a6897-c80b-4651-66cf-d5f43912bd5c" testName="UserService.UnitTest.Application.Dtos.Responses.CreateUserResponseTests.CreateUserResponse_ComEmailNulo_DevePermitirAtribuicao" computerName="iMac-de-Bruno" duration="00:00:00.0032173" startTime="2025-09-25T19:11:56.9664870-03:00" endTime="2025-09-25T19:11:56.9664870-03:00" testType="13cdc9d9-ddb5-4fa4-a97d-d965ccfc6d4b" outcome="Passed" testListId="8c84fa94-04c1-424b-9868-57a2d4851a1d" relativeResultsDirectory="825e6b6e-0a33-47c5-8ddf-f55dad6cef39" />
    <UnitTestResult executionId="5498fab0-54a5-40b2-94eb-897e85ea01ff" testId="27959c8b-f4d6-bcae-f560-fc37c4b787a5" testName="UserService.UnitTest.Application.Dtos.Requests.LoginUserRequestTests.LoginUserRequest_ComSenhaNula_DevePermitirAtribuicao" computerName="iMac-de-Bruno" duration="00:00:00.0075985" startTime="2025-09-25T19:11:56.9751520-03:00" endTime="2025-09-25T19:11:56.9751520-03:00" testType="13cdc9d9-ddb5-4fa4-a97d-d965ccfc6d4b" outcome="Passed" testListId="8c84fa94-04c1-424b-9868-57a2d4851a1d" relativeResultsDirectory="5498fab0-54a5-40b2-94eb-897e85ea01ff" />
    <UnitTestResult executionId="860a22f1-bf98-46a2-8b9e-fa225a2595b9" testId="fc494b64-1641-291d-8211-f4797e8db9a4" testName="UserService.UnitTest.Application.Dtos.Responses.LoginUserResponseTests.LoginUserResponse_ComTokensLongos_DevePermitirAtribuicao" computerName="iMac-de-Bruno" duration="00:00:00.0023748" startTime="2025-09-25T19:11:57.0688070-03:00" endTime="2025-09-25T19:11:57.0688070-03:00" testType="13cdc9d9-ddb5-4fa4-a97d-d965ccfc6d4b" outcome="Passed" testListId="8c84fa94-04c1-424b-9868-57a2d4851a1d" relativeResultsDirectory="860a22f1-bf98-46a2-8b9e-fa225a2595b9" />
    <UnitTestResult executionId="212406fe-77fd-4455-8b70-e07dd0e5007d" testId="425043c5-33b2-bd82-3d9f-363f8cb440bb" testName="UserService.UnitTest.Application.Dtos.Requests.LoginUserRequestTests.LoginUserRequest_ComCaracteresUnicode_DevePermitirAtribuicao" computerName="iMac-de-Bruno" duration="00:00:00.0046690" startTime="2025-09-25T19:11:57.0548460-03:00" endTime="2025-09-25T19:11:57.0548460-03:00" testType="13cdc9d9-ddb5-4fa4-a97d-d965ccfc6d4b" outcome="Passed" testListId="8c84fa94-04c1-424b-9868-57a2d4851a1d" relativeResultsDirectory="212406fe-77fd-4455-8b70-e07dd0e5007d" />
    <UnitTestResult executionId="7e499793-90f5-4518-b7cd-844055554217" testId="0890c174-8954-2f4a-3f68-95be19917f04" testName="UserService.UnitTest.Application.Dtos.Keycloak.LoginUserKeycloakTests.LoginUserKeycloak_ComDiferentesCombinacoesDeDados_DeveDefinirPropriedadesCorretamente(email: &quot;admin@company.net&quot;, password: &quot;admin123&quot;)" computerName="iMac-de-Bruno" duration="00:00:00.0066942" startTime="2025-09-25T19:11:57.0062600-03:00" endTime="2025-09-25T19:11:57.0062600-03:00" testType="13cdc9d9-ddb5-4fa4-a97d-d965ccfc6d4b" outcome="Passed" testListId="8c84fa94-04c1-424b-9868-57a2d4851a1d" relativeResultsDirectory="7e499793-90f5-4518-b7cd-844055554217" />
    <UnitTestResult executionId="db501acd-50c5-4ab5-92f1-cb1c1b44dc54" testId="159104f6-eb79-1c15-6755-1a4755d7ed51" testName="UserService.UnitTest.Application.Dtos.Responses.LoginUserResponseTests.LoginUserResponse_ComTodosValoresNulos_DevePermitirAtribuicao" computerName="iMac-de-Bruno" duration="00:00:00.0082095" startTime="2025-09-25T19:11:57.0899160-03:00" endTime="2025-09-25T19:11:57.0899160-03:00" testType="13cdc9d9-ddb5-4fa4-a97d-d965ccfc6d4b" outcome="Passed" testListId="8c84fa94-04c1-424b-9868-57a2d4851a1d" relativeResultsDirectory="db501acd-50c5-4ab5-92f1-cb1c1b44dc54" />
    <UnitTestResult executionId="7c70f47f-01fb-42b3-8ce4-fd5ff88e8f88" testId="b05efab7-1ebd-bef8-6ba5-abf4e1e5530e" testName="UserService.UnitTest.Application.Services.KeycloakServiceTests.LoginAsync_ComCredenciaisValidas_DeveRetornarToken" computerName="iMac-de-Bruno" duration="00:00:00.0152295" startTime="2025-09-25T19:11:57.2477100-03:00" endTime="2025-09-25T19:11:57.2477100-03:00" testType="13cdc9d9-ddb5-4fa4-a97d-d965ccfc6d4b" outcome="Passed" testListId="8c84fa94-04c1-424b-9868-57a2d4851a1d" relativeResultsDirectory="7c70f47f-01fb-42b3-8ce4-fd5ff88e8f88" />
    <UnitTestResult executionId="f0decfd4-6e5a-4fce-8ee1-63075f640794" testId="77c0768c-514d-6c68-1812-d761e9395ff3" testName="UserService.UnitTest.Domain.UserTests.Usuario_QuandoCriadoComBuilder_DeveConterDadosValidos" computerName="iMac-de-Bruno" duration="00:00:00.2086593" startTime="2025-09-25T19:11:57.1475520-03:00" endTime="2025-09-25T19:11:57.1475520-03:00" testType="13cdc9d9-ddb5-4fa4-a97d-d965ccfc6d4b" outcome="Failed" testListId="8c84fa94-04c1-424b-9868-57a2d4851a1d" relativeResultsDirectory="f0decfd4-6e5a-4fce-8ee1-63075f640794">
      <Output>
        <ErrorInfo>
          <Message>Expected user.CreatedAt to be within 1d from &lt;2025-09-25 22:11:56.952989&gt;, but &lt;2025-09-24 21:59:56.6983156&gt; was off by 1d, 12m, 254ms and 673.4µs.</Message>
          <StackTrace>   at FluentAssertions.Execution.XUnit2TestFramework.Throw(String message)
   at FluentAssertions.Execution.TestFrameworkProvider.Throw(String message)
   at FluentAssertions.Execution.DefaultAssertionStrategy.HandleFailure(String message)
   at FluentAssertions.Execution.AssertionScope.FailWith(Func`1 failReasonFunc)
   at FluentAssertions.Execution.AssertionScope.FailWith(Func`1 failReasonFunc)
   at FluentAssertions.Execution.AssertionScope.FailWith(String message, Object[] args)
   at FluentAssertions.Primitives.DateTimeAssertions`1.BeCloseTo(DateTime nearbyTime, TimeSpan precision, String because, Object[] becauseArgs)
   at UserService.UnitTest.Domain.UserTests.Usuario_QuandoCriadoComBuilder_DeveConterDadosValidos() in /Users/diasbruno/Documents/programacao/codigos/dotnet/bcommerce/backend/src/Services/UserService/UserService.UnitTest/Domain/UserTests.cs:line 171
   at System.RuntimeMethodHandle.InvokeMethod(Object target, Void** arguments, Signature sig, Boolean isConstructor)
   at System.Reflection.MethodBaseInvoker.InvokeWithNoArgs(Object obj, BindingFlags invokeAttr)</StackTrace>
        </ErrorInfo>
      </Output>
    </UnitTestResult>
    <UnitTestResult executionId="4c699ee3-88e7-437d-ae4b-c04f7f340612" testId="fb4e8043-1be8-a3b6-ace5-e1812c7d0171" testName="UserService.UnitTest.Application.Dtos.Keycloak.LoginUserKeycloakTests.LoginUserKeycloak_ComEmailsComDominiosVariados_DevePermitirCriacao" computerName="iMac-de-Bruno" duration="00:00:00.0065264" startTime="2025-09-25T19:11:57.1896670-03:00" endTime="2025-09-25T19:11:57.1896670-03:00" testType="13cdc9d9-ddb5-4fa4-a97d-d965ccfc6d4b" outcome="Passed" testListId="8c84fa94-04c1-424b-9868-57a2d4851a1d" relativeResultsDirectory="4c699ee3-88e7-437d-ae4b-c04f7f340612" />
    <UnitTestResult executionId="a34dcaf2-d601-4766-b3de-4d50d4693fcd" testId="ad5f916d-7de8-7fad-1705-26caca99041f" testName="UserService.UnitTest.Application.Services.PasswordEncripterTests.VerifyPassword_ComDiferentesCombinacoes_DeveRetornarResultadoCorreto(originalPassword: &quot;MinhaSenh@123&quot;, testPassword: &quot;MinhaSenh@123&quot;, expectedResult: True)" computerName="iMac-de-Bruno" duration="00:00:00.2594687" startTime="2025-09-25T19:11:59.0404020-03:00" endTime="2025-09-25T19:11:59.0404030-03:00" testType="13cdc9d9-ddb5-4fa4-a97d-d965ccfc6d4b" outcome="Passed" testListId="8c84fa94-04c1-424b-9868-57a2d4851a1d" relativeResultsDirectory="a34dcaf2-d601-4766-b3de-4d50d4693fcd" />
    <UnitTestResult executionId="3f36f00b-2ec0-46d1-b984-4fa4729de144" testId="e44fe725-b575-6f4a-5e8e-46f6a09a49db" testName="UserService.UnitTest.Application.Dtos.Keycloak.LoginUserKeycloakTests.LoginUserKeycloak_ComDadosValidos_DeveDefinirPropriedadesCorretamente" computerName="iMac-de-Bruno" duration="00:00:00.0019905" startTime="2025-09-25T19:11:57.1935640-03:00" endTime="2025-09-25T19:11:57.1935640-03:00" testType="13cdc9d9-ddb5-4fa4-a97d-d965ccfc6d4b" outcome="Passed" testListId="8c84fa94-04c1-424b-9868-57a2d4851a1d" relativeResultsDirectory="3f36f00b-2ec0-46d1-b984-4fa4729de144" />
    <UnitTestResult executionId="8ca80096-4d08-4a45-9a47-92b5895ccec0" testId="dfffac1e-78f0-5445-18b0-a7609894571f" testName="UserService.UnitTest.Application.Dtos.Keycloak.CreateUserKeycloakTests.CreateUserKeycloak_ComNomeVazioOuEspacos_DevePermitirCriacao(firstName: &quot;   &quot;)" computerName="iMac-de-Bruno" duration="00:00:00.0192361" startTime="2025-09-25T19:11:57.0052020-03:00" endTime="2025-09-25T19:11:57.0052030-03:00" testType="13cdc9d9-ddb5-4fa4-a97d-d965ccfc6d4b" outcome="Passed" testListId="8c84fa94-04c1-424b-9868-57a2d4851a1d" relativeResultsDirectory="8ca80096-4d08-4a45-9a47-92b5895ccec0" />
    <UnitTestResult executionId="6a63c751-d8b2-4a9d-97f4-1fb943fb5202" testId="98212644-d194-40f8-f990-1100931aab24" testName="UserService.UnitTest.Application.Dtos.Responses.CreateUserResponseTests.CreateUserResponse_ComNomesNulos_DevePermitirAtribuicao" computerName="iMac-de-Bruno" duration="00:00:00.0089958" startTime="2025-09-25T19:11:56.9832280-03:00" endTime="2025-09-25T19:11:56.9832280-03:00" testType="13cdc9d9-ddb5-4fa4-a97d-d965ccfc6d4b" outcome="Passed" testListId="8c84fa94-04c1-424b-9868-57a2d4851a1d" relativeResultsDirectory="6a63c751-d8b2-4a9d-97f4-1fb943fb5202" />
    <UnitTestResult executionId="12627c4d-26f4-4b97-8485-f346239f3274" testId="91a43f25-3310-9dee-b091-2cf37d2dd2a2" testName="UserService.UnitTest.Application.Dtos.Requests.CreateUserRequestTests.CreateUserRequest_ComSenhaVaziaOuEspacos_DevePermitirAtribuicao(password: &quot;&quot;)" computerName="iMac-de-Bruno" duration="00:00:00.0151533" startTime="2025-09-25T19:11:56.8810420-03:00" endTime="2025-09-25T19:11:56.8810420-03:00" testType="13cdc9d9-ddb5-4fa4-a97d-d965ccfc6d4b" outcome="Passed" testListId="8c84fa94-04c1-424b-9868-57a2d4851a1d" relativeResultsDirectory="12627c4d-26f4-4b97-8485-f346239f3274" />
    <UnitTestResult executionId="cdbc8bfd-e72e-4498-b45b-16841909a604" testId="0b5edc04-4e18-c4ac-4387-717b7ddaaef2" testName="UserService.UnitTest.Application.Dtos.Keycloak.LoginUserKeycloakTests.LoginUserKeycloak_ComSenhaVaziaOuEspacos_DevePermitirCriacao(password: &quot;   &quot;)" computerName="iMac-de-Bruno" duration="00:00:00.0035022" startTime="2025-09-25T19:11:57.1672110-03:00" endTime="2025-09-25T19:11:57.1672110-03:00" testType="13cdc9d9-ddb5-4fa4-a97d-d965ccfc6d4b" outcome="Passed" testListId="8c84fa94-04c1-424b-9868-57a2d4851a1d" relativeResultsDirectory="cdbc8bfd-e72e-4498-b45b-16841909a604" />
    <UnitTestResult executionId="55f4af5d-d7c5-447d-ae54-a1f2d0371734" testId="63551efc-83f9-ad65-fc6c-5aba8aad3785" testName="UserService.UnitTest.Application.Dtos.Responses.CreateUserResponseTests.CreateUserResponse_ComPropriedadesBasicas_DeveDefinirCorretamente" computerName="iMac-de-Bruno" duration="00:00:00.0023609" startTime="2025-09-25T19:11:56.9287120-03:00" endTime="2025-09-25T19:11:56.9287120-03:00" testType="13cdc9d9-ddb5-4fa4-a97d-d965ccfc6d4b" outcome="Passed" testListId="8c84fa94-04c1-424b-9868-57a2d4851a1d" relativeResultsDirectory="55f4af5d-d7c5-447d-ae54-a1f2d0371734" />
    <UnitTestResult executionId="6426e2d4-c47f-4e0c-9756-41bcec3b8186" testId="086109bb-4851-86ac-8048-855ebf2ac4dd" testName="UserService.UnitTest.Application.Dtos.Requests.CreateUserRequestTests.CreateUserRequest_ComDiferentesCombinacoesDeDados_DeveDefinirPropriedadesCorretamente(email: &quot;admin@company.net&quot;, password: &quot;Admin123!&quot;, firstName: &quot;Pedro&quot;, lastName: &quot;Oliveira&quot;, newsletterOptIn: True)" computerName="iMac-de-Bruno" duration="00:00:00.0135934" startTime="2025-09-25T19:11:56.9673330-03:00" endTime="2025-09-25T19:11:56.9673330-03:00" testType="13cdc9d9-ddb5-4fa4-a97d-d965ccfc6d4b" outcome="Passed" testListId="8c84fa94-04c1-424b-9868-57a2d4851a1d" relativeResultsDirectory="6426e2d4-c47f-4e0c-9756-41bcec3b8186" />
    <UnitTestResult executionId="3710be3d-a97f-4308-82ce-9761303ac6ab" testId="5419300a-98b1-ab73-bf98-3b97b18b7197" testName="UserService.UnitTest.Application.Dtos.Requests.CreateUserRequestTests.CreateUserRequest_ComDiferentesValoresNewsletterOptIn_DeveDefinirCorretamente(newsletterOptIn: True)" computerName="iMac-de-Bruno" duration="00:00:00.0080422" startTime="2025-09-25T19:11:57.0136960-03:00" endTime="2025-09-25T19:11:57.0136960-03:00" testType="13cdc9d9-ddb5-4fa4-a97d-d965ccfc6d4b" outcome="Passed" testListId="8c84fa94-04c1-424b-9868-57a2d4851a1d" relativeResultsDirectory="3710be3d-a97f-4308-82ce-9761303ac6ab" />
    <UnitTestResult executionId="a6f54b51-207e-47a2-ab07-711ed42faa6a" testId="8ad9e2fc-bb4a-628d-20d6-9b682849afbc" testName="UserService.UnitTest.Application.Dtos.Keycloak.CreateUserKeycloakTests.CreateUserKeycloak_DeveSerRecord_ComIgualdadeCorreta" computerName="iMac-de-Bruno" duration="00:00:00.0141856" startTime="2025-09-25T19:11:57.0801010-03:00" endTime="2025-09-25T19:11:57.0801010-03:00" testType="13cdc9d9-ddb5-4fa4-a97d-d965ccfc6d4b" outcome="Passed" testListId="8c84fa94-04c1-424b-9868-57a2d4851a1d" relativeResultsDirectory="a6f54b51-207e-47a2-ab07-711ed42faa6a" />
    <UnitTestResult executionId="5b465290-567b-4728-b1bf-cb71c352fc39" testId="c456ba12-b1e4-9738-717f-8bfea1b5b728" testName="UserService.UnitTest.Application.Dtos.Keycloak.LoginUserKeycloakTests.LoginUserKeycloak_ComSenhasComCaracteresEspeciais_DevePermitirCriacao" computerName="iMac-de-Bruno" duration="00:00:00.0024607" startTime="2025-09-25T19:11:57.2054910-03:00" endTime="2025-09-25T19:11:57.2054920-03:00" testType="13cdc9d9-ddb5-4fa4-a97d-d965ccfc6d4b" outcome="Passed" testListId="8c84fa94-04c1-424b-9868-57a2d4851a1d" relativeResultsDirectory="5b465290-567b-4728-b1bf-cb71c352fc39" />
[...]
    <TestEntry testId="4b5865a6-7130-4ee3-4f6a-51455f5ae41c" executionId="dbc9d792-067c-4599-a585-65c3b2363053" testListId="8c84fa94-04c1-424b-9868-57a2d4851a1d" />
    <TestEntry testId="f257391b-3a40-c27b-61ef-2e778289cdae" executionId="e9da99eb-3c4e-49ce-8091-d0bd02746614" testListId="8c84fa94-04c1-424b-9868-57a2d4851a1d" />
    <TestEntry testId="0ba21bfd-2612-6a9e-d512-e76f7cdd53a9" executionId="408ec01f-330e-4699-9054-6de8878636a2" testListId="8c84fa94-04c1-424b-9868-57a2d4851a1d" />
    <TestEntry testId="52ed97e2-360f-9d0a-658b-04f22e2f374f" executionId="96c88462-a700-4116-aba7-3276114a4a75" testListId="8c84fa94-04c1-424b-9868-57a2d4851a1d" />
    <TestEntry testId="94c2b6de-5241-d485-ac8e-41560f178d01" executionId="1baa7b0e-632e-47b2-9cb4-eb6057b4f26f" testListId="8c84fa94-04c1-424b-9868-57a2d4851a1d" />
    <TestEntry testId="de239b90-b605-59bc-881a-9849b83cab21" executionId="9b2644ad-c5aa-43ae-b699-9bccd2f27462" testListId="8c84fa94-04c1-424b-9868-57a2d4851a1d" />
    <TestEntry testId="fa0a95aa-2c09-8e24-ee1f-90b644f6c541" executionId="527e4dc0-d0aa-41b6-84cc-4eed502a5c23" testListId="8c84fa94-04c1-424b-9868-57a2d4851a1d" />
    <TestEntry testId="6db8dbd3-7b5f-7324-b691-1ab92965e592" executionId="4ab805ae-6ad5-4179-8d52-0e40faf52c37" testListId="8c84fa94-04c1-424b-9868-57a2d4851a1d" />
    <TestEntry testId="5844cf9d-d151-80a2-e86b-d98f9de3c340" executionId="ef9d7133-829d-4f22-858d-6c9d35a2ebc7" testListId="8c84fa94-04c1-424b-9868-57a2d4851a1d" />
    <TestEntry testId="fb095c6b-ef89-7c80-525c-de74a5eb5df3" executionId="7cbdf27b-c82f-48d8-a18b-42e76f031f20" testListId="8c84fa94-04c1-424b-9868-57a2d4851a1d" />
    <TestEntry testId="6da30459-8d51-b30f-28ae-6a40ce6af825" executionId="4067ccfe-9241-4708-bedd-249a3dea6f08" testListId="8c84fa94-04c1-424b-9868-57a2d4851a1d" />
    <TestEntry testId="a655f03f-04ab-3f43-8793-397ba77d999a" executionId="ecbf415c-38e4-4e8b-b6d9-c3525b96a506" testListId="8c84fa94-04c1-424b-9868-57a2d4851a1d" />
    <TestEntry testId="6e09464b-843d-f2ce-e00c-4cd1a0bc9135" executionId="1fb0827d-76c1-4ae2-82d7-bb8a0f23cc93" testListId="8c84fa94-04c1-424b-9868-57a2d4851a1d" />
    <TestEntry testId="4a8777a8-dccb-6e9c-0f8a-78e986de79cb" executionId="acdbeda4-de9b-487a-96ff-2c653cc56252" testListId="8c84fa94-04c1-424b-9868-57a2d4851a1d" />
    <TestEntry testId="5472f781-1150-479a-0d10-2e5fabc0b72f" executionId="72bfc5fa-9d94-4e0d-8a0d-aeead028f327" testListId="8c84fa94-04c1-424b-9868-57a2d4851a1d" />
    <TestEntry testId="414134f3-58d7-42a3-8133-e2dd29b54451" executionId="bf5fd37b-d0d8-47ef-b4c7-0704ba2ed521" testListId="8c84fa94-04c1-424b-9868-57a2d4851a1d" />
    <TestEntry testId="cc234b36-f0df-dc23-3cca-bb9fc67efa0f" executionId="60a2676e-65e3-4d8a-95ab-1febe17e4b26" testListId="8c84fa94-04c1-424b-9868-57a2d4851a1d" />
    <TestEntry testId="cf5a24a9-4080-92c2-4e30-103efe359ce9" executionId="96cb9187-fde0-4fcc-b179-ec8a4319223f" testListId="8c84fa94-04c1-424b-9868-57a2d4851a1d" />
    <TestEntry testId="9c766e7e-ae27-4f8f-2f21-9970a9ba61fb" executionId="b5f023ec-28c3-40f4-93a3-cac9e392838a" testListId="8c84fa94-04c1-424b-9868-57a2d4851a1d" />
    <TestEntry testId="6ac0c70b-d31f-4e55-f241-059d9fc6af8d" executionId="4f9cbb49-6385-46a8-ab7c-abf12dd6c944" testListId="8c84fa94-04c1-424b-9868-57a2d4851a1d" />
    <TestEntry testId="40267795-dc66-6ccc-4acd-9fb940d31784" executionId="2772aadc-9f3c-4920-865e-e4264db6dd96" testListId="8c84fa94-04c1-424b-9868-57a2d4851a1d" />
    <TestEntry testId="63366a20-6db0-419c-82ee-cfc1077912c7" executionId="05b5d5de-5610-48c9-9edf-30ef7421a73d" testListId="8c84fa94-04c1-424b-9868-57a2d4851a1d" />
    <TestEntry testId="b2a3e007-cd49-208a-a870-adc8ac444bd3" executionId="07917220-b32a-484d-9dc7-c1c94e1cc564" testListId="8c84fa94-04c1-424b-9868-57a2d4851a1d" />
    <TestEntry testId="2be66668-c2f3-3050-1567-934895ed4271" executionId="b9978ab0-5569-4605-8611-3d36f253b815" testListId="8c84fa94-04c1-424b-9868-57a2d4851a1d" />
    <TestEntry testId="090d0a31-3c26-6ead-5f5a-dd50f9b42ffc" executionId="c9f3da9f-b059-41a3-b1b7-175fd1ae5e42" testListId="8c84fa94-04c1-424b-9868-57a2d4851a1d" />
    <TestEntry testId="c8b241df-b57a-7afc-ce65-bc6f4fe57d65" executionId="20afe3c4-c3f8-430b-92a2-709b80212ede" testListId="8c84fa94-04c1-424b-9868-57a2d4851a1d" />
    <TestEntry testId="5e8a1a7b-63fd-ef39-f9dc-927456d0cd7a" executionId="b8f8ca05-df50-4578-bfd5-79b1801112b2" testListId="8c84fa94-04c1-424b-9868-57a2d4851a1d" />
    <TestEntry testId="a02ff287-97b3-5f57-60b5-31628fd9cbb4" executionId="4908eb23-6177-4746-9e96-1ea503021acd" testListId="8c84fa94-04c1-424b-9868-57a2d4851a1d" />
    <TestEntry testId="ed8fd7b5-fd68-aba1-5990-e3b2c6e291bd" executionId="385da0cb-5413-46c4-8ece-7416c60f3b8b" testListId="8c84fa94-04c1-424b-9868-57a2d4851a1d" />
    <TestEntry testId="3853b90a-2672-1f1c-cb47-9a8657691f74" executionId="ad5a55bf-8142-4c51-93a3-f20d9648ccd6" testListId="8c84fa94-04c1-424b-9868-57a2d4851a1d" />
    <TestEntry testId="04460148-2641-a79d-220c-bb2c293f100f" executionId="8c1d723c-64d6-4d91-b9b1-32a34e4a2719" testListId="8c84fa94-04c1-424b-9868-57a2d4851a1d" />
    <TestEntry testId="bc5c4759-edfa-f30e-f4d0-0354fe026593" executionId="0635ebe6-8832-4044-9633-fd79e5e17379" testListId="8c84fa94-04c1-424b-9868-57a2d4851a1d" />
    <TestEntry testId="f729a349-2432-6996-746c-8014e568a6b3" executionId="240d1d98-6f15-46a8-bbbb-75d23d87ed45" testListId="8c84fa94-04c1-424b-9868-57a2d4851a1d" />
    <TestEntry testId="6415e2ed-39aa-afa9-bb78-ac012cc586fb" executionId="5095fb81-12d9-4efe-8d53-7347cd8267bd" testListId="8c84fa94-04c1-424b-9868-57a2d4851a1d" />
    <TestEntry testId="34a07d72-0db6-b075-6ccb-662b30076737" executionId="24343e38-59c1-40b2-9a37-f290359035da" testListId="8c84fa94-04c1-424b-9868-57a2d4851a1d" />
    <TestEntry testId="8e4d3555-f949-af94-befc-35b2d860fb59" executionId="45d29c3d-93f1-4a1a-96a9-57a0772039a3" testListId="8c84fa94-04c1-424b-9868-57a2d4851a1d" />
    <TestEntry testId="388b6e0c-13dd-b7a5-2fc2-3731d54c42f3" executionId="e044e4ba-a3cd-46a9-b272-7bff13f4a0bb" testListId="8c84fa94-04c1-424b-9868-57a2d4851a1d" />
    <TestEntry testId="a9e38d59-78a4-c80b-44bd-54e6e0d52647" executionId="91da559e-e90d-499a-872b-f3fd507e931d" testListId="8c84fa94-04c1-424b-9868-57a2d4851a1d" />
    <TestEntry testId="6c9747e9-bd57-8249-8a7f-864315c9ac24" executionId="0723f59b-3f8e-40e0-b815-54a30c7f8b59" testListId="8c84fa94-04c1-424b-9868-57a2d4851a1d" />
    <TestEntry testId="ca84de6c-cf9f-5b23-afbf-1743b69cec30" executionId="726d5724-3835-46d3-a272-da71c837d53c" testListId="8c84fa94-04c1-424b-9868-57a2d4851a1d" />
    <TestEntry testId="63697932-2986-880a-55c5-32c06b77f11b" executionId="f4a07e5b-e757-4b02-9e5f-2ebac2f51af0" testListId="8c84fa94-04c1-424b-9868-57a2d4851a1d" />
    <TestEntry testId="cdbf9444-aba6-6b34-3425-8f44fe4f52b2" executionId="926753ff-cee2-4fe9-b72c-d7a8414c3c98" testListId="8c84fa94-04c1-424b-9868-57a2d4851a1d" />
    <TestEntry testId="1971d78d-d90b-8b5b-2193-80ba0ab46f86" executionId="7e954a8c-6cfc-4bf8-8474-ab042f3358f8" testListId="8c84fa94-04c1-424b-9868-57a2d4851a1d" />
    <TestEntry testId="beed8b53-967c-b437-29a7-7caedf262cbb" executionId="a03b59dc-c059-4fe8-acc6-77e6f849ab2d" testListId="8c84fa94-04c1-424b-9868-57a2d4851a1d" />
    <TestEntry testId="85e97acb-11de-08df-905a-21d5d5888d29" executionId="4c1211c5-44dc-4ab8-80d7-afaaa3544706" testListId="8c84fa94-04c1-424b-9868-57a2d4851a1d" />
    <TestEntry testId="61f1e916-f7d2-9c70-1f9f-c8fae1845eae" executionId="f2c1fb05-4ec1-4bcf-bf33-e89839ae6f52" testListId="8c84fa94-04c1-424b-9868-57a2d4851a1d" />
    <TestEntry testId="4981f8ca-67b0-28b7-16fb-bd68d0fadc37" executionId="ca48f219-221a-4fa7-8726-fa009ef4af01" testListId="8c84fa94-04c1-424b-9868-57a2d4851a1d" />
    <TestEntry testId="754684df-2078-e9d9-05ec-2216a102cf01" executionId="71728f9b-8ad6-4471-aac5-4f6552ad90af" testListId="8c84fa94-04c1-424b-9868-57a2d4851a1d" />
    <TestEntry testId="48561c54-6a4b-b8c4-7322-8c229edf3aee" executionId="baab9751-e7af-4b55-bc17-9d3bf033a5ee" testListId="8c84fa94-04c1-424b-9868-57a2d4851a1d" />
    <TestEntry testId="f004bd56-4237-fb56-b159-57cfea5e0649" executionId="c386d2de-1dee-4f5b-8faf-11c11ae834e3" testListId="8c84fa94-04c1-424b-9868-57a2d4851a1d" />
    <TestEntry testId="d07ea7a5-c866-35f6-fba6-bbeb61c2cbd4" executionId="1359b843-9bc8-4c38-8103-4be838dfede2" testListId="8c84fa94-04c1-424b-9868-57a2d4851a1d" />
    <TestEntry testId="a6b1b7ac-423b-b64b-51be-ac14931efb88" executionId="694a4852-5dc5-467e-b76f-16469459e3fb" testListId="8c84fa94-04c1-424b-9868-57a2d4851a1d" />
    <TestEntry testId="8605a51f-5b53-b458-2eee-61ca30b6c49e" executionId="7ac80f84-6ca3-418f-b032-751496d6a093" testListId="8c84fa94-04c1-424b-9868-57a2d4851a1d" />
    <TestEntry testId="64e11116-f5cb-bd3b-2e3c-4f33a15a2949" executionId="610fed50-967d-4132-b3a6-34fc2475205b" testListId="8c84fa94-04c1-424b-9868-57a2d4851a1d" />
    <TestEntry testId="ee8dd72d-e27b-e47a-e9ab-ea48b4ee24c7" executionId="fca45273-5b08-4146-b16f-e3552a70ff37" testListId="8c84fa94-04c1-424b-9868-57a2d4851a1d" />
    <TestEntry testId="c4ff8b3d-e919-3d50-b132-1b2dbc4179a6" executionId="d269a9d7-95c4-407b-ac75-8eaa6e0d22b0" testListId="8c84fa94-04c1-424b-9868-57a2d4851a1d" />
    <TestEntry testId="1bdb6140-e78c-1d86-2209-d2ec03185fc5" executionId="5298728c-565a-4556-bc3c-b0b46682fa6a" testListId="8c84fa94-04c1-424b-9868-57a2d4851a1d" />
    <TestEntry testId="0e5fcfee-bd6d-f45f-061a-0b8ebdec31cd" executionId="23505bff-0e21-46cd-867e-334296328736" testListId="8c84fa94-04c1-424b-9868-57a2d4851a1d" />
    <TestEntry testId="bb35b0ea-0a5f-40e6-f51d-49c9b4409aee" executionId="59f134d9-cf76-4007-9263-5007ab781d13" testListId="8c84fa94-04c1-424b-9868-57a2d4851a1d" />
    <TestEntry testId="f7068f37-243f-6241-9d48-0587635c77e0" executionId="8d09e078-cb9c-40e2-80dd-289b38b733ea" testListId="8c84fa94-04c1-424b-9868-57a2d4851a1d" />
    <TestEntry testId="8bc2d5de-2e39-fb3e-290f-c92f9624e7e3" executionId="26a260dd-2688-43d2-bede-329319fa9091" testListId="8c84fa94-04c1-424b-9868-57a2d4851a1d" />
    <TestEntry testId="ff68200b-b0bf-e5fc-2918-72089de7bd93" executionId="a53e4780-3b3f-4e0d-98b0-8f8d5305f210" testListId="8c84fa94-04c1-424b-9868-57a2d4851a1d" />
    <TestEntry testId="0c3f05e8-f904-c7ee-3d10-d355752717ad" executionId="d91065c1-3104-485a-add8-ee16294b53bd" testListId="8c84fa94-04c1-424b-9868-57a2d4851a1d" />
    <TestEntry testId="3585b56d-a5f1-f683-7400-c0bfac8126e5" executionId="87659d21-fe75-4d5b-af3f-137047a025c9" testListId="8c84fa94-04c1-424b-9868-57a2d4851a1d" />
    <TestEntry testId="52610562-4e87-9bc0-3f6e-3a8d1eb26cfc" executionId="05e7725c-7035-4d62-9f9c-a5eb40631477" testListId="8c84fa94-04c1-424b-9868-57a2d4851a1d" />
    <TestEntry testId="b69a7e55-e708-888c-36a6-d240809edd1d" executionId="589be519-007b-4438-bbf9-628732a18603" testListId="8c84fa94-04c1-424b-9868-57a2d4851a1d" />
    <TestEntry testId="b0f95758-67ad-2207-a23b-1a1ecc3898ca" executionId="1ddd5b61-495a-42e5-9272-004dd993505e" testListId="8c84fa94-04c1-424b-9868-57a2d4851a1d" />
    <TestEntry testId="b624b957-033e-f1f6-e698-ab5559eeeca7" executionId="be0c8bc4-1131-48c4-99db-114eb58447bc" testListId="8c84fa94-04c1-424b-9868-57a2d4851a1d" />
  </TestEntries>
  <TestLists>
    <TestList name="Resultados que não estão em uma lista" id="8c84fa94-04c1-424b-9868-57a2d4851a1d" />
    <TestList name="Todos os resultados carregados" id="19431567-8539-422a-85d7-44ee4e166bda" />
  </TestLists>
  <ResultSummary outcome="Failed">
    <Counters total="267" executed="267" passed="265" failed="2" error="0" timeout="0" aborted="0" inconclusive="0" passedButRunAborted="0" notRunnable="0" notExecuted="0" disconnected="0" warning="0" completed="0" inProgress="0" pending="0" />
    <Output>
      <StdOut>[xUnit.net 00:00:00.00] xUnit.net VSTest Adapter v2.5.3.1+6b60a9e56a (64-bit .NET 8.0.20)
[xUnit.net 00:00:00.09]   Discovering: UserService.UnitTest
[xUnit.net 00:00:00.20]   Discovered:  UserService.UnitTest
[xUnit.net 00:00:00.20]   Starting:    UserService.UnitTest
Mock called with URI: http://localhost:8080/realms/master/protocol/openid-connect/token
Method: POST
Handling user login request
Login request content: grant_type=password&amp;client_id=admin-cli&amp;username=admin&amp;password=admin-password
Returning successful login response
[xUnit.net 00:00:00.64]       Expected user.CreatedAt to be within 1d from &lt;2025-09-25 22:11:56.952989&gt;, but &lt;2025-09-24 21:59:56.6983156&gt; was off by 1d, 12m, 254ms and 673.4µs.
[xUnit.net 00:00:00.64]       Stack Trace:
[xUnit.net 00:00:00.64]            at FluentAssertions.Execution.XUnit2TestFramework.Throw(String message)
[xUnit.net 00:00:00.64]            at FluentAssertions.Execution.TestFrameworkProvider.Throw(String message)
[xUnit.net 00:00:00.64]            at FluentAssertions.Execution.DefaultAssertionStrategy.HandleFailure(String message)
[xUnit.net 00:00:00.64]            at FluentAssertions.Execution.AssertionScope.FailWith(Func`1 failReasonFunc)
[xUnit.net 00:00:00.64]            at FluentAssertions.Execution.AssertionScope.FailWith(Func`1 failReasonFunc)
[xUnit.net 00:00:00.64]            at FluentAssertions.Execution.AssertionScope.FailWith(String message, Object[] args)
[xUnit.net 00:00:00.64]            at FluentAssertions.Primitives.DateTimeAssertions`1.BeCloseTo(DateTime nearbyTime, TimeSpan precision, String because, Object[] becauseArgs)
[xUnit.net 00:00:00.64]         /Users/diasbruno/Documents/programacao/codigos/dotnet/bcommerce/backend/src/Services/UserService/UserService.UnitTest/Domain/UserTests.cs(171,0): at UserService.UnitTest.Domain.UserTests.Usuario_QuandoCriadoComBuilder_DeveConterDadosValidos()
[xUnit.net 00:00:00.64]            at System.RuntimeMethodHandle.InvokeMethod(Object target, Void** arguments, Signature sig, Boolean isConstructor)
[xUnit.net 00:00:00.64]            at System.Reflection.MethodBaseInvoker.InvokeWithNoArgs(Object obj, BindingFlags invokeAttr)
[xUnit.net 00:00:00.65]       Expected loginKeycloak.Email.Length to be 111, but found 112 (difference of 1).
[xUnit.net 00:00:00.65]       Stack Trace:
[xUnit.net 00:00:00.65]            at FluentAssertions.Execution.XUnit2TestFramework.Throw(String message)
[xUnit.net 00:00:00.65]            at FluentAssertions.Execution.TestFrameworkProvider.Throw(String message)
[xUnit.net 00:00:00.65]            at FluentAssertions.Execution.DefaultAssertionStrategy.HandleFailure(String message)
[xUnit.net 00:00:00.65]            at FluentAssertions.Execution.AssertionScope.FailWith(Func`1 failReasonFunc)
[xUnit.net 00:00:00.65]            at FluentAssertions.Execution.AssertionScope.FailWith(Func`1 failReasonFunc)
[xUnit.net 00:00:00.65]            at FluentAssertions.Execution.AssertionScope.FailWith(String message, Object[] args)
[xUnit.net 00:00:00.65]            at FluentAssertions.Numeric.NumericAssertions`2.Be(T expected, String because, Object[] becauseArgs)
[xUnit.net 00:00:00.65]         /Users/diasbruno/Documents/programacao/codigos/dotnet/bcommerce/backend/src/Services/UserService/UserService.UnitTest/Application/Dtos/Keycloak/LoginUserKeycloakTests.cs(203,0): at UserService.UnitTest.Application.Dtos.Keycloak.LoginUserKeycloakTests.LoginUserKeycloak_ComEmailLongo_DevePermitirCriacao()
[xUnit.net 00:00:00.65]            at System.RuntimeMethodHandle.InvokeMethod(Object target, Void** arguments, Signature sig, Boolean isConstructor)
[xUnit.net 00:00:00.65]            at System.Reflection.MethodBaseInvoker.InvokeWithNoArgs(Object obj, BindingFlags invokeAttr)
Mock called with URI: http://localhost:8080/admin/realms/test-realm/users?email=usuario.inexistente%40email.com&amp;exact=true
Method: GET
Mock called with URI: http://localhost:8080/realms/master/protocol/openid-connect/token
Method: POST
Handling user login request
Login request content: grant_type=password&amp;client_id=admin-cli&amp;username=admin&amp;password=admin-password
Returning successful login response
Mock called with URI: http://localhost:8080/admin/realms/test-realm/users
Method: POST
Mock called with URI: http://localhost:8080/realms/master/protocol/openid-connect/token
Method: POST
Handling user login request
Login request content: grant_type=password&amp;client_id=admin-cli&amp;username=admin&amp;password=admin-password
Returning successful login response
Mock called with URI: http://localhost:8080/admin/realms/test-realm/roles/user
Method: GET
Mock called with URI: http://localhost:8080/admin/realms/test-realm/users/bf03390b-c0cc-4615-a82a-c99831b519e5/role-mappings/realm
Method: POST
Mock called with URI: http://localhost:8080/realms/master/protocol/openid-connect/token
Method: POST
Handling user login request
Login request content: grant_type=password&amp;client_id=admin-cli&amp;username=admin&amp;password=admin-password
Returning successful login response
Mock called with URI: http://localhost:8080/admin/realms/test-realm/users/43464762-903d-419a-9167-462bfb6e292c
Method: DELETE
Mock called with URI: http://localhost:8080/realms/test-realm/protocol/openid-connect/token
Method: POST
Handling user login request
Login request content: grant_type=password&amp;client_id=frontend-client&amp;username=Fabio30%40hotmail.com&amp;password=MinhaSenh%40123&amp;scope=openid
Returning successful login response
Mock called with URI: http://localhost:8080/realms/master/protocol/openid-connect/token
Method: POST
Handling user login request
Login request content: grant_type=password&amp;client_id=admin-cli&amp;username=admin&amp;password=admin-password
Returning successful login response
Mock called with URI: http://localhost:8080/admin/realms/test-realm/users
Method: POST
Mock called with URI: http://localhost:8080/realms/master/protocol/openid-connect/token
Method: POST
Handling user login request
Login request content: grant_type=password&amp;client_id=admin-cli&amp;username=admin&amp;password=admin-password
Returning successful login response
Mock called with URI: http://localhost:8080/admin/realms/test-realm/users?email=test%40email.com&amp;exact=true
Method: GET
Mock called with URI: http://localhost:8080/realms/master/protocol/openid-connect/token
Method: POST
Handling user login request
Login request content: grant_type=password&amp;client_id=admin-cli&amp;username=admin&amp;password=admin-password
Returning successful login response
Mock called with URI: http://localhost:8080/admin/realms/test-realm/users/af842371-04ac-498b-9ae6-03e750d5d336/role-mappings/realm
Method: GET
Mock called with URI: http://localhost:8080/realms/test-realm/protocol/openid-connect/token
Method: POST
Handling user login request
Login request content: grant_type=password&amp;client_id=frontend-client&amp;username=Alicia.Costa%40yahoo.com&amp;password=SenhaIncorreta&amp;scope=openid
Returning 401 for invalid credentials
Mock called with URI: http://localhost:8080/realms/master/protocol/openid-connect/token
Method: POST
Handling user login request
Login request content: grant_type=password&amp;client_id=admin-cli&amp;username=admin&amp;password=admin-password
Returning successful login response
Mock called with URI: http://localhost:8080/admin/realms/test-realm/users/IdInvalido
Method: DELETE
[xUnit.net 00:00:05.36]   Finished:    UserService.UnitTest
</StdOut>
    </Output>
    <RunInfos>
      <RunInfo computerName="iMac-de-Bruno" outcome="Error" timestamp="2025-09-25T19:11:57.1446390-03:00">
        <Text>[xUnit.net 00:00:00.64]     UserService.UnitTest.Domain.UserTests.Usuario_QuandoCriadoComBuilder_DeveConterDadosValidos [FAIL]</Text>
      </RunInfo>
      <RunInfo computerName="iMac-de-Bruno" outcome="Error" timestamp="2025-09-25T19:11:57.1483650-03:00">
        <Text>[xUnit.net 00:00:00.65]     UserService.UnitTest.Application.Dtos.Keycloak.LoginUserKeycloakTests.LoginUserKeycloak_ComEmailLongo_DevePermitirCriacao [FAIL]</Text>
      </RunInfo>
    </RunInfos>
  </ResultSummary>
</TestRun>